[debug] [2019-01-23T01:53:17.262Z] ----------------------------------------------------------------------
[debug] [2019-01-23T01:53:17.264Z] Command:       /usr/local/bin/node /usr/local/bin/firebase deploy
[debug] [2019-01-23T01:53:17.264Z] CLI Version:   6.3.0
[debug] [2019-01-23T01:53:17.264Z] Platform:      darwin
[debug] [2019-01-23T01:53:17.264Z] Node Version:  v10.4.1
[debug] [2019-01-23T01:53:17.265Z] Time:          Tue Jan 22 2019 19:53:17 GMT-0600 (Central Standard Time)
[debug] [2019-01-23T01:53:17.265Z] ----------------------------------------------------------------------
[debug] 
[debug] [2019-01-23T01:53:17.274Z] > command requires scopes: ["email","openid","https://www.googleapis.com/auth/cloudplatformprojects.readonly","https://www.googleapis.com/auth/firebase","https://www.googleapis.com/auth/cloud-platform"]
[debug] [2019-01-23T01:53:17.274Z] > authorizing via signed-in user
[debug] [2019-01-23T01:53:17.274Z] [iam] checking project savour-deals for permissions ["cloudfunctions.functions.create","cloudfunctions.functions.delete","cloudfunctions.functions.get","cloudfunctions.functions.list","cloudfunctions.functions.update","cloudfunctions.operations.get","firebase.projects.get"]
[debug] [2019-01-23T01:53:17.275Z] >>> HTTP REQUEST POST https://cloudresourcemanager.googleapis.com/v1/projects/savour-deals:testIamPermissions  

[debug] [2019-01-23T01:53:17.496Z] <<< HTTP RESPONSE 200
[info] 
[info] === Deploying to 'savour-deals'...
[info] 
[info] i  deploying functions
[debug] [2019-01-23T01:53:19.461Z] > [functions] package.json contents: {
  "name": "functions",
  "description": "Cloud Functions for Firebase",
  "dependencies": {
    "@google/maps": "^0.5.5",
    "es6-promise": "^4.2.5",
    "firebase": "^5.7.3",
    "firebase-admin": "^6.5.0",
    "firebase-functions": "^2.1.0",
    "geofire": "^4.1.2",
    "isomorphic-fetch": "^2.2.1",
    "moment-timezone": "^0.5.23",
    "node-googleplaces": "^0.1.2",
    "stripe": "^6.20.1",
    "xmlhttprequest": "^1.8.0"
  },
  "private": true
}
[info] i  functions: ensuring necessary APIs are enabled...
[debug] [2019-01-23T01:53:19.462Z] >>> HTTP REQUEST GET https://servicemanagement.googleapis.com/v1/services/cloudfunctions.googleapis.com/projectSettings/savour-deals?view=CONSUMER_VIEW  
 
[debug] [2019-01-23T01:53:19.464Z] >>> HTTP REQUEST GET https://servicemanagement.googleapis.com/v1/services/runtimeconfig.googleapis.com/projectSettings/savour-deals?view=CONSUMER_VIEW  
 
[debug] [2019-01-23T01:53:20.108Z] <<< HTTP RESPONSE 200
[debug] [2019-01-23T01:53:20.166Z] <<< HTTP RESPONSE 200
[info] ✔  functions: all necessary APIs are enabled
[debug] [2019-01-23T01:53:20.168Z] >>> HTTP REQUEST GET https://cloudresourcemanager.googleapis.com/v1/projects/savour-deals  
 
[debug] [2019-01-23T01:53:20.377Z] <<< HTTP RESPONSE 200
[debug] [2019-01-23T01:53:20.378Z] >>> HTTP REQUEST GET https://mobilesdk-pa.googleapis.com/v1/projects/165647122349:getServerAppConfig  
 
[debug] [2019-01-23T01:53:20.559Z] <<< HTTP RESPONSE 200
[info] i  functions: preparing functions directory for uploading...
[debug] [2019-01-23T01:53:20.561Z] >>> HTTP REQUEST GET https://runtimeconfig.googleapis.com/v1beta1/projects/savour-deals/configs  
 
[debug] [2019-01-23T01:53:20.750Z] <<< HTTP RESPONSE 200
[debug] [2019-01-23T01:53:20.752Z] >>> HTTP REQUEST GET https://runtimeconfig.googleapis.com/v1beta1/projects/savour-deals/configs/keys/variables  
 
[debug] [2019-01-23T01:53:20.752Z] >>> HTTP REQUEST GET https://runtimeconfig.googleapis.com/v1beta1/projects/savour-deals/configs/subscriptions/variables  
 
[debug] [2019-01-23T01:53:20.898Z] <<< HTTP RESPONSE 200
[debug] [2019-01-23T01:53:20.899Z] >>> HTTP REQUEST GET https://runtimeconfig.googleapis.com/v1beta1/projects/savour-deals/configs/keys/variables/endpoint_secret  
 
[debug] [2019-01-23T01:53:20.900Z] >>> HTTP REQUEST GET https://runtimeconfig.googleapis.com/v1beta1/projects/savour-deals/configs/keys/variables/onesignal  
 
[debug] [2019-01-23T01:53:20.900Z] >>> HTTP REQUEST GET https://runtimeconfig.googleapis.com/v1beta1/projects/savour-deals/configs/keys/variables/onesignal_app_id  
 
[debug] [2019-01-23T01:53:20.901Z] >>> HTTP REQUEST GET https://runtimeconfig.googleapis.com/v1beta1/projects/savour-deals/configs/keys/variables/secret_key  
 
[debug] [2019-01-23T01:53:20.926Z] <<< HTTP RESPONSE 200
[debug] [2019-01-23T01:53:20.927Z] >>> HTTP REQUEST GET https://runtimeconfig.googleapis.com/v1beta1/projects/savour-deals/configs/subscriptions/variables/plan_1dollar  
 
[debug] [2019-01-23T01:53:21.068Z] <<< HTTP RESPONSE 200
[debug] [2019-01-23T01:53:21.070Z] <<< HTTP RESPONSE 200
[debug] [2019-01-23T01:53:21.143Z] <<< HTTP RESPONSE 200
[debug] [2019-01-23T01:53:21.148Z] <<< HTTP RESPONSE 200
[debug] [2019-01-23T01:53:21.156Z] <<< HTTP RESPONSE 200
[info] i  functions: packaged functions (44.12 KB) for uploading
[debug] [2019-01-23T01:53:21.572Z] >>> HTTP REQUEST POST https://cloudfunctions.googleapis.com/v1/projects/savour-deals/locations/us-central1/functions:generateUploadUrl  
 
[debug] [2019-01-23T01:53:21.896Z] <<< HTTP RESPONSE 200
[debug] [2019-01-23T01:53:21.897Z] >>> HTTP REQUEST PUT https://storage.googleapis.com/gcf-upload-us-central1-3cb390b2-933b-46e7-9942-160719c72807/e13a4dcf-364e-44ec-9285-66a377e2040d.zip?GoogleAccessId=service-165647122349@gcf-admin-robot.iam.gserviceaccount.com&Expires=1548210201&Signature=RvDMRWGPHHz3QNKdNShSRmf7jilhGW4UFfN23w%2By5o4WF%2F4OJfERbztSozYs3X7WLAwthKVCCf1Evj4doiOJKt9lEHy4DopEh9Ts5x5%2BflNmBcmME8AJGEedHMNtphYOy%2FjYSJ2zwBviV7AbG1z8jh4lcgTT5Uu5K%2Bg9hKIVTv87r%2BWF%2FEZIQBZ6FU9L5iispCS5jmU2yP64qiZSomjrnnV8d7exrw02wGf8ewcvyews%2FN5ky%2FVeu99p9GD0kWLK4aZDZJAeta28svNp0j5je0hGzVWuuWxrq8feVLXeE8Xh7eV4MS1GSs2bzBYOXR%2BceXSJ5SE9hn0dJMRbOOhR1w%3D%3D  

[debug] [2019-01-23T01:53:22.325Z] <<< HTTP RESPONSE 200
[info] ✔  functions: functions folder uploaded successfully
[debug] [2019-01-23T01:53:22.327Z] >>> HTTP REQUEST GET https://cloudfunctions.googleapis.com/v1/projects/savour-deals/locations/-/functions  
 
[debug] [2019-01-23T01:53:22.719Z] <<< HTTP RESPONSE 200
[info] i  functions: creating Node.js 6 function dealCreated(us-central1)...
[debug] [2019-01-23T01:53:22.722Z] Trigger is:  {"eventTrigger":{"resource":"projects/_/instances/savour-deals/refs/Deals/{dealId}","eventType":"providers/google.firebase.database/eventTypes/ref.create","service":"firebaseio.com"}}
[info] i  functions: updating Node.js 6 function incrementUserCount(us-central1)...
[debug] [2019-01-23T01:53:22.723Z] Trigger is:  {"eventTrigger":{"resource":"projects/_/instances/savour-deals/refs/Users/{userId}","eventType":"providers/google.firebase.database/eventTypes/ref.create","service":"firebaseio.com"}}
[info] i  functions: updating Node.js 6 function decrementUserCount(us-central1)...
[debug] [2019-01-23T01:53:22.723Z] Trigger is:  {"eventTrigger":{"resource":"projects/_/instances/savour-deals/refs/Users/{userId}","eventType":"providers/google.firebase.database/eventTypes/ref.delete","service":"firebaseio.com"}}
[info] i  functions: updating Node.js 6 function incrementVendorCount(us-central1)...
[debug] [2019-01-23T01:53:22.723Z] Trigger is:  {"eventTrigger":{"resource":"projects/_/instances/savour-deals/refs/VendorAccounts/{userId}","eventType":"providers/google.firebase.database/eventTypes/ref.create","service":"firebaseio.com"}}
[info] i  functions: updating Node.js 6 function decrementVendorAccount(us-central1)...
[debug] [2019-01-23T01:53:22.724Z] Trigger is:  {"eventTrigger":{"resource":"projects/_/instances/savour-deals/refs/VendorAccounts/{userId}","eventType":"providers/google.firebase.database/eventTypes/ref.delete","service":"firebaseio.com"}}
[info] i  functions: updating Node.js 6 function signup(us-central1)...
[debug] [2019-01-23T01:53:22.724Z] Trigger is:  {"eventTrigger":{"resource":"projects/savour-deals","eventType":"providers/firebase.auth/eventTypes/user.create","service":"firebaseauth.googleapis.com"}}
[info] i  functions: updating Node.js 6 function deleteAccount(us-central1)...
[debug] [2019-01-23T01:53:22.724Z] Trigger is:  {"eventTrigger":{"resource":"projects/savour-deals","eventType":"providers/firebase.auth/eventTypes/user.delete","service":"firebaseauth.googleapis.com"}}
[info] i  functions: updating Node.js 6 function updateVendor(us-central1)...
[debug] [2019-01-23T01:53:22.724Z] Trigger is:  {"eventTrigger":{"resource":"projects/_/instances/savour-deals/refs/Vendors/{newVendor}","eventType":"providers/google.firebase.database/eventTypes/ref.write","service":"firebaseio.com"}}
[info] i  functions: updating Node.js 6 function dealRedeemed(us-central1)...
[debug] [2019-01-23T01:53:22.724Z] Trigger is:  {"eventTrigger":{"resource":"projects/_/instances/savour-deals/refs/Deals/{deal}/redeemed/{user}","eventType":"providers/google.firebase.database/eventTypes/ref.create","service":"firebaseio.com"}}
[info] i  functions: updating Node.js 6 function loyaltyRedeemed(us-central1)...
[debug] [2019-01-23T01:53:22.725Z] Trigger is:  {"eventTrigger":{"resource":"projects/_/instances/savour-deals/refs/Users/{user}/loyalty/{vendor}/redemptions/count","eventType":"providers/google.firebase.database/eventTypes/ref.update","service":"firebaseio.com"}}
[info] i  functions: updating Node.js 6 function incrementStripe(us-central1)...
[debug] [2019-01-23T01:53:22.725Z] Trigger is:  {"httpsTrigger":{}}
[info] i  functions: updating Node.js 6 function userActiveChanged(us-central1)...
[debug] [2019-01-23T01:53:22.725Z] Trigger is:  {"eventTrigger":{"resource":"projects/_/instances/savour-deals/refs/Users/{user}/stripe/active","eventType":"providers/google.firebase.database/eventTypes/ref.write","service":"firebaseio.com"}}
[info] i  functions: updating Node.js 6 function updateStripeSubscription(us-central1)...
[debug] [2019-01-23T01:53:22.734Z] Trigger is:  {"httpsTrigger":{}}
[info] i  functions: updating Node.js 6 function createStripe(us-central1)...
[debug] [2019-01-23T01:53:22.735Z] Trigger is:  {"httpsTrigger":{}}
[info] i  functions: updating Node.js 6 function attachCardStripe(us-central1)...
[debug] [2019-01-23T01:53:22.735Z] Trigger is:  {"httpsTrigger":{}}
[info] i  functions: updating Node.js 6 function changeStripeSource(us-central1)...
[debug] [2019-01-23T01:53:22.735Z] Trigger is:  {"httpsTrigger":{}}
[info] i  functions: updating Node.js 6 function getCustomerStripe(us-central1)...
[debug] [2019-01-23T01:53:22.735Z] Trigger is:  {"httpsTrigger":{}}
[info] i  functions: updating Node.js 6 function getInvoiceStripe(us-central1)...
[debug] [2019-01-23T01:53:22.736Z] Trigger is:  {"httpsTrigger":{}}
[info] i  functions: updating Node.js 6 function events(us-central1)...
[debug] [2019-01-23T01:53:22.736Z] Trigger is:  {"httpsTrigger":{}}
[info] i  functions: updating Node.js 6 function handleStripeEvent(us-central1)...
[debug] [2019-01-23T01:53:22.736Z] Trigger is:  {"eventTrigger":{"resource":"projects/_/instances/savour-deals/refs/events/{event}","eventType":"providers/google.firebase.database/eventTypes/ref.create","service":"firebaseio.com"}}
[debug] [2019-01-23T01:53:22.740Z] >>> HTTP REQUEST POST https://cloudfunctions.googleapis.com/v1/projects/savour-deals/locations/us-central1/functions  

[debug] [2019-01-23T01:53:22.741Z] >>> HTTP REQUEST PATCH https://cloudfunctions.googleapis.com/v1/projects/savour-deals/locations/us-central1/functions/incrementUserCount {"updateMask":"sourceUploadUrl,name,labels,eventTrigger.resource,eventTrigger.eventType,eventTrigger.service"} 

[debug] [2019-01-23T01:53:22.742Z] >>> HTTP REQUEST PATCH https://cloudfunctions.googleapis.com/v1/projects/savour-deals/locations/us-central1/functions/decrementUserCount {"updateMask":"sourceUploadUrl,name,labels,eventTrigger.resource,eventTrigger.eventType,eventTrigger.service"} 

[debug] [2019-01-23T01:53:22.743Z] >>> HTTP REQUEST PATCH https://cloudfunctions.googleapis.com/v1/projects/savour-deals/locations/us-central1/functions/incrementVendorCount {"updateMask":"sourceUploadUrl,name,labels,eventTrigger.resource,eventTrigger.eventType,eventTrigger.service"} 

[debug] [2019-01-23T01:53:22.744Z] >>> HTTP REQUEST PATCH https://cloudfunctions.googleapis.com/v1/projects/savour-deals/locations/us-central1/functions/decrementVendorAccount {"updateMask":"sourceUploadUrl,name,labels,eventTrigger.resource,eventTrigger.eventType,eventTrigger.service"} 

[debug] [2019-01-23T01:53:22.744Z] >>> HTTP REQUEST PATCH https://cloudfunctions.googleapis.com/v1/projects/savour-deals/locations/us-central1/functions/signup {"updateMask":"sourceUploadUrl,name,labels,eventTrigger.resource,eventTrigger.eventType,eventTrigger.service"} 

[debug] [2019-01-23T01:53:22.745Z] >>> HTTP REQUEST PATCH https://cloudfunctions.googleapis.com/v1/projects/savour-deals/locations/us-central1/functions/deleteAccount {"updateMask":"sourceUploadUrl,name,labels,eventTrigger.resource,eventTrigger.eventType,eventTrigger.service"} 

[debug] [2019-01-23T01:53:22.745Z] >>> HTTP REQUEST PATCH https://cloudfunctions.googleapis.com/v1/projects/savour-deals/locations/us-central1/functions/updateVendor {"updateMask":"sourceUploadUrl,name,labels,eventTrigger.resource,eventTrigger.eventType,eventTrigger.service"} 

[debug] [2019-01-23T01:53:22.745Z] >>> HTTP REQUEST PATCH https://cloudfunctions.googleapis.com/v1/projects/savour-deals/locations/us-central1/functions/dealRedeemed {"updateMask":"sourceUploadUrl,name,labels,eventTrigger.resource,eventTrigger.eventType,eventTrigger.service"} 

[debug] [2019-01-23T01:53:22.746Z] >>> HTTP REQUEST PATCH https://cloudfunctions.googleapis.com/v1/projects/savour-deals/locations/us-central1/functions/loyaltyRedeemed {"updateMask":"sourceUploadUrl,name,labels,eventTrigger.resource,eventTrigger.eventType,eventTrigger.service"} 

[debug] [2019-01-23T01:53:22.749Z] >>> HTTP REQUEST PATCH https://cloudfunctions.googleapis.com/v1/projects/savour-deals/locations/us-central1/functions/incrementStripe {"updateMask":"sourceUploadUrl,name,labels,httpsTrigger"} 

[debug] [2019-01-23T01:53:22.750Z] >>> HTTP REQUEST PATCH https://cloudfunctions.googleapis.com/v1/projects/savour-deals/locations/us-central1/functions/userActiveChanged {"updateMask":"sourceUploadUrl,name,labels,eventTrigger.resource,eventTrigger.eventType,eventTrigger.service"} 

[debug] [2019-01-23T01:53:22.750Z] >>> HTTP REQUEST PATCH https://cloudfunctions.googleapis.com/v1/projects/savour-deals/locations/us-central1/functions/updateStripeSubscription {"updateMask":"sourceUploadUrl,name,labels,httpsTrigger"} 

[debug] [2019-01-23T01:53:22.750Z] >>> HTTP REQUEST PATCH https://cloudfunctions.googleapis.com/v1/projects/savour-deals/locations/us-central1/functions/createStripe {"updateMask":"sourceUploadUrl,name,labels,httpsTrigger"} 

[debug] [2019-01-23T01:53:22.751Z] >>> HTTP REQUEST PATCH https://cloudfunctions.googleapis.com/v1/projects/savour-deals/locations/us-central1/functions/attachCardStripe {"updateMask":"sourceUploadUrl,name,labels,httpsTrigger"} 

[debug] [2019-01-23T01:53:22.751Z] >>> HTTP REQUEST PATCH https://cloudfunctions.googleapis.com/v1/projects/savour-deals/locations/us-central1/functions/changeStripeSource {"updateMask":"sourceUploadUrl,name,labels,httpsTrigger"} 

[debug] [2019-01-23T01:53:22.751Z] >>> HTTP REQUEST PATCH https://cloudfunctions.googleapis.com/v1/projects/savour-deals/locations/us-central1/functions/getCustomerStripe {"updateMask":"sourceUploadUrl,name,labels,httpsTrigger"} 

[debug] [2019-01-23T01:53:22.752Z] >>> HTTP REQUEST PATCH https://cloudfunctions.googleapis.com/v1/projects/savour-deals/locations/us-central1/functions/getInvoiceStripe {"updateMask":"sourceUploadUrl,name,labels,httpsTrigger"} 

[debug] [2019-01-23T01:53:22.752Z] >>> HTTP REQUEST PATCH https://cloudfunctions.googleapis.com/v1/projects/savour-deals/locations/us-central1/functions/events {"updateMask":"sourceUploadUrl,name,labels,httpsTrigger"} 

[debug] [2019-01-23T01:53:22.752Z] >>> HTTP REQUEST PATCH https://cloudfunctions.googleapis.com/v1/projects/savour-deals/locations/us-central1/functions/handleStripeEvent {"updateMask":"sourceUploadUrl,name,labels,eventTrigger.resource,eventTrigger.eventType,eventTrigger.service"} 

[debug] [2019-01-23T01:53:23.119Z] <<< HTTP RESPONSE 200
[debug] [2019-01-23T01:53:23.139Z] <<< HTTP RESPONSE 200
[debug] [2019-01-23T01:53:23.151Z] <<< HTTP RESPONSE 200
[debug] [2019-01-23T01:53:23.152Z] <<< HTTP RESPONSE 200
[debug] [2019-01-23T01:53:23.164Z] <<< HTTP RESPONSE 200
[debug] [2019-01-23T01:53:23.165Z] <<< HTTP RESPONSE 200
[debug] [2019-01-23T01:53:23.166Z] <<< HTTP RESPONSE 200
[debug] [2019-01-23T01:53:23.176Z] <<< HTTP RESPONSE 200
[debug] [2019-01-23T01:53:23.182Z] <<< HTTP RESPONSE 200
[debug] [2019-01-23T01:53:23.183Z] <<< HTTP RESPONSE 200
[debug] [2019-01-23T01:53:23.188Z] <<< HTTP RESPONSE 200
[debug] [2019-01-23T01:53:23.189Z] <<< HTTP RESPONSE 200
[debug] [2019-01-23T01:53:23.191Z] <<< HTTP RESPONSE 200
[debug] [2019-01-23T01:53:23.192Z] <<< HTTP RESPONSE 200
[debug] [2019-01-23T01:53:23.202Z] <<< HTTP RESPONSE 200
[debug] [2019-01-23T01:53:23.217Z] <<< HTTP RESPONSE 200
[debug] [2019-01-23T01:53:23.225Z] <<< HTTP RESPONSE 200
[debug] [2019-01-23T01:53:23.261Z] <<< HTTP RESPONSE 200
[debug] [2019-01-23T01:53:23.290Z] <<< HTTP RESPONSE 200
[debug] [2019-01-23T01:53:23.292Z] <<< HTTP RESPONSE 200
[debug] [2019-01-23T01:53:23.294Z] >>> HTTP REQUEST GET https://cloudfunctions.googleapis.com/v1/projects/savour-deals/locations/-/functions  
 
[debug] [2019-01-23T01:53:23.704Z] <<< HTTP RESPONSE 200
[debug] [2019-01-23T01:53:23.706Z] >>> HTTP REQUEST GET https://cloudfunctions.googleapis.com/v1/operations/c2F2b3VyLWRlYWxzL3VzLWNlbnRyYWwxL2RlYWxDcmVhdGVkL2xMaTlMbmxhN3ZN  
 
[debug] [2019-01-23T01:53:23.706Z] >>> HTTP REQUEST GET https://cloudfunctions.googleapis.com/v1/operations/c2F2b3VyLWRlYWxzL3VzLWNlbnRyYWwxL2luY3JlbWVudFVzZXJDb3VudC9ncHVheHlMajhXcw  
 
[debug] [2019-01-23T01:53:23.707Z] >>> HTTP REQUEST GET https://cloudfunctions.googleapis.com/v1/operations/c2F2b3VyLWRlYWxzL3VzLWNlbnRyYWwxL2RlY3JlbWVudFVzZXJDb3VudC9SclpVeGZxdFVIZw  
 
[debug] [2019-01-23T01:53:23.707Z] >>> HTTP REQUEST GET https://cloudfunctions.googleapis.com/v1/operations/c2F2b3VyLWRlYWxzL3VzLWNlbnRyYWwxL2luY3JlbWVudFZlbmRvckNvdW50L2llSHVxYUN5Wnhn  
 
[debug] [2019-01-23T01:53:23.708Z] >>> HTTP REQUEST GET https://cloudfunctions.googleapis.com/v1/operations/c2F2b3VyLWRlYWxzL3VzLWNlbnRyYWwxL2RlY3JlbWVudFZlbmRvckFjY291bnQvdkpRN0JaeHZhUGM  
 
[debug] [2019-01-23T01:53:23.708Z] >>> HTTP REQUEST GET https://cloudfunctions.googleapis.com/v1/operations/c2F2b3VyLWRlYWxzL3VzLWNlbnRyYWwxL3NpZ251cC9QajNqY3RxQWRCQQ  
 
[debug] [2019-01-23T01:53:23.708Z] >>> HTTP REQUEST GET https://cloudfunctions.googleapis.com/v1/operations/c2F2b3VyLWRlYWxzL3VzLWNlbnRyYWwxL2RlbGV0ZUFjY291bnQvV1FIZjdYWGhUYVk  
 
[debug] [2019-01-23T01:53:23.708Z] >>> HTTP REQUEST GET https://cloudfunctions.googleapis.com/v1/operations/c2F2b3VyLWRlYWxzL3VzLWNlbnRyYWwxL3VwZGF0ZVZlbmRvci91NWFvNGVoeFZ3aw  
 
[debug] [2019-01-23T01:53:23.708Z] >>> HTTP REQUEST GET https://cloudfunctions.googleapis.com/v1/operations/c2F2b3VyLWRlYWxzL3VzLWNlbnRyYWwxL2RlYWxSZWRlZW1lZC9ZQzA0d3VUcjlITQ  
 
[debug] [2019-01-23T01:53:23.709Z] >>> HTTP REQUEST GET https://cloudfunctions.googleapis.com/v1/operations/c2F2b3VyLWRlYWxzL3VzLWNlbnRyYWwxL2xveWFsdHlSZWRlZW1lZC8zaE0tZFVHWUg5VQ  
 
[debug] [2019-01-23T01:53:23.709Z] >>> HTTP REQUEST GET https://cloudfunctions.googleapis.com/v1/operations/c2F2b3VyLWRlYWxzL3VzLWNlbnRyYWwxL2luY3JlbWVudFN0cmlwZS9HMW5nMG81bG9pSQ  
 
[debug] [2019-01-23T01:53:23.709Z] >>> HTTP REQUEST GET https://cloudfunctions.googleapis.com/v1/operations/c2F2b3VyLWRlYWxzL3VzLWNlbnRyYWwxL3VzZXJBY3RpdmVDaGFuZ2VkL1QxOVhzYVpONk1r  
 
[debug] [2019-01-23T01:53:23.709Z] >>> HTTP REQUEST GET https://cloudfunctions.googleapis.com/v1/operations/c2F2b3VyLWRlYWxzL3VzLWNlbnRyYWwxL3VwZGF0ZVN0cmlwZVN1YnNjcmlwdGlvbi9RdFJ2YTBSY29qaw  
 
[debug] [2019-01-23T01:53:23.709Z] >>> HTTP REQUEST GET https://cloudfunctions.googleapis.com/v1/operations/c2F2b3VyLWRlYWxzL3VzLWNlbnRyYWwxL2NyZWF0ZVN0cmlwZS8wNjVLc205UWl1cw  
 
[debug] [2019-01-23T01:53:23.709Z] >>> HTTP REQUEST GET https://cloudfunctions.googleapis.com/v1/operations/c2F2b3VyLWRlYWxzL3VzLWNlbnRyYWwxL2F0dGFjaENhcmRTdHJpcGUvU3l0RmVVNkhDQ1U  
 
[debug] [2019-01-23T01:53:23.710Z] >>> HTTP REQUEST GET https://cloudfunctions.googleapis.com/v1/operations/c2F2b3VyLWRlYWxzL3VzLWNlbnRyYWwxL2NoYW5nZVN0cmlwZVNvdXJjZS91ZGVBc09vSFNlYw  
 
[debug] [2019-01-23T01:53:23.710Z] >>> HTTP REQUEST GET https://cloudfunctions.googleapis.com/v1/operations/c2F2b3VyLWRlYWxzL3VzLWNlbnRyYWwxL2dldEN1c3RvbWVyU3RyaXBlLzdRYlpIRm0zWk5j  
 
[debug] [2019-01-23T01:53:23.710Z] >>> HTTP REQUEST GET https://cloudfunctions.googleapis.com/v1/operations/c2F2b3VyLWRlYWxzL3VzLWNlbnRyYWwxL2dldEludm9pY2VTdHJpcGUvZmdIZ0g5di05Y2s  
 
[debug] [2019-01-23T01:53:23.710Z] >>> HTTP REQUEST GET https://cloudfunctions.googleapis.com/v1/operations/c2F2b3VyLWRlYWxzL3VzLWNlbnRyYWwxL2V2ZW50cy8yVW5QSTdwRHVfQQ  
 
[debug] [2019-01-23T01:53:23.710Z] >>> HTTP REQUEST GET https://cloudfunctions.googleapis.com/v1/operations/c2F2b3VyLWRlYWxzL3VzLWNlbnRyYWwxL2hhbmRsZVN0cmlwZUV2ZW50L0g5cmFWZ1N3XzdZ  
 
[debug] [2019-01-23T01:53:23.907Z] <<< HTTP RESPONSE 200
[debug] [2019-01-23T01:53:23.910Z] <<< HTTP RESPONSE 200
[debug] [2019-01-23T01:53:23.914Z] <<< HTTP RESPONSE 200
[debug] [2019-01-23T01:53:23.929Z] <<< HTTP RESPONSE 200
[debug] [2019-01-23T01:53:23.929Z] <<< HTTP RESPONSE 200
[debug] [2019-01-23T01:53:23.940Z] <<< HTTP RESPONSE 200
[debug] [2019-01-23T01:53:23.945Z] <<< HTTP RESPONSE 200
[debug] [2019-01-23T01:53:23.946Z] <<< HTTP RESPONSE 200
[debug] [2019-01-23T01:53:23.947Z] <<< HTTP RESPONSE 200
[debug] [2019-01-23T01:53:23.948Z] <<< HTTP RESPONSE 200
[debug] [2019-01-23T01:53:23.948Z] <<< HTTP RESPONSE 200
[debug] [2019-01-23T01:53:23.948Z] <<< HTTP RESPONSE 200
[debug] [2019-01-23T01:53:23.949Z] <<< HTTP RESPONSE 200
[debug] [2019-01-23T01:53:23.951Z] <<< HTTP RESPONSE 200
[debug] [2019-01-23T01:53:23.952Z] <<< HTTP RESPONSE 200
[debug] [2019-01-23T01:53:23.961Z] <<< HTTP RESPONSE 200
[debug] [2019-01-23T01:53:23.962Z] <<< HTTP RESPONSE 200
[debug] [2019-01-23T01:53:23.963Z] <<< HTTP RESPONSE 200
[debug] [2019-01-23T01:53:23.965Z] <<< HTTP RESPONSE 200
[debug] [2019-01-23T01:53:23.969Z] <<< HTTP RESPONSE 200
[debug] [2019-01-23T01:53:28.909Z] >>> HTTP REQUEST GET https://cloudfunctions.googleapis.com/v1/operations/c2F2b3VyLWRlYWxzL3VzLWNlbnRyYWwxL2RlYWxDcmVhdGVkL2xMaTlMbmxhN3ZN  
 
[debug] [2019-01-23T01:53:28.911Z] >>> HTTP REQUEST GET https://cloudfunctions.googleapis.com/v1/operations/c2F2b3VyLWRlYWxzL3VzLWNlbnRyYWwxL2luY3JlbWVudFVzZXJDb3VudC9ncHVheHlMajhXcw  
 
[debug] [2019-01-23T01:53:28.915Z] >>> HTTP REQUEST GET https://cloudfunctions.googleapis.com/v1/operations/c2F2b3VyLWRlYWxzL3VzLWNlbnRyYWwxL3NpZ251cC9QajNqY3RxQWRCQQ  
 
[debug] [2019-01-23T01:53:28.931Z] >>> HTTP REQUEST GET https://cloudfunctions.googleapis.com/v1/operations/c2F2b3VyLWRlYWxzL3VzLWNlbnRyYWwxL2RlY3JlbWVudFVzZXJDb3VudC9SclpVeGZxdFVIZw  
 
[debug] [2019-01-23T01:53:28.931Z] >>> HTTP REQUEST GET https://cloudfunctions.googleapis.com/v1/operations/c2F2b3VyLWRlYWxzL3VzLWNlbnRyYWwxL2RlbGV0ZUFjY291bnQvV1FIZjdYWGhUYVk  
 
[debug] [2019-01-23T01:53:28.940Z] >>> HTTP REQUEST GET https://cloudfunctions.googleapis.com/v1/operations/c2F2b3VyLWRlYWxzL3VzLWNlbnRyYWwxL3VwZGF0ZVN0cmlwZVN1YnNjcmlwdGlvbi9RdFJ2YTBSY29qaw  
 
[debug] [2019-01-23T01:53:28.946Z] >>> HTTP REQUEST GET https://cloudfunctions.googleapis.com/v1/operations/c2F2b3VyLWRlYWxzL3VzLWNlbnRyYWwxL2luY3JlbWVudFZlbmRvckNvdW50L2llSHVxYUN5Wnhn  
 
[debug] [2019-01-23T01:53:28.948Z] >>> HTTP REQUEST GET https://cloudfunctions.googleapis.com/v1/operations/c2F2b3VyLWRlYWxzL3VzLWNlbnRyYWwxL3VzZXJBY3RpdmVDaGFuZ2VkL1QxOVhzYVpONk1r  
 
[debug] [2019-01-23T01:53:28.948Z] >>> HTTP REQUEST GET https://cloudfunctions.googleapis.com/v1/operations/c2F2b3VyLWRlYWxzL3VzLWNlbnRyYWwxL2NoYW5nZVN0cmlwZVNvdXJjZS91ZGVBc09vSFNlYw  
 
[debug] [2019-01-23T01:53:28.948Z] >>> HTTP REQUEST GET https://cloudfunctions.googleapis.com/v1/operations/c2F2b3VyLWRlYWxzL3VzLWNlbnRyYWwxL2NyZWF0ZVN0cmlwZS8wNjVLc205UWl1cw  
 
[debug] [2019-01-23T01:53:28.948Z] >>> HTTP REQUEST GET https://cloudfunctions.googleapis.com/v1/operations/c2F2b3VyLWRlYWxzL3VzLWNlbnRyYWwxL2F0dGFjaENhcmRTdHJpcGUvU3l0RmVVNkhDQ1U  
 
[debug] [2019-01-23T01:53:28.952Z] >>> HTTP REQUEST GET https://cloudfunctions.googleapis.com/v1/operations/c2F2b3VyLWRlYWxzL3VzLWNlbnRyYWwxL2dldEN1c3RvbWVyU3RyaXBlLzdRYlpIRm0zWk5j  
 
[debug] [2019-01-23T01:53:28.952Z] >>> HTTP REQUEST GET https://cloudfunctions.googleapis.com/v1/operations/c2F2b3VyLWRlYWxzL3VzLWNlbnRyYWwxL2RlY3JlbWVudFZlbmRvckFjY291bnQvdkpRN0JaeHZhUGM  
 
[debug] [2019-01-23T01:53:28.952Z] >>> HTTP REQUEST GET https://cloudfunctions.googleapis.com/v1/operations/c2F2b3VyLWRlYWxzL3VzLWNlbnRyYWwxL3VwZGF0ZVZlbmRvci91NWFvNGVoeFZ3aw  
 
[debug] [2019-01-23T01:53:28.952Z] >>> HTTP REQUEST GET https://cloudfunctions.googleapis.com/v1/operations/c2F2b3VyLWRlYWxzL3VzLWNlbnRyYWwxL2V2ZW50cy8yVW5QSTdwRHVfQQ  
 
[debug] [2019-01-23T01:53:28.962Z] >>> HTTP REQUEST GET https://cloudfunctions.googleapis.com/v1/operations/c2F2b3VyLWRlYWxzL3VzLWNlbnRyYWwxL2RlYWxSZWRlZW1lZC9ZQzA0d3VUcjlITQ  
 
[debug] [2019-01-23T01:53:28.964Z] >>> HTTP REQUEST GET https://cloudfunctions.googleapis.com/v1/operations/c2F2b3VyLWRlYWxzL3VzLWNlbnRyYWwxL2luY3JlbWVudFN0cmlwZS9HMW5nMG81bG9pSQ  
 
[debug] [2019-01-23T01:53:28.964Z] >>> HTTP REQUEST GET https://cloudfunctions.googleapis.com/v1/operations/c2F2b3VyLWRlYWxzL3VzLWNlbnRyYWwxL2dldEludm9pY2VTdHJpcGUvZmdIZ0g5di05Y2s  
 
[debug] [2019-01-23T01:53:28.966Z] >>> HTTP REQUEST GET https://cloudfunctions.googleapis.com/v1/operations/c2F2b3VyLWRlYWxzL3VzLWNlbnRyYWwxL2xveWFsdHlSZWRlZW1lZC8zaE0tZFVHWUg5VQ  
 
[debug] [2019-01-23T01:53:28.970Z] >>> HTTP REQUEST GET https://cloudfunctions.googleapis.com/v1/operations/c2F2b3VyLWRlYWxzL3VzLWNlbnRyYWwxL2hhbmRsZVN0cmlwZUV2ZW50L0g5cmFWZ1N3XzdZ  
 
[debug] [2019-01-23T01:53:29.074Z] <<< HTTP RESPONSE 200
[debug] [2019-01-23T01:53:29.094Z] <<< HTTP RESPONSE 200
[debug] [2019-01-23T01:53:29.126Z] <<< HTTP RESPONSE 200
[debug] [2019-01-23T01:53:29.128Z] <<< HTTP RESPONSE 200
[debug] [2019-01-23T01:53:29.166Z] <<< HTTP RESPONSE 200
[debug] [2019-01-23T01:53:29.169Z] <<< HTTP RESPONSE 200
[debug] [2019-01-23T01:53:29.176Z] <<< HTTP RESPONSE 200
[debug] [2019-01-23T01:53:29.185Z] <<< HTTP RESPONSE 200
[debug] [2019-01-23T01:53:29.187Z] <<< HTTP RESPONSE 200
[debug] [2019-01-23T01:53:29.193Z] <<< HTTP RESPONSE 200
[debug] [2019-01-23T01:53:29.195Z] <<< HTTP RESPONSE 200
[debug] [2019-01-23T01:53:29.202Z] <<< HTTP RESPONSE 200
[debug] [2019-01-23T01:53:29.209Z] <<< HTTP RESPONSE 200
[debug] [2019-01-23T01:53:29.209Z] <<< HTTP RESPONSE 200
[debug] [2019-01-23T01:53:29.241Z] <<< HTTP RESPONSE 200
[debug] [2019-01-23T01:53:29.259Z] <<< HTTP RESPONSE 200
[debug] [2019-01-23T01:53:29.269Z] <<< HTTP RESPONSE 200
[debug] [2019-01-23T01:53:29.279Z] <<< HTTP RESPONSE 200
[debug] [2019-01-23T01:53:29.298Z] <<< HTTP RESPONSE 200
[debug] [2019-01-23T01:53:29.298Z] <<< HTTP RESPONSE 200
[debug] [2019-01-23T01:53:34.078Z] >>> HTTP REQUEST GET https://cloudfunctions.googleapis.com/v1/operations/c2F2b3VyLWRlYWxzL3VzLWNlbnRyYWwxL2RlYWxDcmVhdGVkL2xMaTlMbmxhN3ZN  
 
[debug] [2019-01-23T01:53:34.096Z] >>> HTTP REQUEST GET https://cloudfunctions.googleapis.com/v1/operations/c2F2b3VyLWRlYWxzL3VzLWNlbnRyYWwxL3NpZ251cC9QajNqY3RxQWRCQQ  
 
[debug] [2019-01-23T01:53:34.127Z] >>> HTTP REQUEST GET https://cloudfunctions.googleapis.com/v1/operations/c2F2b3VyLWRlYWxzL3VzLWNlbnRyYWwxL2luY3JlbWVudFVzZXJDb3VudC9ncHVheHlMajhXcw  
 
[debug] [2019-01-23T01:53:34.130Z] >>> HTTP REQUEST GET https://cloudfunctions.googleapis.com/v1/operations/c2F2b3VyLWRlYWxzL3VzLWNlbnRyYWwxL2RlbGV0ZUFjY291bnQvV1FIZjdYWGhUYVk  
 
[debug] [2019-01-23T01:53:34.169Z] >>> HTTP REQUEST GET https://cloudfunctions.googleapis.com/v1/operations/c2F2b3VyLWRlYWxzL3VzLWNlbnRyYWwxL2RlY3JlbWVudFVzZXJDb3VudC9SclpVeGZxdFVIZw  
 
[debug] [2019-01-23T01:53:34.171Z] >>> HTTP REQUEST GET https://cloudfunctions.googleapis.com/v1/operations/c2F2b3VyLWRlYWxzL3VzLWNlbnRyYWwxL3VwZGF0ZVN0cmlwZVN1YnNjcmlwdGlvbi9RdFJ2YTBSY29qaw  
 
[debug] [2019-01-23T01:53:34.178Z] >>> HTTP REQUEST GET https://cloudfunctions.googleapis.com/v1/operations/c2F2b3VyLWRlYWxzL3VzLWNlbnRyYWwxL2NoYW5nZVN0cmlwZVNvdXJjZS91ZGVBc09vSFNlYw  
 
[debug] [2019-01-23T01:53:34.185Z] >>> HTTP REQUEST GET https://cloudfunctions.googleapis.com/v1/operations/c2F2b3VyLWRlYWxzL3VzLWNlbnRyYWwxL2NyZWF0ZVN0cmlwZS8wNjVLc205UWl1cw  
 
[debug] [2019-01-23T01:53:34.187Z] >>> HTTP REQUEST GET https://cloudfunctions.googleapis.com/v1/operations/c2F2b3VyLWRlYWxzL3VzLWNlbnRyYWwxL3VzZXJBY3RpdmVDaGFuZ2VkL1QxOVhzYVpONk1r  
 
[debug] [2019-01-23T01:53:34.193Z] >>> HTTP REQUEST GET https://cloudfunctions.googleapis.com/v1/operations/c2F2b3VyLWRlYWxzL3VzLWNlbnRyYWwxL2RlY3JlbWVudFZlbmRvckFjY291bnQvdkpRN0JaeHZhUGM  
 
[debug] [2019-01-23T01:53:34.195Z] >>> HTTP REQUEST GET https://cloudfunctions.googleapis.com/v1/operations/c2F2b3VyLWRlYWxzL3VzLWNlbnRyYWwxL2V2ZW50cy8yVW5QSTdwRHVfQQ  
 
[debug] [2019-01-23T01:53:34.203Z] >>> HTTP REQUEST GET https://cloudfunctions.googleapis.com/v1/operations/c2F2b3VyLWRlYWxzL3VzLWNlbnRyYWwxL2F0dGFjaENhcmRTdHJpcGUvU3l0RmVVNkhDQ1U  
 
[debug] [2019-01-23T01:53:34.209Z] >>> HTTP REQUEST GET https://cloudfunctions.googleapis.com/v1/operations/c2F2b3VyLWRlYWxzL3VzLWNlbnRyYWwxL2xveWFsdHlSZWRlZW1lZC8zaE0tZFVHWUg5VQ  
 
[debug] [2019-01-23T01:53:34.210Z] >>> HTTP REQUEST GET https://cloudfunctions.googleapis.com/v1/operations/c2F2b3VyLWRlYWxzL3VzLWNlbnRyYWwxL2luY3JlbWVudFN0cmlwZS9HMW5nMG81bG9pSQ  
 
[debug] [2019-01-23T01:53:34.215Z] <<< HTTP RESPONSE 200
[debug] [2019-01-23T01:53:34.232Z] <<< HTTP RESPONSE 200
[debug] [2019-01-23T01:53:34.243Z] >>> HTTP REQUEST GET https://cloudfunctions.googleapis.com/v1/operations/c2F2b3VyLWRlYWxzL3VzLWNlbnRyYWwxL2luY3JlbWVudFZlbmRvckNvdW50L2llSHVxYUN5Wnhn  
 
[debug] [2019-01-23T01:53:34.261Z] >>> HTTP REQUEST GET https://cloudfunctions.googleapis.com/v1/operations/c2F2b3VyLWRlYWxzL3VzLWNlbnRyYWwxL2dldEN1c3RvbWVyU3RyaXBlLzdRYlpIRm0zWk5j  
 
[debug] [2019-01-23T01:53:34.265Z] <<< HTTP RESPONSE 200
[debug] [2019-01-23T01:53:34.270Z] >>> HTTP REQUEST GET https://cloudfunctions.googleapis.com/v1/operations/c2F2b3VyLWRlYWxzL3VzLWNlbnRyYWwxL2RlYWxSZWRlZW1lZC9ZQzA0d3VUcjlITQ  
 
[debug] [2019-01-23T01:53:34.279Z] >>> HTTP REQUEST GET https://cloudfunctions.googleapis.com/v1/operations/c2F2b3VyLWRlYWxzL3VzLWNlbnRyYWwxL3VwZGF0ZVZlbmRvci91NWFvNGVoeFZ3aw  
 
[debug] [2019-01-23T01:53:34.292Z] <<< HTTP RESPONSE 200
[debug] [2019-01-23T01:53:34.299Z] >>> HTTP REQUEST GET https://cloudfunctions.googleapis.com/v1/operations/c2F2b3VyLWRlYWxzL3VzLWNlbnRyYWwxL2dldEludm9pY2VTdHJpcGUvZmdIZ0g5di05Y2s  
 
[debug] [2019-01-23T01:53:34.299Z] >>> HTTP REQUEST GET https://cloudfunctions.googleapis.com/v1/operations/c2F2b3VyLWRlYWxzL3VzLWNlbnRyYWwxL2hhbmRsZVN0cmlwZUV2ZW50L0g5cmFWZ1N3XzdZ  
 
[debug] [2019-01-23T01:53:34.318Z] <<< HTTP RESPONSE 200
[debug] [2019-01-23T01:53:34.320Z] <<< HTTP RESPONSE 200
[debug] [2019-01-23T01:53:34.324Z] <<< HTTP RESPONSE 200
[debug] [2019-01-23T01:53:34.345Z] <<< HTTP RESPONSE 200
[debug] [2019-01-23T01:53:34.355Z] <<< HTTP RESPONSE 200
[debug] [2019-01-23T01:53:34.371Z] <<< HTTP RESPONSE 200
[debug] [2019-01-23T01:53:34.372Z] <<< HTTP RESPONSE 200
[debug] [2019-01-23T01:53:34.386Z] <<< HTTP RESPONSE 200
[debug] [2019-01-23T01:53:34.391Z] <<< HTTP RESPONSE 200
[debug] [2019-01-23T01:53:34.392Z] <<< HTTP RESPONSE 200
[debug] [2019-01-23T01:53:34.445Z] <<< HTTP RESPONSE 200
[debug] [2019-01-23T01:53:34.457Z] <<< HTTP RESPONSE 200
[debug] [2019-01-23T01:53:34.458Z] <<< HTTP RESPONSE 200
[debug] [2019-01-23T01:53:34.465Z] <<< HTTP RESPONSE 200
[debug] [2019-01-23T01:53:34.503Z] <<< HTTP RESPONSE 200
[debug] [2019-01-23T01:53:34.520Z] <<< HTTP RESPONSE 200
[debug] [2019-01-23T01:53:39.221Z] >>> HTTP REQUEST GET https://cloudfunctions.googleapis.com/v1/operations/c2F2b3VyLWRlYWxzL3VzLWNlbnRyYWwxL2RlYWxDcmVhdGVkL2xMaTlMbmxhN3ZN  
 
[debug] [2019-01-23T01:53:39.235Z] >>> HTTP REQUEST GET https://cloudfunctions.googleapis.com/v1/operations/c2F2b3VyLWRlYWxzL3VzLWNlbnRyYWwxL3NpZ251cC9QajNqY3RxQWRCQQ  
 
[debug] [2019-01-23T01:53:39.269Z] >>> HTTP REQUEST GET https://cloudfunctions.googleapis.com/v1/operations/c2F2b3VyLWRlYWxzL3VzLWNlbnRyYWwxL2luY3JlbWVudFVzZXJDb3VudC9ncHVheHlMajhXcw  
 
[debug] [2019-01-23T01:53:39.296Z] >>> HTTP REQUEST GET https://cloudfunctions.googleapis.com/v1/operations/c2F2b3VyLWRlYWxzL3VzLWNlbnRyYWwxL2RlbGV0ZUFjY291bnQvV1FIZjdYWGhUYVk  
 
[debug] [2019-01-23T01:53:39.319Z] >>> HTTP REQUEST GET https://cloudfunctions.googleapis.com/v1/operations/c2F2b3VyLWRlYWxzL3VzLWNlbnRyYWwxL3VwZGF0ZVN0cmlwZVN1YnNjcmlwdGlvbi9RdFJ2YTBSY29qaw  
 
[debug] [2019-01-23T01:53:39.320Z] >>> HTTP REQUEST GET https://cloudfunctions.googleapis.com/v1/operations/c2F2b3VyLWRlYWxzL3VzLWNlbnRyYWwxL2RlY3JlbWVudFVzZXJDb3VudC9SclpVeGZxdFVIZw  
 
[debug] [2019-01-23T01:53:39.325Z] >>> HTTP REQUEST GET https://cloudfunctions.googleapis.com/v1/operations/c2F2b3VyLWRlYWxzL3VzLWNlbnRyYWwxL2NoYW5nZVN0cmlwZVNvdXJjZS91ZGVBc09vSFNlYw  
 
[debug] [2019-01-23T01:53:39.349Z] >>> HTTP REQUEST GET https://cloudfunctions.googleapis.com/v1/operations/c2F2b3VyLWRlYWxzL3VzLWNlbnRyYWwxL2NyZWF0ZVN0cmlwZS8wNjVLc205UWl1cw  
 
[debug] [2019-01-23T01:53:39.353Z] <<< HTTP RESPONSE 200
[debug] [2019-01-23T01:53:39.356Z] >>> HTTP REQUEST GET https://cloudfunctions.googleapis.com/v1/operations/c2F2b3VyLWRlYWxzL3VzLWNlbnRyYWwxL2RlY3JlbWVudFZlbmRvckFjY291bnQvdkpRN0JaeHZhUGM  
 
[debug] [2019-01-23T01:53:39.374Z] >>> HTTP REQUEST GET https://cloudfunctions.googleapis.com/v1/operations/c2F2b3VyLWRlYWxzL3VzLWNlbnRyYWwxL3VzZXJBY3RpdmVDaGFuZ2VkL1QxOVhzYVpONk1r  
 
[debug] [2019-01-23T01:53:39.374Z] >>> HTTP REQUEST GET https://cloudfunctions.googleapis.com/v1/operations/c2F2b3VyLWRlYWxzL3VzLWNlbnRyYWwxL2V2ZW50cy8yVW5QSTdwRHVfQQ  
 
[debug] [2019-01-23T01:53:39.387Z] >>> HTTP REQUEST GET https://cloudfunctions.googleapis.com/v1/operations/c2F2b3VyLWRlYWxzL3VzLWNlbnRyYWwxL2F0dGFjaENhcmRTdHJpcGUvU3l0RmVVNkhDQ1U  
 
[debug] [2019-01-23T01:53:39.393Z] >>> HTTP REQUEST GET https://cloudfunctions.googleapis.com/v1/operations/c2F2b3VyLWRlYWxzL3VzLWNlbnRyYWwxL2luY3JlbWVudFN0cmlwZS9HMW5nMG81bG9pSQ  
 
[debug] [2019-01-23T01:53:39.393Z] >>> HTTP REQUEST GET https://cloudfunctions.googleapis.com/v1/operations/c2F2b3VyLWRlYWxzL3VzLWNlbnRyYWwxL2xveWFsdHlSZWRlZW1lZC8zaE0tZFVHWUg5VQ  
 
[debug] [2019-01-23T01:53:39.446Z] >>> HTTP REQUEST GET https://cloudfunctions.googleapis.com/v1/operations/c2F2b3VyLWRlYWxzL3VzLWNlbnRyYWwxL2luY3JlbWVudFZlbmRvckNvdW50L2llSHVxYUN5Wnhn  
 
[debug] [2019-01-23T01:53:39.459Z] >>> HTTP REQUEST GET https://cloudfunctions.googleapis.com/v1/operations/c2F2b3VyLWRlYWxzL3VzLWNlbnRyYWwxL3VwZGF0ZVZlbmRvci91NWFvNGVoeFZ3aw  
 
[debug] [2019-01-23T01:53:39.460Z] >>> HTTP REQUEST GET https://cloudfunctions.googleapis.com/v1/operations/c2F2b3VyLWRlYWxzL3VzLWNlbnRyYWwxL2RlYWxSZWRlZW1lZC9ZQzA0d3VUcjlITQ  
 
[debug] [2019-01-23T01:53:39.462Z] <<< HTTP RESPONSE 200
[debug] [2019-01-23T01:53:39.466Z] >>> HTTP REQUEST GET https://cloudfunctions.googleapis.com/v1/operations/c2F2b3VyLWRlYWxzL3VzLWNlbnRyYWwxL2dldEN1c3RvbWVyU3RyaXBlLzdRYlpIRm0zWk5j  
 
[debug] [2019-01-23T01:53:39.505Z] >>> HTTP REQUEST GET https://cloudfunctions.googleapis.com/v1/operations/c2F2b3VyLWRlYWxzL3VzLWNlbnRyYWwxL2dldEludm9pY2VTdHJpcGUvZmdIZ0g5di05Y2s  
 
[debug] [2019-01-23T01:53:39.514Z] <<< HTTP RESPONSE 200
[debug] [2019-01-23T01:53:39.523Z] >>> HTTP REQUEST GET https://cloudfunctions.googleapis.com/v1/operations/c2F2b3VyLWRlYWxzL3VzLWNlbnRyYWwxL2hhbmRsZVN0cmlwZUV2ZW50L0g5cmFWZ1N3XzdZ  
 
[debug] [2019-01-23T01:53:39.535Z] <<< HTTP RESPONSE 200
[debug] [2019-01-23T01:53:39.551Z] <<< HTTP RESPONSE 200
[debug] [2019-01-23T01:53:39.556Z] <<< HTTP RESPONSE 200
[debug] [2019-01-23T01:53:39.557Z] <<< HTTP RESPONSE 200
[debug] [2019-01-23T01:53:39.559Z] <<< HTTP RESPONSE 200
[debug] [2019-01-23T01:53:39.576Z] <<< HTTP RESPONSE 200
[debug] [2019-01-23T01:53:39.577Z] <<< HTTP RESPONSE 200
[debug] [2019-01-23T01:53:39.594Z] <<< HTTP RESPONSE 200
[debug] [2019-01-23T01:53:39.598Z] <<< HTTP RESPONSE 200
[debug] [2019-01-23T01:53:39.615Z] <<< HTTP RESPONSE 200
[debug] [2019-01-23T01:53:39.630Z] <<< HTTP RESPONSE 200
[debug] [2019-01-23T01:53:39.635Z] <<< HTTP RESPONSE 200
[debug] [2019-01-23T01:53:39.636Z] <<< HTTP RESPONSE 200
[debug] [2019-01-23T01:53:39.643Z] <<< HTTP RESPONSE 200
[debug] [2019-01-23T01:53:39.653Z] <<< HTTP RESPONSE 200
[debug] [2019-01-23T01:53:39.694Z] <<< HTTP RESPONSE 200
[debug] [2019-01-23T01:53:39.704Z] <<< HTTP RESPONSE 200
[debug] [2019-01-23T01:53:44.357Z] >>> HTTP REQUEST GET https://cloudfunctions.googleapis.com/v1/operations/c2F2b3VyLWRlYWxzL3VzLWNlbnRyYWwxL2RlYWxDcmVhdGVkL2xMaTlMbmxhN3ZN  
 
[debug] [2019-01-23T01:53:44.468Z] >>> HTTP REQUEST GET https://cloudfunctions.googleapis.com/v1/operations/c2F2b3VyLWRlYWxzL3VzLWNlbnRyYWwxL3NpZ251cC9QajNqY3RxQWRCQQ  
 
[debug] [2019-01-23T01:53:44.507Z] <<< HTTP RESPONSE 200
[debug] [2019-01-23T01:53:44.517Z] >>> HTTP REQUEST GET https://cloudfunctions.googleapis.com/v1/operations/c2F2b3VyLWRlYWxzL3VzLWNlbnRyYWwxL2luY3JlbWVudFVzZXJDb3VudC9ncHVheHlMajhXcw  
 
[debug] [2019-01-23T01:53:44.539Z] >>> HTTP REQUEST GET https://cloudfunctions.googleapis.com/v1/operations/c2F2b3VyLWRlYWxzL3VzLWNlbnRyYWwxL2RlbGV0ZUFjY291bnQvV1FIZjdYWGhUYVk  
 
[debug] [2019-01-23T01:53:44.554Z] >>> HTTP REQUEST GET https://cloudfunctions.googleapis.com/v1/operations/c2F2b3VyLWRlYWxzL3VzLWNlbnRyYWwxL3VwZGF0ZVN0cmlwZVN1YnNjcmlwdGlvbi9RdFJ2YTBSY29qaw  
 
[debug] [2019-01-23T01:53:44.556Z] >>> HTTP REQUEST GET https://cloudfunctions.googleapis.com/v1/operations/c2F2b3VyLWRlYWxzL3VzLWNlbnRyYWwxL2RlY3JlbWVudFZlbmRvckFjY291bnQvdkpRN0JaeHZhUGM  
 
[debug] [2019-01-23T01:53:44.558Z] >>> HTTP REQUEST GET https://cloudfunctions.googleapis.com/v1/operations/c2F2b3VyLWRlYWxzL3VzLWNlbnRyYWwxL2RlY3JlbWVudFVzZXJDb3VudC9SclpVeGZxdFVIZw  
 
[debug] [2019-01-23T01:53:44.560Z] >>> HTTP REQUEST GET https://cloudfunctions.googleapis.com/v1/operations/c2F2b3VyLWRlYWxzL3VzLWNlbnRyYWwxL2NyZWF0ZVN0cmlwZS8wNjVLc205UWl1cw  
 
[debug] [2019-01-23T01:53:44.578Z] >>> HTTP REQUEST GET https://cloudfunctions.googleapis.com/v1/operations/c2F2b3VyLWRlYWxzL3VzLWNlbnRyYWwxL2V2ZW50cy8yVW5QSTdwRHVfQQ  
 
[debug] [2019-01-23T01:53:44.580Z] >>> HTTP REQUEST GET https://cloudfunctions.googleapis.com/v1/operations/c2F2b3VyLWRlYWxzL3VzLWNlbnRyYWwxL2NoYW5nZVN0cmlwZVNvdXJjZS91ZGVBc09vSFNlYw  
 
[debug] [2019-01-23T01:53:44.594Z] >>> HTTP REQUEST GET https://cloudfunctions.googleapis.com/v1/operations/c2F2b3VyLWRlYWxzL3VzLWNlbnRyYWwxL2luY3JlbWVudFN0cmlwZS9HMW5nMG81bG9pSQ  
 
[debug] [2019-01-23T01:53:44.600Z] >>> HTTP REQUEST GET https://cloudfunctions.googleapis.com/v1/operations/c2F2b3VyLWRlYWxzL3VzLWNlbnRyYWwxL2xveWFsdHlSZWRlZW1lZC8zaE0tZFVHWUg5VQ  
 
[debug] [2019-01-23T01:53:44.604Z] <<< HTTP RESPONSE 200
[debug] [2019-01-23T01:53:44.617Z] >>> HTTP REQUEST GET https://cloudfunctions.googleapis.com/v1/operations/c2F2b3VyLWRlYWxzL3VzLWNlbnRyYWwxL2F0dGFjaENhcmRTdHJpcGUvU3l0RmVVNkhDQ1U  
 
[debug] [2019-01-23T01:53:44.631Z] >>> HTTP REQUEST GET https://cloudfunctions.googleapis.com/v1/operations/c2F2b3VyLWRlYWxzL3VzLWNlbnRyYWwxL3VwZGF0ZVZlbmRvci91NWFvNGVoeFZ3aw  
 
[debug] [2019-01-23T01:53:44.636Z] >>> HTTP REQUEST GET https://cloudfunctions.googleapis.com/v1/operations/c2F2b3VyLWRlYWxzL3VzLWNlbnRyYWwxL2RlYWxSZWRlZW1lZC9ZQzA0d3VUcjlITQ  
 
[debug] [2019-01-23T01:53:44.638Z] >>> HTTP REQUEST GET https://cloudfunctions.googleapis.com/v1/operations/c2F2b3VyLWRlYWxzL3VzLWNlbnRyYWwxL3VzZXJBY3RpdmVDaGFuZ2VkL1QxOVhzYVpONk1r  
 
[debug] [2019-01-23T01:53:44.644Z] >>> HTTP REQUEST GET https://cloudfunctions.googleapis.com/v1/operations/c2F2b3VyLWRlYWxzL3VzLWNlbnRyYWwxL2luY3JlbWVudFZlbmRvckNvdW50L2llSHVxYUN5Wnhn  
 
[debug] [2019-01-23T01:53:44.654Z] <<< HTTP RESPONSE 200
[debug] [2019-01-23T01:53:44.655Z] >>> HTTP REQUEST GET https://cloudfunctions.googleapis.com/v1/operations/c2F2b3VyLWRlYWxzL3VzLWNlbnRyYWwxL2dldEN1c3RvbWVyU3RyaXBlLzdRYlpIRm0zWk5j  
 
[debug] [2019-01-23T01:53:44.690Z] <<< HTTP RESPONSE 200
[debug] [2019-01-23T01:53:44.694Z] >>> HTTP REQUEST GET https://cloudfunctions.googleapis.com/v1/operations/c2F2b3VyLWRlYWxzL3VzLWNlbnRyYWwxL2dldEludm9pY2VTdHJpcGUvZmdIZ0g5di05Y2s  
 
[debug] [2019-01-23T01:53:44.706Z] >>> HTTP REQUEST GET https://cloudfunctions.googleapis.com/v1/operations/c2F2b3VyLWRlYWxzL3VzLWNlbnRyYWwxL2hhbmRsZVN0cmlwZUV2ZW50L0g5cmFWZ1N3XzdZ  
 
[debug] [2019-01-23T01:53:44.719Z] <<< HTTP RESPONSE 200
[debug] [2019-01-23T01:53:44.721Z] <<< HTTP RESPONSE 200
[debug] [2019-01-23T01:53:44.728Z] <<< HTTP RESPONSE 200
[debug] [2019-01-23T01:53:44.735Z] <<< HTTP RESPONSE 200
[debug] [2019-01-23T01:53:44.745Z] <<< HTTP RESPONSE 200
[debug] [2019-01-23T01:53:44.761Z] <<< HTTP RESPONSE 200
[debug] [2019-01-23T01:53:44.771Z] <<< HTTP RESPONSE 200
[debug] [2019-01-23T01:53:44.811Z] <<< HTTP RESPONSE 200
[debug] [2019-01-23T01:53:44.813Z] <<< HTTP RESPONSE 200
[debug] [2019-01-23T01:53:44.818Z] <<< HTTP RESPONSE 200
[debug] [2019-01-23T01:53:44.826Z] <<< HTTP RESPONSE 200
[debug] [2019-01-23T01:53:44.830Z] <<< HTTP RESPONSE 200
[debug] [2019-01-23T01:53:44.846Z] <<< HTTP RESPONSE 200
[debug] [2019-01-23T01:53:44.888Z] <<< HTTP RESPONSE 200
[debug] [2019-01-23T01:53:44.903Z] <<< HTTP RESPONSE 200
[debug] [2019-01-23T01:53:44.904Z] <<< HTTP RESPONSE 200
[debug] [2019-01-23T01:53:49.508Z] >>> HTTP REQUEST GET https://cloudfunctions.googleapis.com/v1/operations/c2F2b3VyLWRlYWxzL3VzLWNlbnRyYWwxL2RlYWxDcmVhdGVkL2xMaTlMbmxhN3ZN  
 
[debug] [2019-01-23T01:53:49.606Z] >>> HTTP REQUEST GET https://cloudfunctions.googleapis.com/v1/operations/c2F2b3VyLWRlYWxzL3VzLWNlbnRyYWwxL3NpZ251cC9QajNqY3RxQWRCQQ  
 
[debug] [2019-01-23T01:53:49.652Z] <<< HTTP RESPONSE 200
[debug] [2019-01-23T01:53:49.655Z] >>> HTTP REQUEST GET https://cloudfunctions.googleapis.com/v1/operations/c2F2b3VyLWRlYWxzL3VzLWNlbnRyYWwxL2luY3JlbWVudFVzZXJDb3VudC9ncHVheHlMajhXcw  
 
[debug] [2019-01-23T01:53:49.694Z] >>> HTTP REQUEST GET https://cloudfunctions.googleapis.com/v1/operations/c2F2b3VyLWRlYWxzL3VzLWNlbnRyYWwxL2RlbGV0ZUFjY291bnQvV1FIZjdYWGhUYVk  
 
[debug] [2019-01-23T01:53:49.721Z] >>> HTTP REQUEST GET https://cloudfunctions.googleapis.com/v1/operations/c2F2b3VyLWRlYWxzL3VzLWNlbnRyYWwxL2NyZWF0ZVN0cmlwZS8wNjVLc205UWl1cw  
 
[debug] [2019-01-23T01:53:49.722Z] >>> HTTP REQUEST GET https://cloudfunctions.googleapis.com/v1/operations/c2F2b3VyLWRlYWxzL3VzLWNlbnRyYWwxL2RlY3JlbWVudFZlbmRvckFjY291bnQvdkpRN0JaeHZhUGM  
 
[debug] [2019-01-23T01:53:49.729Z] >>> HTTP REQUEST GET https://cloudfunctions.googleapis.com/v1/operations/c2F2b3VyLWRlYWxzL3VzLWNlbnRyYWwxL2RlY3JlbWVudFVzZXJDb3VudC9SclpVeGZxdFVIZw  
 
[debug] [2019-01-23T01:53:49.737Z] >>> HTTP REQUEST GET https://cloudfunctions.googleapis.com/v1/operations/c2F2b3VyLWRlYWxzL3VzLWNlbnRyYWwxL3VwZGF0ZVN0cmlwZVN1YnNjcmlwdGlvbi9RdFJ2YTBSY29qaw  
 
[debug] [2019-01-23T01:53:49.746Z] >>> HTTP REQUEST GET https://cloudfunctions.googleapis.com/v1/operations/c2F2b3VyLWRlYWxzL3VzLWNlbnRyYWwxL2V2ZW50cy8yVW5QSTdwRHVfQQ  
 
[debug] [2019-01-23T01:53:49.760Z] <<< HTTP RESPONSE 200
[info] ✔  functions[signup(us-central1)]: Successful update operation. 
[debug] [2019-01-23T01:53:49.767Z] >>> HTTP REQUEST GET https://cloudfunctions.googleapis.com/v1/operations/c2F2b3VyLWRlYWxzL3VzLWNlbnRyYWwxL2NoYW5nZVN0cmlwZVNvdXJjZS91ZGVBc09vSFNlYw  
 
[debug] [2019-01-23T01:53:49.772Z] >>> HTTP REQUEST GET https://cloudfunctions.googleapis.com/v1/operations/c2F2b3VyLWRlYWxzL3VzLWNlbnRyYWwxL2luY3JlbWVudFN0cmlwZS9HMW5nMG81bG9pSQ  
 
[debug] [2019-01-23T01:53:49.804Z] <<< HTTP RESPONSE 200
[debug] [2019-01-23T01:53:49.812Z] >>> HTTP REQUEST GET https://cloudfunctions.googleapis.com/v1/operations/c2F2b3VyLWRlYWxzL3VzLWNlbnRyYWwxL2xveWFsdHlSZWRlZW1lZC8zaE0tZFVHWUg5VQ  
 
[debug] [2019-01-23T01:53:49.814Z] >>> HTTP REQUEST GET https://cloudfunctions.googleapis.com/v1/operations/c2F2b3VyLWRlYWxzL3VzLWNlbnRyYWwxL2F0dGFjaENhcmRTdHJpcGUvU3l0RmVVNkhDQ1U  
 
[debug] [2019-01-23T01:53:49.819Z] >>> HTTP REQUEST GET https://cloudfunctions.googleapis.com/v1/operations/c2F2b3VyLWRlYWxzL3VzLWNlbnRyYWwxL3VwZGF0ZVZlbmRvci91NWFvNGVoeFZ3aw  
 
[debug] [2019-01-23T01:53:49.826Z] >>> HTTP REQUEST GET https://cloudfunctions.googleapis.com/v1/operations/c2F2b3VyLWRlYWxzL3VzLWNlbnRyYWwxL3VzZXJBY3RpdmVDaGFuZ2VkL1QxOVhzYVpONk1r  
 
[debug] [2019-01-23T01:53:49.831Z] >>> HTTP REQUEST GET https://cloudfunctions.googleapis.com/v1/operations/c2F2b3VyLWRlYWxzL3VzLWNlbnRyYWwxL2luY3JlbWVudFZlbmRvckNvdW50L2llSHVxYUN5Wnhn  
 
[debug] [2019-01-23T01:53:49.832Z] <<< HTTP RESPONSE 200
[debug] [2019-01-23T01:53:49.847Z] >>> HTTP REQUEST GET https://cloudfunctions.googleapis.com/v1/operations/c2F2b3VyLWRlYWxzL3VzLWNlbnRyYWwxL2RlYWxSZWRlZW1lZC9ZQzA0d3VUcjlITQ  
 
[debug] [2019-01-23T01:53:49.884Z] <<< HTTP RESPONSE 200
[debug] [2019-01-23T01:53:49.885Z] <<< HTTP RESPONSE 200
[debug] [2019-01-23T01:53:49.888Z] >>> HTTP REQUEST GET https://cloudfunctions.googleapis.com/v1/operations/c2F2b3VyLWRlYWxzL3VzLWNlbnRyYWwxL2dldEN1c3RvbWVyU3RyaXBlLzdRYlpIRm0zWk5j  
 
[debug] [2019-01-23T01:53:49.895Z] <<< HTTP RESPONSE 200
[debug] [2019-01-23T01:53:49.906Z] >>> HTTP REQUEST GET https://cloudfunctions.googleapis.com/v1/operations/c2F2b3VyLWRlYWxzL3VzLWNlbnRyYWwxL2dldEludm9pY2VTdHJpcGUvZmdIZ0g5di05Y2s  
 
[debug] [2019-01-23T01:53:49.907Z] >>> HTTP REQUEST GET https://cloudfunctions.googleapis.com/v1/operations/c2F2b3VyLWRlYWxzL3VzLWNlbnRyYWwxL2hhbmRsZVN0cmlwZUV2ZW50L0g5cmFWZ1N3XzdZ  
 
[debug] [2019-01-23T01:53:49.914Z] <<< HTTP RESPONSE 200
[debug] [2019-01-23T01:53:49.925Z] <<< HTTP RESPONSE 200
[info] ✔  functions[createStripe(us-central1)]: Successful update operation. 
[debug] [2019-01-23T01:53:49.937Z] <<< HTTP RESPONSE 200
[info] ✔  functions[changeStripeSource(us-central1)]: Successful update operation. 
[debug] [2019-01-23T01:53:49.940Z] <<< HTTP RESPONSE 200
[debug] [2019-01-23T01:53:49.979Z] <<< HTTP RESPONSE 200
[debug] [2019-01-23T01:53:49.980Z] <<< HTTP RESPONSE 200
[debug] [2019-01-23T01:53:49.988Z] <<< HTTP RESPONSE 200
[debug] [2019-01-23T01:53:49.993Z] <<< HTTP RESPONSE 200
[debug] [2019-01-23T01:53:49.997Z] <<< HTTP RESPONSE 200
[debug] [2019-01-23T01:53:50.025Z] <<< HTTP RESPONSE 200
[debug] [2019-01-23T01:53:50.080Z] <<< HTTP RESPONSE 200
[debug] [2019-01-23T01:53:50.087Z] <<< HTTP RESPONSE 200
[debug] [2019-01-23T01:53:50.108Z] <<< HTTP RESPONSE 200
[info] ✔  functions[getInvoiceStripe(us-central1)]: Successful update operation. 
[debug] [2019-01-23T01:53:54.655Z] >>> HTTP REQUEST GET https://cloudfunctions.googleapis.com/v1/operations/c2F2b3VyLWRlYWxzL3VzLWNlbnRyYWwxL2RlYWxDcmVhdGVkL2xMaTlMbmxhN3ZN  
 
[debug] [2019-01-23T01:53:54.804Z] <<< HTTP RESPONSE 200
[info] ✔  functions[dealCreated(us-central1)]: Successful create operation. 
[debug] [2019-01-23T01:53:54.807Z] >>> HTTP REQUEST GET https://cloudfunctions.googleapis.com/v1/operations/c2F2b3VyLWRlYWxzL3VzLWNlbnRyYWwxL2luY3JlbWVudFVzZXJDb3VudC9ncHVheHlMajhXcw  
 
[debug] [2019-01-23T01:53:54.833Z] >>> HTTP REQUEST GET https://cloudfunctions.googleapis.com/v1/operations/c2F2b3VyLWRlYWxzL3VzLWNlbnRyYWwxL2RlbGV0ZUFjY291bnQvV1FIZjdYWGhUYVk  
 
[debug] [2019-01-23T01:53:54.885Z] >>> HTTP REQUEST GET https://cloudfunctions.googleapis.com/v1/operations/c2F2b3VyLWRlYWxzL3VzLWNlbnRyYWwxL2RlY3JlbWVudFVzZXJDb3VudC9SclpVeGZxdFVIZw  
 
[debug] [2019-01-23T01:53:54.887Z] >>> HTTP REQUEST GET https://cloudfunctions.googleapis.com/v1/operations/c2F2b3VyLWRlYWxzL3VzLWNlbnRyYWwxL2RlY3JlbWVudFZlbmRvckFjY291bnQvdkpRN0JaeHZhUGM  
 
[debug] [2019-01-23T01:53:54.895Z] >>> HTTP REQUEST GET https://cloudfunctions.googleapis.com/v1/operations/c2F2b3VyLWRlYWxzL3VzLWNlbnRyYWwxL2V2ZW50cy8yVW5QSTdwRHVfQQ  
 
[debug] [2019-01-23T01:53:54.914Z] >>> HTTP REQUEST GET https://cloudfunctions.googleapis.com/v1/operations/c2F2b3VyLWRlYWxzL3VzLWNlbnRyYWwxL3VwZGF0ZVN0cmlwZVN1YnNjcmlwdGlvbi9RdFJ2YTBSY29qaw  
 
[debug] [2019-01-23T01:53:54.941Z] >>> HTTP REQUEST GET https://cloudfunctions.googleapis.com/v1/operations/c2F2b3VyLWRlYWxzL3VzLWNlbnRyYWwxL2luY3JlbWVudFN0cmlwZS9HMW5nMG81bG9pSQ  
 
[debug] [2019-01-23T01:53:54.951Z] <<< HTTP RESPONSE 200
[debug] [2019-01-23T01:53:54.979Z] >>> HTTP REQUEST GET https://cloudfunctions.googleapis.com/v1/operations/c2F2b3VyLWRlYWxzL3VzLWNlbnRyYWwxL2xveWFsdHlSZWRlZW1lZC8zaE0tZFVHWUg5VQ  
 
[debug] [2019-01-23T01:53:54.980Z] >>> HTTP REQUEST GET https://cloudfunctions.googleapis.com/v1/operations/c2F2b3VyLWRlYWxzL3VzLWNlbnRyYWwxL2F0dGFjaENhcmRTdHJpcGUvU3l0RmVVNkhDQ1U  
 
[debug] [2019-01-23T01:53:54.990Z] >>> HTTP REQUEST GET https://cloudfunctions.googleapis.com/v1/operations/c2F2b3VyLWRlYWxzL3VzLWNlbnRyYWwxL3VzZXJBY3RpdmVDaGFuZ2VkL1QxOVhzYVpONk1r  
 
[debug] [2019-01-23T01:53:54.994Z] >>> HTTP REQUEST GET https://cloudfunctions.googleapis.com/v1/operations/c2F2b3VyLWRlYWxzL3VzLWNlbnRyYWwxL3VwZGF0ZVZlbmRvci91NWFvNGVoeFZ3aw  
 
[debug] [2019-01-23T01:53:54.997Z] >>> HTTP REQUEST GET https://cloudfunctions.googleapis.com/v1/operations/c2F2b3VyLWRlYWxzL3VzLWNlbnRyYWwxL2luY3JlbWVudFZlbmRvckNvdW50L2llSHVxYUN5Wnhn  
 
[debug] [2019-01-23T01:53:55.000Z] <<< HTTP RESPONSE 200
[info] ✔  functions[deleteAccount(us-central1)]: Successful update operation. 
[debug] [2019-01-23T01:53:55.020Z] <<< HTTP RESPONSE 200
[debug] [2019-01-23T01:53:55.025Z] >>> HTTP REQUEST GET https://cloudfunctions.googleapis.com/v1/operations/c2F2b3VyLWRlYWxzL3VzLWNlbnRyYWwxL2RlYWxSZWRlZW1lZC9ZQzA0d3VUcjlITQ  
 
[debug] [2019-01-23T01:53:55.030Z] <<< HTTP RESPONSE 200
[debug] [2019-01-23T01:53:55.031Z] <<< HTTP RESPONSE 200
[debug] [2019-01-23T01:53:55.067Z] <<< HTTP RESPONSE 200
[debug] [2019-01-23T01:53:55.071Z] <<< HTTP RESPONSE 200
[info] ✔  functions[updateStripeSubscription(us-central1)]: Successful update operation. 
[debug] [2019-01-23T01:53:55.081Z] >>> HTTP REQUEST GET https://cloudfunctions.googleapis.com/v1/operations/c2F2b3VyLWRlYWxzL3VzLWNlbnRyYWwxL2dldEN1c3RvbWVyU3RyaXBlLzdRYlpIRm0zWk5j  
 
[debug] [2019-01-23T01:53:55.088Z] >>> HTTP REQUEST GET https://cloudfunctions.googleapis.com/v1/operations/c2F2b3VyLWRlYWxzL3VzLWNlbnRyYWwxL2hhbmRsZVN0cmlwZUV2ZW50L0g5cmFWZ1N3XzdZ  
 
[debug] [2019-01-23T01:53:55.141Z] <<< HTTP RESPONSE 200
[debug] [2019-01-23T01:53:55.159Z] <<< HTTP RESPONSE 200
[info] ✔  functions[loyaltyRedeemed(us-central1)]: Successful update operation. 
[debug] [2019-01-23T01:53:55.160Z] <<< HTTP RESPONSE 200
[debug] [2019-01-23T01:53:55.171Z] <<< HTTP RESPONSE 200
[debug] [2019-01-23T01:53:55.179Z] <<< HTTP RESPONSE 200
[debug] [2019-01-23T01:53:55.193Z] <<< HTTP RESPONSE 200
[debug] [2019-01-23T01:53:55.287Z] <<< HTTP RESPONSE 200
[debug] [2019-01-23T01:53:55.289Z] <<< HTTP RESPONSE 200
[info] ✔  functions[handleStripeEvent(us-central1)]: Successful update operation. 
[debug] [2019-01-23T01:53:59.952Z] >>> HTTP REQUEST GET https://cloudfunctions.googleapis.com/v1/operations/c2F2b3VyLWRlYWxzL3VzLWNlbnRyYWwxL2luY3JlbWVudFVzZXJDb3VudC9ncHVheHlMajhXcw  
 
[debug] [2019-01-23T01:54:00.022Z] >>> HTTP REQUEST GET https://cloudfunctions.googleapis.com/v1/operations/c2F2b3VyLWRlYWxzL3VzLWNlbnRyYWwxL2RlY3JlbWVudFVzZXJDb3VudC9SclpVeGZxdFVIZw  
 
[debug] [2019-01-23T01:54:00.033Z] >>> HTTP REQUEST GET https://cloudfunctions.googleapis.com/v1/operations/c2F2b3VyLWRlYWxzL3VzLWNlbnRyYWwxL2V2ZW50cy8yVW5QSTdwRHVfQQ  
 
[debug] [2019-01-23T01:54:00.033Z] >>> HTTP REQUEST GET https://cloudfunctions.googleapis.com/v1/operations/c2F2b3VyLWRlYWxzL3VzLWNlbnRyYWwxL2RlY3JlbWVudFZlbmRvckFjY291bnQvdkpRN0JaeHZhUGM  
 
[debug] [2019-01-23T01:54:00.070Z] >>> HTTP REQUEST GET https://cloudfunctions.googleapis.com/v1/operations/c2F2b3VyLWRlYWxzL3VzLWNlbnRyYWwxL2luY3JlbWVudFN0cmlwZS9HMW5nMG81bG9pSQ  
 
[debug] [2019-01-23T01:54:00.085Z] <<< HTTP RESPONSE 200
[debug] [2019-01-23T01:54:00.143Z] >>> HTTP REQUEST GET https://cloudfunctions.googleapis.com/v1/operations/c2F2b3VyLWRlYWxzL3VzLWNlbnRyYWwxL2F0dGFjaENhcmRTdHJpcGUvU3l0RmVVNkhDQ1U  
 
[debug] [2019-01-23T01:54:00.163Z] >>> HTTP REQUEST GET https://cloudfunctions.googleapis.com/v1/operations/c2F2b3VyLWRlYWxzL3VzLWNlbnRyYWwxL2luY3JlbWVudFZlbmRvckNvdW50L2llSHVxYUN5Wnhn  
 
[debug] [2019-01-23T01:54:00.172Z] >>> HTTP REQUEST GET https://cloudfunctions.googleapis.com/v1/operations/c2F2b3VyLWRlYWxzL3VzLWNlbnRyYWwxL3VwZGF0ZVZlbmRvci91NWFvNGVoeFZ3aw  
 
[debug] [2019-01-23T01:54:00.174Z] <<< HTTP RESPONSE 200
[debug] [2019-01-23T01:54:00.182Z] >>> HTTP REQUEST GET https://cloudfunctions.googleapis.com/v1/operations/c2F2b3VyLWRlYWxzL3VzLWNlbnRyYWwxL3VzZXJBY3RpdmVDaGFuZ2VkL1QxOVhzYVpONk1r  
 
[debug] [2019-01-23T01:54:00.194Z] >>> HTTP REQUEST GET https://cloudfunctions.googleapis.com/v1/operations/c2F2b3VyLWRlYWxzL3VzLWNlbnRyYWwxL2RlYWxSZWRlZW1lZC9ZQzA0d3VUcjlITQ  
 
[debug] [2019-01-23T01:54:00.212Z] <<< HTTP RESPONSE 200
[info] ✔  functions[events(us-central1)]: Successful update operation. 
[debug] [2019-01-23T01:54:00.224Z] <<< HTTP RESPONSE 200
[debug] [2019-01-23T01:54:00.240Z] <<< HTTP RESPONSE 200
[debug] [2019-01-23T01:54:00.289Z] >>> HTTP REQUEST GET https://cloudfunctions.googleapis.com/v1/operations/c2F2b3VyLWRlYWxzL3VzLWNlbnRyYWwxL2dldEN1c3RvbWVyU3RyaXBlLzdRYlpIRm0zWk5j  
 
[debug] [2019-01-23T01:54:00.305Z] <<< HTTP RESPONSE 200
[info] ✔  functions[attachCardStripe(us-central1)]: Successful update operation. 
[debug] [2019-01-23T01:54:00.311Z] <<< HTTP RESPONSE 200
[debug] [2019-01-23T01:54:00.322Z] <<< HTTP RESPONSE 200
[info] ✔  functions[incrementVendorCount(us-central1)]: Successful update operation. 
[debug] [2019-01-23T01:54:00.340Z] <<< HTTP RESPONSE 200
[debug] [2019-01-23T01:54:00.349Z] <<< HTTP RESPONSE 200
[debug] [2019-01-23T01:54:00.477Z] <<< HTTP RESPONSE 200
[info] ✔  functions[getCustomerStripe(us-central1)]: Successful update operation. 
[debug] [2019-01-23T01:54:05.085Z] >>> HTTP REQUEST GET https://cloudfunctions.googleapis.com/v1/operations/c2F2b3VyLWRlYWxzL3VzLWNlbnRyYWwxL2luY3JlbWVudFVzZXJDb3VudC9ncHVheHlMajhXcw  
 
[debug] [2019-01-23T01:54:05.180Z] >>> HTTP REQUEST GET https://cloudfunctions.googleapis.com/v1/operations/c2F2b3VyLWRlYWxzL3VzLWNlbnRyYWwxL2RlY3JlbWVudFVzZXJDb3VudC9SclpVeGZxdFVIZw  
 
[debug] [2019-01-23T01:54:05.229Z] >>> HTTP REQUEST GET https://cloudfunctions.googleapis.com/v1/operations/c2F2b3VyLWRlYWxzL3VzLWNlbnRyYWwxL2RlY3JlbWVudFZlbmRvckFjY291bnQvdkpRN0JaeHZhUGM  
 
[debug] [2019-01-23T01:54:05.230Z] <<< HTTP RESPONSE 200
[debug] [2019-01-23T01:54:05.241Z] >>> HTTP REQUEST GET https://cloudfunctions.googleapis.com/v1/operations/c2F2b3VyLWRlYWxzL3VzLWNlbnRyYWwxL2luY3JlbWVudFN0cmlwZS9HMW5nMG81bG9pSQ  
 
[debug] [2019-01-23T01:54:05.313Z] >>> HTTP REQUEST GET https://cloudfunctions.googleapis.com/v1/operations/c2F2b3VyLWRlYWxzL3VzLWNlbnRyYWwxL3VwZGF0ZVZlbmRvci91NWFvNGVoeFZ3aw  
 
[debug] [2019-01-23T01:54:05.336Z] <<< HTTP RESPONSE 200
[info] ✔  functions[decrementUserCount(us-central1)]: Successful update operation. 
[debug] [2019-01-23T01:54:05.342Z] >>> HTTP REQUEST GET https://cloudfunctions.googleapis.com/v1/operations/c2F2b3VyLWRlYWxzL3VzLWNlbnRyYWwxL2RlYWxSZWRlZW1lZC9ZQzA0d3VUcjlITQ  
 
[debug] [2019-01-23T01:54:05.350Z] >>> HTTP REQUEST GET https://cloudfunctions.googleapis.com/v1/operations/c2F2b3VyLWRlYWxzL3VzLWNlbnRyYWwxL3VzZXJBY3RpdmVDaGFuZ2VkL1QxOVhzYVpONk1r  
 
[debug] [2019-01-23T01:54:05.381Z] <<< HTTP RESPONSE 200
[debug] [2019-01-23T01:54:05.406Z] <<< HTTP RESPONSE 200
[debug] [2019-01-23T01:54:05.583Z] <<< HTTP RESPONSE 200
[debug] [2019-01-23T01:54:05.601Z] <<< HTTP RESPONSE 200
[info] ✔  functions[updateVendor(us-central1)]: Successful update operation. 
[debug] [2019-01-23T01:54:05.604Z] <<< HTTP RESPONSE 200
[debug] [2019-01-23T01:54:10.235Z] >>> HTTP REQUEST GET https://cloudfunctions.googleapis.com/v1/operations/c2F2b3VyLWRlYWxzL3VzLWNlbnRyYWwxL2luY3JlbWVudFVzZXJDb3VudC9ncHVheHlMajhXcw  
 
[debug] [2019-01-23T01:54:10.385Z] >>> HTTP REQUEST GET https://cloudfunctions.googleapis.com/v1/operations/c2F2b3VyLWRlYWxzL3VzLWNlbnRyYWwxL2RlY3JlbWVudFZlbmRvckFjY291bnQvdkpRN0JaeHZhUGM  
 
[debug] [2019-01-23T01:54:10.406Z] >>> HTTP REQUEST GET https://cloudfunctions.googleapis.com/v1/operations/c2F2b3VyLWRlYWxzL3VzLWNlbnRyYWwxL2luY3JlbWVudFN0cmlwZS9HMW5nMG81bG9pSQ  
 
[debug] [2019-01-23T01:54:10.449Z] <<< HTTP RESPONSE 200
[info] ✔  functions[incrementUserCount(us-central1)]: Successful update operation. 
[debug] [2019-01-23T01:54:10.551Z] <<< HTTP RESPONSE 200
[debug] [2019-01-23T01:54:10.559Z] <<< HTTP RESPONSE 200
[debug] [2019-01-23T01:54:10.585Z] >>> HTTP REQUEST GET https://cloudfunctions.googleapis.com/v1/operations/c2F2b3VyLWRlYWxzL3VzLWNlbnRyYWwxL3VzZXJBY3RpdmVDaGFuZ2VkL1QxOVhzYVpONk1r  
 
[debug] [2019-01-23T01:54:10.607Z] >>> HTTP REQUEST GET https://cloudfunctions.googleapis.com/v1/operations/c2F2b3VyLWRlYWxzL3VzLWNlbnRyYWwxL2RlYWxSZWRlZW1lZC9ZQzA0d3VUcjlITQ  
 
[debug] [2019-01-23T01:54:10.758Z] <<< HTTP RESPONSE 200
[debug] [2019-01-23T01:54:10.793Z] <<< HTTP RESPONSE 200
[info] ✔  functions[userActiveChanged(us-central1)]: Successful update operation. 
[debug] [2019-01-23T01:54:15.552Z] >>> HTTP REQUEST GET https://cloudfunctions.googleapis.com/v1/operations/c2F2b3VyLWRlYWxzL3VzLWNlbnRyYWwxL2luY3JlbWVudFN0cmlwZS9HMW5nMG81bG9pSQ  
 
[debug] [2019-01-23T01:54:15.559Z] >>> HTTP REQUEST GET https://cloudfunctions.googleapis.com/v1/operations/c2F2b3VyLWRlYWxzL3VzLWNlbnRyYWwxL2RlY3JlbWVudFZlbmRvckFjY291bnQvdkpRN0JaeHZhUGM  
 
[debug] [2019-01-23T01:54:15.723Z] <<< HTTP RESPONSE 200
[debug] [2019-01-23T01:54:15.759Z] >>> HTTP REQUEST GET https://cloudfunctions.googleapis.com/v1/operations/c2F2b3VyLWRlYWxzL3VzLWNlbnRyYWwxL2RlYWxSZWRlZW1lZC9ZQzA0d3VUcjlITQ  
 
[debug] [2019-01-23T01:54:15.762Z] <<< HTTP RESPONSE 200
[info] ✔  functions[incrementStripe(us-central1)]: Successful update operation. 
[debug] [2019-01-23T01:54:15.944Z] <<< HTTP RESPONSE 200
[debug] [2019-01-23T01:54:20.726Z] >>> HTTP REQUEST GET https://cloudfunctions.googleapis.com/v1/operations/c2F2b3VyLWRlYWxzL3VzLWNlbnRyYWwxL2RlY3JlbWVudFZlbmRvckFjY291bnQvdkpRN0JaeHZhUGM  
 
[debug] [2019-01-23T01:54:20.862Z] <<< HTTP RESPONSE 200
[debug] [2019-01-23T01:54:20.947Z] >>> HTTP REQUEST GET https://cloudfunctions.googleapis.com/v1/operations/c2F2b3VyLWRlYWxzL3VzLWNlbnRyYWwxL2RlYWxSZWRlZW1lZC9ZQzA0d3VUcjlITQ  
 
[debug] [2019-01-23T01:54:21.115Z] <<< HTTP RESPONSE 200
[debug] [2019-01-23T01:54:25.868Z] >>> HTTP REQUEST GET https://cloudfunctions.googleapis.com/v1/operations/c2F2b3VyLWRlYWxzL3VzLWNlbnRyYWwxL2RlY3JlbWVudFZlbmRvckFjY291bnQvdkpRN0JaeHZhUGM  
 
[debug] [2019-01-23T01:54:26.006Z] <<< HTTP RESPONSE 200
[debug] [2019-01-23T01:54:26.119Z] >>> HTTP REQUEST GET https://cloudfunctions.googleapis.com/v1/operations/c2F2b3VyLWRlYWxzL3VzLWNlbnRyYWwxL2RlYWxSZWRlZW1lZC9ZQzA0d3VUcjlITQ  
 
[debug] [2019-01-23T01:54:26.251Z] <<< HTTP RESPONSE 200
[debug] [2019-01-23T01:54:31.006Z] >>> HTTP REQUEST GET https://cloudfunctions.googleapis.com/v1/operations/c2F2b3VyLWRlYWxzL3VzLWNlbnRyYWwxL2RlY3JlbWVudFZlbmRvckFjY291bnQvdkpRN0JaeHZhUGM  
 
[debug] [2019-01-23T01:54:31.145Z] <<< HTTP RESPONSE 200
[debug] [2019-01-23T01:54:31.254Z] >>> HTTP REQUEST GET https://cloudfunctions.googleapis.com/v1/operations/c2F2b3VyLWRlYWxzL3VzLWNlbnRyYWwxL2RlYWxSZWRlZW1lZC9ZQzA0d3VUcjlITQ  
 
[debug] [2019-01-23T01:54:31.442Z] <<< HTTP RESPONSE 200
[debug] [2019-01-23T01:54:36.146Z] >>> HTTP REQUEST GET https://cloudfunctions.googleapis.com/v1/operations/c2F2b3VyLWRlYWxzL3VzLWNlbnRyYWwxL2RlY3JlbWVudFZlbmRvckFjY291bnQvdkpRN0JaeHZhUGM  
 
[debug] [2019-01-23T01:54:36.312Z] <<< HTTP RESPONSE 200
[debug] [2019-01-23T01:54:36.448Z] >>> HTTP REQUEST GET https://cloudfunctions.googleapis.com/v1/operations/c2F2b3VyLWRlYWxzL3VzLWNlbnRyYWwxL2RlYWxSZWRlZW1lZC9ZQzA0d3VUcjlITQ  
 
[debug] [2019-01-23T01:54:36.583Z] <<< HTTP RESPONSE 200
