[debug] [2018-11-22T19:49:55.425Z] ----------------------------------------------------------------------
[debug] [2018-11-22T19:49:55.427Z] Command:       /usr/local/bin/node /usr/local/bin/firebase deploy
[debug] [2018-11-22T19:49:55.427Z] CLI Version:   6.0.0
[debug] [2018-11-22T19:49:55.427Z] Platform:      darwin
[debug] [2018-11-22T19:49:55.427Z] Node Version:  v10.4.1
[debug] [2018-11-22T19:49:55.428Z] Time:          Thu Nov 22 2018 13:49:55 GMT-0600 (Central Standard Time)
[debug] [2018-11-22T19:49:55.428Z] ----------------------------------------------------------------------
[debug] 
[debug] [2018-11-22T19:49:55.437Z] > command requires scopes: ["email","openid","https://www.googleapis.com/auth/cloudplatformprojects.readonly","https://www.googleapis.com/auth/firebase","https://www.googleapis.com/auth/cloud-platform"]
[debug] [2018-11-22T19:49:55.437Z] > authorizing via signed-in user
[debug] [2018-11-22T19:49:55.437Z] [iam] checking project savour-deals for permissions ["cloudfunctions.functions.create","cloudfunctions.functions.delete","cloudfunctions.functions.get","cloudfunctions.functions.list","cloudfunctions.functions.update","cloudfunctions.operations.get","firebase.projects.get"]
[debug] [2018-11-22T19:49:55.438Z] >>> HTTP REQUEST POST https://cloudresourcemanager.googleapis.com/v1/projects/savour-deals:testIamPermissions  

[debug] [2018-11-22T19:49:55.755Z] <<< HTTP RESPONSE 200
[info] 
[info] === Deploying to 'savour-deals'...
[info] 
[info] i  deploying functions
[debug] [2018-11-22T19:49:57.234Z] > [functions] package.json contents: {
  "name": "functions",
  "description": "Cloud Functions for Firebase",
  "dependencies": {
    "@google/maps": "^0.4.5",
    "es6-promise": "^4.2.5",
    "firebase": "^2.4.2",
    "firebase-admin": "^5.13.1",
    "firebase-functions": "^2.0.5",
    "geofire": "^4.1.2",
    "isomorphic-fetch": "^2.2.1",
    "node-googleplaces": "^0.1.2",
    "stripe": "^6.12.1",
    "xmlhttprequest": "^1.8.0"
  },
  "private": true
}
[info] i  functions: ensuring necessary APIs are enabled...
[debug] [2018-11-22T19:49:57.235Z] >>> HTTP REQUEST GET https://servicemanagement.googleapis.com/v1/services/cloudfunctions.googleapis.com/projectSettings/savour-deals?view=CONSUMER_VIEW  
 
[debug] [2018-11-22T19:49:57.236Z] >>> HTTP REQUEST GET https://servicemanagement.googleapis.com/v1/services/runtimeconfig.googleapis.com/projectSettings/savour-deals?view=CONSUMER_VIEW  
 
[debug] [2018-11-22T19:49:57.923Z] <<< HTTP RESPONSE 200
[debug] [2018-11-22T19:49:57.992Z] <<< HTTP RESPONSE 200
[info] ✔  functions: all necessary APIs are enabled
[debug] [2018-11-22T19:49:57.993Z] >>> HTTP REQUEST GET https://cloudresourcemanager.googleapis.com/v1/projects/savour-deals  
 
[debug] [2018-11-22T19:49:58.204Z] <<< HTTP RESPONSE 200
[debug] [2018-11-22T19:49:58.205Z] >>> HTTP REQUEST GET https://mobilesdk-pa.googleapis.com/v1/projects/165647122349:getServerAppConfig  
 
[debug] [2018-11-22T19:49:58.503Z] <<< HTTP RESPONSE 200
[info] i  functions: preparing functions directory for uploading...
[debug] [2018-11-22T19:49:58.504Z] >>> HTTP REQUEST GET https://runtimeconfig.googleapis.com/v1beta1/projects/savour-deals/configs  
 
[debug] [2018-11-22T19:49:59.075Z] <<< HTTP RESPONSE 200
[debug] [2018-11-22T19:49:59.076Z] >>> HTTP REQUEST GET https://runtimeconfig.googleapis.com/v1beta1/projects/savour-deals/configs/subscriptions/variables  
 
[debug] [2018-11-22T19:49:59.076Z] >>> HTTP REQUEST GET https://runtimeconfig.googleapis.com/v1beta1/projects/savour-deals/configs/keys/variables  
 
[debug] [2018-11-22T19:49:59.286Z] <<< HTTP RESPONSE 200
[debug] [2018-11-22T19:49:59.287Z] >>> HTTP REQUEST GET https://runtimeconfig.googleapis.com/v1beta1/projects/savour-deals/configs/subscriptions/variables/plan_1dollar  
 
[debug] [2018-11-22T19:49:59.288Z] <<< HTTP RESPONSE 200
[debug] [2018-11-22T19:49:59.288Z] >>> HTTP REQUEST GET https://runtimeconfig.googleapis.com/v1beta1/projects/savour-deals/configs/keys/variables/secret_key  
 
[debug] [2018-11-22T19:49:59.288Z] >>> HTTP REQUEST GET https://runtimeconfig.googleapis.com/v1beta1/projects/savour-deals/configs/keys/variables/endpoint_secret  
 
[debug] [2018-11-22T19:49:59.543Z] <<< HTTP RESPONSE 200
[debug] [2018-11-22T19:49:59.901Z] <<< HTTP RESPONSE 200
[debug] [2018-11-22T19:49:59.902Z] <<< HTTP RESPONSE 200
[info] i  functions: packaged functions (50.3 KB) for uploading
[debug] [2018-11-22T19:50:00.135Z] >>> HTTP REQUEST POST https://cloudfunctions.googleapis.com/v1/projects/savour-deals/locations/us-central1/functions:generateUploadUrl  
 
[debug] [2018-11-22T19:50:00.545Z] <<< HTTP RESPONSE 200
[debug] [2018-11-22T19:50:00.545Z] >>> HTTP REQUEST PUT https://storage.googleapis.com/gcf-upload-us-central1-3cb390b2-933b-46e7-9942-160719c72807/7c82ab66-dee3-47af-9e56-7557a58de5f5.zip?GoogleAccessId=service-165647122349@gcf-admin-robot.iam.gserviceaccount.com&Expires=1542918000&Signature=ApN4FrZSOqm64L8LDXaM4x%2BQ0pU81%2FkIERMD2SyrcLsbRKbZ03tsHaFiSToZAOx%2F6ro3jbXBzjYg4%2BD90LwZ%2B3pC41fNbJWWsoBNdwrELLKdgZdWU7mG1%2Bhc%2BSt34Ssz6SOi%2Bxj7UM18GdXmd6QVEjFBUEAu8MxG9gpriE1exBrSoumG%2B3if3zpJEVzBGQg1K6OvxS9XdE9WHsLUVfiHfXKXfxbCY9R83i4CdtiOyzTL5xYpJzMdcU6t7BmA3M%2F%2F053matIuIPqDXu%2Fq9SGuX4zewIawBor53z9%2BIcwDZFYSmT5ChZen0LpkpZvOny0sfeUNAy%2BNx77%2B8ToFfYoBPg%3D%3D  

[debug] [2018-11-22T19:50:01.114Z] <<< HTTP RESPONSE 200
[info] ✔  functions: functions folder uploaded successfully
[debug] [2018-11-22T19:50:01.116Z] >>> HTTP REQUEST GET https://cloudfunctions.googleapis.com/v1/projects/savour-deals/locations/-/functions  
 
[debug] [2018-11-22T19:50:01.700Z] <<< HTTP RESPONSE 200
[info] i  functions: updating Node.js 6 function incrementUserCount(us-central1)...
[debug] [2018-11-22T19:50:01.702Z] Trigger is:  {"eventTrigger":{"resource":"projects/_/instances/savour-deals/refs/Users/{userId}","eventType":"providers/google.firebase.database/eventTypes/ref.create","service":"firebaseio.com"}}
[info] i  functions: updating Node.js 6 function decrementUserCount(us-central1)...
[debug] [2018-11-22T19:50:01.702Z] Trigger is:  {"eventTrigger":{"resource":"projects/_/instances/savour-deals/refs/Users/{userId}","eventType":"providers/google.firebase.database/eventTypes/ref.delete","service":"firebaseio.com"}}
[info] i  functions: updating Node.js 6 function incrementVendorCount(us-central1)...
[debug] [2018-11-22T19:50:01.703Z] Trigger is:  {"eventTrigger":{"resource":"projects/_/instances/savour-deals/refs/VendorAccounts/{userId}","eventType":"providers/google.firebase.database/eventTypes/ref.create","service":"firebaseio.com"}}
[info] i  functions: updating Node.js 6 function decrementVendorAccount(us-central1)...
[debug] [2018-11-22T19:50:01.703Z] Trigger is:  {"eventTrigger":{"resource":"projects/_/instances/savour-deals/refs/VendorAccounts/{userId}","eventType":"providers/google.firebase.database/eventTypes/ref.delete","service":"firebaseio.com"}}
[info] i  functions: updating Node.js 6 function signup(us-central1)...
[debug] [2018-11-22T19:50:01.703Z] Trigger is:  {"eventTrigger":{"resource":"projects/savour-deals","eventType":"providers/firebase.auth/eventTypes/user.create","service":"firebaseauth.googleapis.com"}}
[info] i  functions: updating Node.js 6 function deleteAccount(us-central1)...
[debug] [2018-11-22T19:50:01.703Z] Trigger is:  {"eventTrigger":{"resource":"projects/savour-deals","eventType":"providers/firebase.auth/eventTypes/user.delete","service":"firebaseauth.googleapis.com"}}
[info] i  functions: updating Node.js 6 function updateVendor(us-central1)...
[debug] [2018-11-22T19:50:01.703Z] Trigger is:  {"eventTrigger":{"resource":"projects/_/instances/savour-deals/refs/Vendors/{newVendor}","eventType":"providers/google.firebase.database/eventTypes/ref.write","service":"firebaseio.com"}}
[info] i  functions: updating Node.js 6 function dealRedeemed(us-central1)...
[debug] [2018-11-22T19:50:01.704Z] Trigger is:  {"eventTrigger":{"resource":"projects/_/instances/savour-deals/refs/Deals/{deal}/redeemed/{user}","eventType":"providers/google.firebase.database/eventTypes/ref.create","service":"firebaseio.com"}}
[info] i  functions: updating Node.js 6 function loyaltyRedeemed(us-central1)...
[debug] [2018-11-22T19:50:01.704Z] Trigger is:  {"eventTrigger":{"resource":"projects/_/instances/savour-deals/refs/Users/{user}/loyalty/{vendor}/redemptions/count","eventType":"providers/google.firebase.database/eventTypes/ref.update","service":"firebaseio.com"}}
[info] i  functions: updating Node.js 6 function incrementStripe(us-central1)...
[debug] [2018-11-22T19:50:01.704Z] Trigger is:  {"httpsTrigger":{}}
[info] i  functions: updating Node.js 6 function userActiveChanged(us-central1)...
[debug] [2018-11-22T19:50:01.704Z] Trigger is:  {"eventTrigger":{"resource":"projects/_/instances/savour-deals/refs/Users/{user}/stripe/active","eventType":"providers/google.firebase.database/eventTypes/ref.write","service":"firebaseio.com"}}
[info] i  functions: updating Node.js 6 function updateStripeSubscription(us-central1)...
[debug] [2018-11-22T19:50:01.705Z] Trigger is:  {"httpsTrigger":{}}
[info] i  functions: updating Node.js 6 function createStripe(us-central1)...
[debug] [2018-11-22T19:50:01.705Z] Trigger is:  {"httpsTrigger":{}}
[info] i  functions: updating Node.js 6 function attachCardStripe(us-central1)...
[debug] [2018-11-22T19:50:01.705Z] Trigger is:  {"httpsTrigger":{}}
[info] i  functions: updating Node.js 6 function changeStripeSource(us-central1)...
[debug] [2018-11-22T19:50:01.705Z] Trigger is:  {"httpsTrigger":{}}
[info] i  functions: updating Node.js 6 function getCustomerStripe(us-central1)...
[debug] [2018-11-22T19:50:01.705Z] Trigger is:  {"httpsTrigger":{}}
[info] i  functions: updating Node.js 6 function getInvoiceStripe(us-central1)...
[debug] [2018-11-22T19:50:01.705Z] Trigger is:  {"httpsTrigger":{}}
[info] i  functions: updating Node.js 6 function events(us-central1)...
[debug] [2018-11-22T19:50:01.712Z] Trigger is:  {"httpsTrigger":{}}
[info] i  functions: updating Node.js 6 function handleStripeEvent(us-central1)...
[debug] [2018-11-22T19:50:01.713Z] Trigger is:  {"eventTrigger":{"resource":"projects/_/instances/savour-deals/refs/events/{event}","eventType":"providers/google.firebase.database/eventTypes/ref.create","service":"firebaseio.com"}}
[info] 
The following functions are found in your project but do not exist in your local source code:
	updateUserCount(us-central1)

If you are renaming a function or changing its region, it is recommended that you create the new function first before deleting the old one to prevent event loss. For more info, visit https://firebase.google.com/docs/functions/manage-functions#modify

[debug] [2018-11-22T19:50:01.726Z] >>> HTTP REQUEST PATCH https://cloudfunctions.googleapis.com/v1/projects/savour-deals/locations/us-central1/functions/incrementUserCount {"updateMask":"sourceUploadUrl,name,labels,eventTrigger.resource,eventTrigger.eventType,eventTrigger.service"} 

[debug] [2018-11-22T19:50:01.727Z] >>> HTTP REQUEST PATCH https://cloudfunctions.googleapis.com/v1/projects/savour-deals/locations/us-central1/functions/decrementUserCount {"updateMask":"sourceUploadUrl,name,labels,eventTrigger.resource,eventTrigger.eventType,eventTrigger.service"} 

[debug] [2018-11-22T19:50:01.728Z] >>> HTTP REQUEST PATCH https://cloudfunctions.googleapis.com/v1/projects/savour-deals/locations/us-central1/functions/incrementVendorCount {"updateMask":"sourceUploadUrl,name,labels,eventTrigger.resource,eventTrigger.eventType,eventTrigger.service"} 

[debug] [2018-11-22T19:50:01.728Z] >>> HTTP REQUEST PATCH https://cloudfunctions.googleapis.com/v1/projects/savour-deals/locations/us-central1/functions/decrementVendorAccount {"updateMask":"sourceUploadUrl,name,labels,eventTrigger.resource,eventTrigger.eventType,eventTrigger.service"} 

[debug] [2018-11-22T19:50:01.729Z] >>> HTTP REQUEST PATCH https://cloudfunctions.googleapis.com/v1/projects/savour-deals/locations/us-central1/functions/signup {"updateMask":"sourceUploadUrl,name,labels,eventTrigger.resource,eventTrigger.eventType,eventTrigger.service"} 

[debug] [2018-11-22T19:50:01.729Z] >>> HTTP REQUEST PATCH https://cloudfunctions.googleapis.com/v1/projects/savour-deals/locations/us-central1/functions/deleteAccount {"updateMask":"sourceUploadUrl,name,labels,eventTrigger.resource,eventTrigger.eventType,eventTrigger.service"} 

[debug] [2018-11-22T19:50:01.730Z] >>> HTTP REQUEST PATCH https://cloudfunctions.googleapis.com/v1/projects/savour-deals/locations/us-central1/functions/updateVendor {"updateMask":"sourceUploadUrl,name,labels,eventTrigger.resource,eventTrigger.eventType,eventTrigger.service"} 

[debug] [2018-11-22T19:50:01.730Z] >>> HTTP REQUEST PATCH https://cloudfunctions.googleapis.com/v1/projects/savour-deals/locations/us-central1/functions/dealRedeemed {"updateMask":"sourceUploadUrl,name,labels,eventTrigger.resource,eventTrigger.eventType,eventTrigger.service"} 

[debug] [2018-11-22T19:50:01.733Z] >>> HTTP REQUEST PATCH https://cloudfunctions.googleapis.com/v1/projects/savour-deals/locations/us-central1/functions/loyaltyRedeemed {"updateMask":"sourceUploadUrl,name,labels,eventTrigger.resource,eventTrigger.eventType,eventTrigger.service"} 

[debug] [2018-11-22T19:50:01.733Z] >>> HTTP REQUEST PATCH https://cloudfunctions.googleapis.com/v1/projects/savour-deals/locations/us-central1/functions/incrementStripe {"updateMask":"sourceUploadUrl,name,labels,httpsTrigger"} 

[debug] [2018-11-22T19:50:01.733Z] >>> HTTP REQUEST PATCH https://cloudfunctions.googleapis.com/v1/projects/savour-deals/locations/us-central1/functions/userActiveChanged {"updateMask":"sourceUploadUrl,name,labels,eventTrigger.resource,eventTrigger.eventType,eventTrigger.service"} 

[debug] [2018-11-22T19:50:01.734Z] >>> HTTP REQUEST PATCH https://cloudfunctions.googleapis.com/v1/projects/savour-deals/locations/us-central1/functions/updateStripeSubscription {"updateMask":"sourceUploadUrl,name,labels,httpsTrigger"} 

[debug] [2018-11-22T19:50:01.734Z] >>> HTTP REQUEST PATCH https://cloudfunctions.googleapis.com/v1/projects/savour-deals/locations/us-central1/functions/createStripe {"updateMask":"sourceUploadUrl,name,labels,httpsTrigger"} 

[debug] [2018-11-22T19:50:01.734Z] >>> HTTP REQUEST PATCH https://cloudfunctions.googleapis.com/v1/projects/savour-deals/locations/us-central1/functions/attachCardStripe {"updateMask":"sourceUploadUrl,name,labels,httpsTrigger"} 

[debug] [2018-11-22T19:50:01.734Z] >>> HTTP REQUEST PATCH https://cloudfunctions.googleapis.com/v1/projects/savour-deals/locations/us-central1/functions/changeStripeSource {"updateMask":"sourceUploadUrl,name,labels,httpsTrigger"} 

[debug] [2018-11-22T19:50:01.735Z] >>> HTTP REQUEST PATCH https://cloudfunctions.googleapis.com/v1/projects/savour-deals/locations/us-central1/functions/getCustomerStripe {"updateMask":"sourceUploadUrl,name,labels,httpsTrigger"} 

[debug] [2018-11-22T19:50:01.735Z] >>> HTTP REQUEST PATCH https://cloudfunctions.googleapis.com/v1/projects/savour-deals/locations/us-central1/functions/getInvoiceStripe {"updateMask":"sourceUploadUrl,name,labels,httpsTrigger"} 

[debug] [2018-11-22T19:50:01.735Z] >>> HTTP REQUEST PATCH https://cloudfunctions.googleapis.com/v1/projects/savour-deals/locations/us-central1/functions/events {"updateMask":"sourceUploadUrl,name,labels,httpsTrigger"} 

[debug] [2018-11-22T19:50:01.735Z] >>> HTTP REQUEST PATCH https://cloudfunctions.googleapis.com/v1/projects/savour-deals/locations/us-central1/functions/handleStripeEvent {"updateMask":"sourceUploadUrl,name,labels,eventTrigger.resource,eventTrigger.eventType,eventTrigger.service"} 

[debug] [2018-11-22T19:50:02.124Z] <<< HTTP RESPONSE 200
[debug] [2018-11-22T19:50:02.126Z] <<< HTTP RESPONSE 200
[debug] [2018-11-22T19:50:02.129Z] <<< HTTP RESPONSE 200
[debug] [2018-11-22T19:50:02.132Z] <<< HTTP RESPONSE 200
[debug] [2018-11-22T19:50:02.137Z] <<< HTTP RESPONSE 200
[debug] [2018-11-22T19:50:02.138Z] <<< HTTP RESPONSE 200
[debug] [2018-11-22T19:50:02.151Z] <<< HTTP RESPONSE 200
[debug] [2018-11-22T19:50:02.164Z] <<< HTTP RESPONSE 200
[debug] [2018-11-22T19:50:02.170Z] <<< HTTP RESPONSE 200
[debug] [2018-11-22T19:50:02.174Z] <<< HTTP RESPONSE 200
[debug] [2018-11-22T19:50:02.175Z] <<< HTTP RESPONSE 200
[debug] [2018-11-22T19:50:02.192Z] <<< HTTP RESPONSE 200
[debug] [2018-11-22T19:50:02.192Z] <<< HTTP RESPONSE 200
[debug] [2018-11-22T19:50:02.194Z] <<< HTTP RESPONSE 200
[debug] [2018-11-22T19:50:02.198Z] <<< HTTP RESPONSE 200
[debug] [2018-11-22T19:50:02.200Z] <<< HTTP RESPONSE 200
[debug] [2018-11-22T19:50:02.203Z] <<< HTTP RESPONSE 200
[debug] [2018-11-22T19:50:02.213Z] <<< HTTP RESPONSE 200
[debug] [2018-11-22T19:50:02.255Z] <<< HTTP RESPONSE 200
[debug] [2018-11-22T19:50:02.256Z] >>> HTTP REQUEST GET https://cloudfunctions.googleapis.com/v1/projects/savour-deals/locations/-/functions  
 
[debug] [2018-11-22T19:50:02.928Z] <<< HTTP RESPONSE 200
[debug] [2018-11-22T19:50:02.930Z] >>> HTTP REQUEST GET https://cloudfunctions.googleapis.com/v1/operations/c2F2b3VyLWRlYWxzL3VzLWNlbnRyYWwxL2luY3JlbWVudFVzZXJDb3VudC8xWHJlNDlYYnJ4OA  
 
[debug] [2018-11-22T19:50:02.930Z] >>> HTTP REQUEST GET https://cloudfunctions.googleapis.com/v1/operations/c2F2b3VyLWRlYWxzL3VzLWNlbnRyYWwxL2RlY3JlbWVudFVzZXJDb3VudC8zamdMNFQ2WXRlOA  
 
[debug] [2018-11-22T19:50:02.930Z] >>> HTTP REQUEST GET https://cloudfunctions.googleapis.com/v1/operations/c2F2b3VyLWRlYWxzL3VzLWNlbnRyYWwxL2luY3JlbWVudFZlbmRvckNvdW50LzI0UVdldlJJR2h3  
 
[debug] [2018-11-22T19:50:02.930Z] >>> HTTP REQUEST GET https://cloudfunctions.googleapis.com/v1/operations/c2F2b3VyLWRlYWxzL3VzLWNlbnRyYWwxL2RlY3JlbWVudFZlbmRvckFjY291bnQvVlNuem83ckd6NVE  
 
[debug] [2018-11-22T19:50:02.931Z] >>> HTTP REQUEST GET https://cloudfunctions.googleapis.com/v1/operations/c2F2b3VyLWRlYWxzL3VzLWNlbnRyYWwxL3NpZ251cC81SzloTnpldDdNVQ  
 
[debug] [2018-11-22T19:50:02.931Z] >>> HTTP REQUEST GET https://cloudfunctions.googleapis.com/v1/operations/c2F2b3VyLWRlYWxzL3VzLWNlbnRyYWwxL2RlbGV0ZUFjY291bnQvWFJrdGdqMjJGOW8  
 
[debug] [2018-11-22T19:50:02.931Z] >>> HTTP REQUEST GET https://cloudfunctions.googleapis.com/v1/operations/c2F2b3VyLWRlYWxzL3VzLWNlbnRyYWwxL3VwZGF0ZVZlbmRvci9Nd1Z6aTdLeEJ3WQ  
 
[debug] [2018-11-22T19:50:02.931Z] >>> HTTP REQUEST GET https://cloudfunctions.googleapis.com/v1/operations/c2F2b3VyLWRlYWxzL3VzLWNlbnRyYWwxL2RlYWxSZWRlZW1lZC8xVVZxM3ZnbkZyUQ  
 
[debug] [2018-11-22T19:50:02.931Z] >>> HTTP REQUEST GET https://cloudfunctions.googleapis.com/v1/operations/c2F2b3VyLWRlYWxzL3VzLWNlbnRyYWwxL2xveWFsdHlSZWRlZW1lZC83NHp0Vmpoa3Fidw  
 
[debug] [2018-11-22T19:50:02.931Z] >>> HTTP REQUEST GET https://cloudfunctions.googleapis.com/v1/operations/c2F2b3VyLWRlYWxzL3VzLWNlbnRyYWwxL2luY3JlbWVudFN0cmlwZS8zTExwSjVIcDVrRQ  
 
[debug] [2018-11-22T19:50:02.931Z] >>> HTTP REQUEST GET https://cloudfunctions.googleapis.com/v1/operations/c2F2b3VyLWRlYWxzL3VzLWNlbnRyYWwxL3VzZXJBY3RpdmVDaGFuZ2VkL3dOa3BRT0F6eDVV  
 
[debug] [2018-11-22T19:50:02.931Z] >>> HTTP REQUEST GET https://cloudfunctions.googleapis.com/v1/operations/c2F2b3VyLWRlYWxzL3VzLWNlbnRyYWwxL3VwZGF0ZVN0cmlwZVN1YnNjcmlwdGlvbi9hVU1HYjR1dk12cw  
 
[debug] [2018-11-22T19:50:02.931Z] >>> HTTP REQUEST GET https://cloudfunctions.googleapis.com/v1/operations/c2F2b3VyLWRlYWxzL3VzLWNlbnRyYWwxL2NyZWF0ZVN0cmlwZS80SkstMGFiOGdTbw  
 
[debug] [2018-11-22T19:50:02.931Z] >>> HTTP REQUEST GET https://cloudfunctions.googleapis.com/v1/operations/c2F2b3VyLWRlYWxzL3VzLWNlbnRyYWwxL2F0dGFjaENhcmRTdHJpcGUvZElORFc3TkxSUEU  
 
[debug] [2018-11-22T19:50:02.932Z] >>> HTTP REQUEST GET https://cloudfunctions.googleapis.com/v1/operations/c2F2b3VyLWRlYWxzL3VzLWNlbnRyYWwxL2NoYW5nZVN0cmlwZVNvdXJjZS95bWR1bDJPcjNkTQ  
 
[debug] [2018-11-22T19:50:02.932Z] >>> HTTP REQUEST GET https://cloudfunctions.googleapis.com/v1/operations/c2F2b3VyLWRlYWxzL3VzLWNlbnRyYWwxL2dldEN1c3RvbWVyU3RyaXBlL29mOGNPV2J3UnJj  
 
[debug] [2018-11-22T19:50:02.932Z] >>> HTTP REQUEST GET https://cloudfunctions.googleapis.com/v1/operations/c2F2b3VyLWRlYWxzL3VzLWNlbnRyYWwxL2dldEludm9pY2VTdHJpcGUvTFU0OW51a05iV1U  
 
[debug] [2018-11-22T19:50:02.932Z] >>> HTTP REQUEST GET https://cloudfunctions.googleapis.com/v1/operations/c2F2b3VyLWRlYWxzL3VzLWNlbnRyYWwxL2V2ZW50cy9mU3NyTFNfSE5oZw  
 
[debug] [2018-11-22T19:50:02.932Z] >>> HTTP REQUEST GET https://cloudfunctions.googleapis.com/v1/operations/c2F2b3VyLWRlYWxzL3VzLWNlbnRyYWwxL2hhbmRsZVN0cmlwZUV2ZW50L25OYlp3TTNqSm1F  
 
[debug] [2018-11-22T19:50:03.197Z] <<< HTTP RESPONSE 200
[debug] [2018-11-22T19:50:03.232Z] <<< HTTP RESPONSE 200
[debug] [2018-11-22T19:50:03.240Z] <<< HTTP RESPONSE 200
[debug] [2018-11-22T19:50:03.242Z] <<< HTTP RESPONSE 200
[debug] [2018-11-22T19:50:03.242Z] <<< HTTP RESPONSE 200
[debug] [2018-11-22T19:50:03.243Z] <<< HTTP RESPONSE 200
[debug] [2018-11-22T19:50:03.243Z] <<< HTTP RESPONSE 200
[debug] [2018-11-22T19:50:03.250Z] <<< HTTP RESPONSE 200
[debug] [2018-11-22T19:50:03.250Z] <<< HTTP RESPONSE 200
[debug] [2018-11-22T19:50:03.260Z] <<< HTTP RESPONSE 200
[debug] [2018-11-22T19:50:03.261Z] <<< HTTP RESPONSE 200
[debug] [2018-11-22T19:50:03.268Z] <<< HTTP RESPONSE 200
[debug] [2018-11-22T19:50:03.272Z] <<< HTTP RESPONSE 200
[debug] [2018-11-22T19:50:03.275Z] <<< HTTP RESPONSE 200
[debug] [2018-11-22T19:50:03.277Z] <<< HTTP RESPONSE 200
[debug] [2018-11-22T19:50:03.283Z] <<< HTTP RESPONSE 200
[debug] [2018-11-22T19:50:03.286Z] <<< HTTP RESPONSE 200
[debug] [2018-11-22T19:50:03.290Z] <<< HTTP RESPONSE 200
[debug] [2018-11-22T19:50:03.295Z] <<< HTTP RESPONSE 200
[debug] [2018-11-22T19:50:08.198Z] >>> HTTP REQUEST GET https://cloudfunctions.googleapis.com/v1/operations/c2F2b3VyLWRlYWxzL3VzLWNlbnRyYWwxL2luY3JlbWVudFZlbmRvckNvdW50LzI0UVdldlJJR2h3  
 
[debug] [2018-11-22T19:50:08.233Z] >>> HTTP REQUEST GET https://cloudfunctions.googleapis.com/v1/operations/c2F2b3VyLWRlYWxzL3VzLWNlbnRyYWwxL2RlY3JlbWVudFVzZXJDb3VudC8zamdMNFQ2WXRlOA  
 
[debug] [2018-11-22T19:50:08.240Z] >>> HTTP REQUEST GET https://cloudfunctions.googleapis.com/v1/operations/c2F2b3VyLWRlYWxzL3VzLWNlbnRyYWwxL3NpZ251cC81SzloTnpldDdNVQ  
 
[debug] [2018-11-22T19:50:08.241Z] >>> HTTP REQUEST GET https://cloudfunctions.googleapis.com/v1/operations/c2F2b3VyLWRlYWxzL3VzLWNlbnRyYWwxL2RlYWxSZWRlZW1lZC8xVVZxM3ZnbkZyUQ  
 
[debug] [2018-11-22T19:50:08.242Z] >>> HTTP REQUEST GET https://cloudfunctions.googleapis.com/v1/operations/c2F2b3VyLWRlYWxzL3VzLWNlbnRyYWwxL2RlY3JlbWVudFZlbmRvckFjY291bnQvVlNuem83ckd6NVE  
 
[debug] [2018-11-22T19:50:08.242Z] >>> HTTP REQUEST GET https://cloudfunctions.googleapis.com/v1/operations/c2F2b3VyLWRlYWxzL3VzLWNlbnRyYWwxL2luY3JlbWVudFVzZXJDb3VudC8xWHJlNDlYYnJ4OA  
 
[debug] [2018-11-22T19:50:08.244Z] >>> HTTP REQUEST GET https://cloudfunctions.googleapis.com/v1/operations/c2F2b3VyLWRlYWxzL3VzLWNlbnRyYWwxL2RlbGV0ZUFjY291bnQvWFJrdGdqMjJGOW8  
 
[debug] [2018-11-22T19:50:08.252Z] >>> HTTP REQUEST GET https://cloudfunctions.googleapis.com/v1/operations/c2F2b3VyLWRlYWxzL3VzLWNlbnRyYWwxL2xveWFsdHlSZWRlZW1lZC83NHp0Vmpoa3Fidw  
 
[debug] [2018-11-22T19:50:08.252Z] >>> HTTP REQUEST GET https://cloudfunctions.googleapis.com/v1/operations/c2F2b3VyLWRlYWxzL3VzLWNlbnRyYWwxL3VwZGF0ZVZlbmRvci9Nd1Z6aTdLeEJ3WQ  
 
[debug] [2018-11-22T19:50:08.262Z] >>> HTTP REQUEST GET https://cloudfunctions.googleapis.com/v1/operations/c2F2b3VyLWRlYWxzL3VzLWNlbnRyYWwxL3VzZXJBY3RpdmVDaGFuZ2VkL3dOa3BRT0F6eDVV  
 
[debug] [2018-11-22T19:50:08.262Z] >>> HTTP REQUEST GET https://cloudfunctions.googleapis.com/v1/operations/c2F2b3VyLWRlYWxzL3VzLWNlbnRyYWwxL2F0dGFjaENhcmRTdHJpcGUvZElORFc3TkxSUEU  
 
[debug] [2018-11-22T19:50:08.267Z] >>> HTTP REQUEST GET https://cloudfunctions.googleapis.com/v1/operations/c2F2b3VyLWRlYWxzL3VzLWNlbnRyYWwxL2luY3JlbWVudFN0cmlwZS8zTExwSjVIcDVrRQ  
 
[debug] [2018-11-22T19:50:08.272Z] >>> HTTP REQUEST GET https://cloudfunctions.googleapis.com/v1/operations/c2F2b3VyLWRlYWxzL3VzLWNlbnRyYWwxL2V2ZW50cy9mU3NyTFNfSE5oZw  
 
[debug] [2018-11-22T19:50:08.275Z] >>> HTTP REQUEST GET https://cloudfunctions.googleapis.com/v1/operations/c2F2b3VyLWRlYWxzL3VzLWNlbnRyYWwxL3VwZGF0ZVN0cmlwZVN1YnNjcmlwdGlvbi9hVU1HYjR1dk12cw  
 
[debug] [2018-11-22T19:50:08.277Z] >>> HTTP REQUEST GET https://cloudfunctions.googleapis.com/v1/operations/c2F2b3VyLWRlYWxzL3VzLWNlbnRyYWwxL2NyZWF0ZVN0cmlwZS80SkstMGFiOGdTbw  
 
[debug] [2018-11-22T19:50:08.283Z] >>> HTTP REQUEST GET https://cloudfunctions.googleapis.com/v1/operations/c2F2b3VyLWRlYWxzL3VzLWNlbnRyYWwxL2hhbmRsZVN0cmlwZUV2ZW50L25OYlp3TTNqSm1F  
 
[debug] [2018-11-22T19:50:08.285Z] >>> HTTP REQUEST GET https://cloudfunctions.googleapis.com/v1/operations/c2F2b3VyLWRlYWxzL3VzLWNlbnRyYWwxL2dldEludm9pY2VTdHJpcGUvTFU0OW51a05iV1U  
 
[debug] [2018-11-22T19:50:08.290Z] >>> HTTP REQUEST GET https://cloudfunctions.googleapis.com/v1/operations/c2F2b3VyLWRlYWxzL3VzLWNlbnRyYWwxL2NoYW5nZVN0cmlwZVNvdXJjZS95bWR1bDJPcjNkTQ  
 
[debug] [2018-11-22T19:50:08.295Z] >>> HTTP REQUEST GET https://cloudfunctions.googleapis.com/v1/operations/c2F2b3VyLWRlYWxzL3VzLWNlbnRyYWwxL2dldEN1c3RvbWVyU3RyaXBlL29mOGNPV2J3UnJj  
 
[debug] [2018-11-22T19:50:08.417Z] <<< HTTP RESPONSE 200
[debug] [2018-11-22T19:50:08.474Z] <<< HTTP RESPONSE 200
[debug] [2018-11-22T19:50:08.503Z] <<< HTTP RESPONSE 200
[info] i  functions: deleting function updateUserCount(us-central1)...
[debug] [2018-11-22T19:50:08.515Z] <<< HTTP RESPONSE 200
[debug] [2018-11-22T19:50:08.516Z] <<< HTTP RESPONSE 200
[debug] [2018-11-22T19:50:08.517Z] <<< HTTP RESPONSE 200
[debug] [2018-11-22T19:50:08.532Z] <<< HTTP RESPONSE 200
[debug] [2018-11-22T19:50:08.573Z] <<< HTTP RESPONSE 200
[debug] [2018-11-22T19:50:08.634Z] <<< HTTP RESPONSE 200
[debug] [2018-11-22T19:50:08.635Z] <<< HTTP RESPONSE 200
[debug] [2018-11-22T19:50:08.635Z] <<< HTTP RESPONSE 200
[debug] [2018-11-22T19:50:08.636Z] <<< HTTP RESPONSE 200
[debug] [2018-11-22T19:50:08.637Z] <<< HTTP RESPONSE 200
[debug] [2018-11-22T19:50:08.637Z] <<< HTTP RESPONSE 200
[debug] [2018-11-22T19:50:08.638Z] <<< HTTP RESPONSE 200
[debug] [2018-11-22T19:50:08.645Z] <<< HTTP RESPONSE 200
[debug] [2018-11-22T19:50:08.646Z] <<< HTTP RESPONSE 200
[debug] [2018-11-22T19:50:08.646Z] <<< HTTP RESPONSE 200
[debug] [2018-11-22T19:50:08.647Z] <<< HTTP RESPONSE 200
[debug] [2018-11-22T19:50:13.420Z] >>> HTTP REQUEST GET https://cloudfunctions.googleapis.com/v1/operations/c2F2b3VyLWRlYWxzL3VzLWNlbnRyYWwxL2luY3JlbWVudFZlbmRvckNvdW50LzI0UVdldlJJR2h3  
 
[debug] [2018-11-22T19:50:13.476Z] >>> HTTP REQUEST GET https://cloudfunctions.googleapis.com/v1/operations/c2F2b3VyLWRlYWxzL3VzLWNlbnRyYWwxL2RlYWxSZWRlZW1lZC8xVVZxM3ZnbkZyUQ  
 
[debug] [2018-11-22T19:50:13.506Z] >>> HTTP REQUEST GET https://cloudfunctions.googleapis.com/v1/operations/c2F2b3VyLWRlYWxzL3VzLWNlbnRyYWwxL3NpZ251cC81SzloTnpldDdNVQ  
 
[debug] [2018-11-22T19:50:13.516Z] >>> HTTP REQUEST GET https://cloudfunctions.googleapis.com/v1/operations/c2F2b3VyLWRlYWxzL3VzLWNlbnRyYWwxL2RlY3JlbWVudFVzZXJDb3VudC8zamdMNFQ2WXRlOA  
 
[debug] [2018-11-22T19:50:13.516Z] >>> HTTP REQUEST GET https://cloudfunctions.googleapis.com/v1/operations/c2F2b3VyLWRlYWxzL3VzLWNlbnRyYWwxL2RlY3JlbWVudFZlbmRvckFjY291bnQvVlNuem83ckd6NVE  
 
[debug] [2018-11-22T19:50:13.518Z] >>> HTTP REQUEST GET https://cloudfunctions.googleapis.com/v1/operations/c2F2b3VyLWRlYWxzL3VzLWNlbnRyYWwxL2luY3JlbWVudFVzZXJDb3VudC8xWHJlNDlYYnJ4OA  
 
[debug] [2018-11-22T19:50:13.536Z] >>> HTTP REQUEST GET https://cloudfunctions.googleapis.com/v1/operations/c2F2b3VyLWRlYWxzL3VzLWNlbnRyYWwxL2xveWFsdHlSZWRlZW1lZC83NHp0Vmpoa3Fidw  
 
[debug] [2018-11-22T19:50:13.573Z] >>> HTTP REQUEST GET https://cloudfunctions.googleapis.com/v1/operations/c2F2b3VyLWRlYWxzL3VzLWNlbnRyYWwxL2RlbGV0ZUFjY291bnQvWFJrdGdqMjJGOW8  
 
[debug] [2018-11-22T19:50:13.635Z] >>> HTTP REQUEST GET https://cloudfunctions.googleapis.com/v1/operations/c2F2b3VyLWRlYWxzL3VzLWNlbnRyYWwxL3VwZGF0ZVZlbmRvci9Nd1Z6aTdLeEJ3WQ  
 
[debug] [2018-11-22T19:50:13.636Z] >>> HTTP REQUEST GET https://cloudfunctions.googleapis.com/v1/operations/c2F2b3VyLWRlYWxzL3VzLWNlbnRyYWwxL3VzZXJBY3RpdmVDaGFuZ2VkL3dOa3BRT0F6eDVV  
 
[debug] [2018-11-22T19:50:13.636Z] >>> HTTP REQUEST GET https://cloudfunctions.googleapis.com/v1/operations/c2F2b3VyLWRlYWxzL3VzLWNlbnRyYWwxL2V2ZW50cy9mU3NyTFNfSE5oZw  
 
[debug] [2018-11-22T19:50:13.639Z] >>> HTTP REQUEST GET https://cloudfunctions.googleapis.com/v1/operations/c2F2b3VyLWRlYWxzL3VzLWNlbnRyYWwxL2NyZWF0ZVN0cmlwZS80SkstMGFiOGdTbw  
 
[debug] [2018-11-22T19:50:13.639Z] >>> HTTP REQUEST GET https://cloudfunctions.googleapis.com/v1/operations/c2F2b3VyLWRlYWxzL3VzLWNlbnRyYWwxL2NoYW5nZVN0cmlwZVNvdXJjZS95bWR1bDJPcjNkTQ  
 
[debug] [2018-11-22T19:50:13.640Z] >>> HTTP REQUEST GET https://cloudfunctions.googleapis.com/v1/operations/c2F2b3VyLWRlYWxzL3VzLWNlbnRyYWwxL2F0dGFjaENhcmRTdHJpcGUvZElORFc3TkxSUEU  
 
[debug] [2018-11-22T19:50:13.640Z] >>> HTTP REQUEST GET https://cloudfunctions.googleapis.com/v1/operations/c2F2b3VyLWRlYWxzL3VzLWNlbnRyYWwxL2hhbmRsZVN0cmlwZUV2ZW50L25OYlp3TTNqSm1F  
 
[debug] [2018-11-22T19:50:13.645Z] >>> HTTP REQUEST GET https://cloudfunctions.googleapis.com/v1/operations/c2F2b3VyLWRlYWxzL3VzLWNlbnRyYWwxL3VwZGF0ZVN0cmlwZVN1YnNjcmlwdGlvbi9hVU1HYjR1dk12cw  
 
[debug] [2018-11-22T19:50:13.645Z] >>> HTTP REQUEST GET https://cloudfunctions.googleapis.com/v1/operations/c2F2b3VyLWRlYWxzL3VzLWNlbnRyYWwxL2dldEN1c3RvbWVyU3RyaXBlL29mOGNPV2J3UnJj  
 
[debug] [2018-11-22T19:50:13.647Z] >>> HTTP REQUEST GET https://cloudfunctions.googleapis.com/v1/operations/c2F2b3VyLWRlYWxzL3VzLWNlbnRyYWwxL2luY3JlbWVudFN0cmlwZS8zTExwSjVIcDVrRQ  
 
[debug] [2018-11-22T19:50:13.647Z] >>> HTTP REQUEST GET https://cloudfunctions.googleapis.com/v1/operations/c2F2b3VyLWRlYWxzL3VzLWNlbnRyYWwxL2dldEludm9pY2VTdHJpcGUvTFU0OW51a05iV1U  
 
[debug] [2018-11-22T19:50:13.727Z] <<< HTTP RESPONSE 200
[debug] [2018-11-22T19:50:13.766Z] <<< HTTP RESPONSE 200
[debug] [2018-11-22T19:50:13.772Z] <<< HTTP RESPONSE 200
[debug] [2018-11-22T19:50:13.773Z] <<< HTTP RESPONSE 200
[debug] [2018-11-22T19:50:13.787Z] <<< HTTP RESPONSE 200
[debug] [2018-11-22T19:50:13.799Z] <<< HTTP RESPONSE 200
[debug] [2018-11-22T19:50:13.805Z] <<< HTTP RESPONSE 200
[debug] [2018-11-22T19:50:13.831Z] <<< HTTP RESPONSE 200
[debug] [2018-11-22T19:50:13.896Z] <<< HTTP RESPONSE 200
[debug] [2018-11-22T19:50:13.920Z] <<< HTTP RESPONSE 200
[debug] [2018-11-22T19:50:13.930Z] <<< HTTP RESPONSE 200
[debug] [2018-11-22T19:50:13.931Z] <<< HTTP RESPONSE 200
[debug] [2018-11-22T19:50:13.932Z] <<< HTTP RESPONSE 200
[debug] [2018-11-22T19:50:13.933Z] <<< HTTP RESPONSE 200
[debug] [2018-11-22T19:50:13.939Z] <<< HTTP RESPONSE 200
[debug] [2018-11-22T19:50:13.940Z] <<< HTTP RESPONSE 200
[debug] [2018-11-22T19:50:13.941Z] <<< HTTP RESPONSE 200
[debug] [2018-11-22T19:50:13.949Z] <<< HTTP RESPONSE 200
[debug] [2018-11-22T19:50:13.960Z] <<< HTTP RESPONSE 200
[debug] [2018-11-22T19:50:18.731Z] >>> HTTP REQUEST GET https://cloudfunctions.googleapis.com/v1/operations/c2F2b3VyLWRlYWxzL3VzLWNlbnRyYWwxL2luY3JlbWVudFZlbmRvckNvdW50LzI0UVdldlJJR2h3  
 
[debug] [2018-11-22T19:50:18.771Z] >>> HTTP REQUEST GET https://cloudfunctions.googleapis.com/v1/operations/c2F2b3VyLWRlYWxzL3VzLWNlbnRyYWwxL2xveWFsdHlSZWRlZW1lZC83NHp0Vmpoa3Fidw  
 
[debug] [2018-11-22T19:50:18.772Z] >>> HTTP REQUEST GET https://cloudfunctions.googleapis.com/v1/operations/c2F2b3VyLWRlYWxzL3VzLWNlbnRyYWwxL2RlYWxSZWRlZW1lZC8xVVZxM3ZnbkZyUQ  
 
[debug] [2018-11-22T19:50:18.773Z] >>> HTTP REQUEST GET https://cloudfunctions.googleapis.com/v1/operations/c2F2b3VyLWRlYWxzL3VzLWNlbnRyYWwxL3NpZ251cC81SzloTnpldDdNVQ  
 
[debug] [2018-11-22T19:50:18.788Z] >>> HTTP REQUEST GET https://cloudfunctions.googleapis.com/v1/operations/c2F2b3VyLWRlYWxzL3VzLWNlbnRyYWwxL2RlY3JlbWVudFVzZXJDb3VudC8zamdMNFQ2WXRlOA  
 
[debug] [2018-11-22T19:50:18.801Z] >>> HTTP REQUEST GET https://cloudfunctions.googleapis.com/v1/operations/c2F2b3VyLWRlYWxzL3VzLWNlbnRyYWwxL2luY3JlbWVudFVzZXJDb3VudC8xWHJlNDlYYnJ4OA  
 
[debug] [2018-11-22T19:50:18.805Z] >>> HTTP REQUEST GET https://cloudfunctions.googleapis.com/v1/operations/c2F2b3VyLWRlYWxzL3VzLWNlbnRyYWwxL2RlY3JlbWVudFZlbmRvckFjY291bnQvVlNuem83ckd6NVE  
 
[debug] [2018-11-22T19:50:18.833Z] >>> HTTP REQUEST GET https://cloudfunctions.googleapis.com/v1/operations/c2F2b3VyLWRlYWxzL3VzLWNlbnRyYWwxL2RlbGV0ZUFjY291bnQvWFJrdGdqMjJGOW8  
 
[debug] [2018-11-22T19:50:18.897Z] >>> HTTP REQUEST GET https://cloudfunctions.googleapis.com/v1/operations/c2F2b3VyLWRlYWxzL3VzLWNlbnRyYWwxL3VwZGF0ZVZlbmRvci9Nd1Z6aTdLeEJ3WQ  
 
[debug] [2018-11-22T19:50:18.921Z] >>> HTTP REQUEST GET https://cloudfunctions.googleapis.com/v1/operations/c2F2b3VyLWRlYWxzL3VzLWNlbnRyYWwxL2NyZWF0ZVN0cmlwZS80SkstMGFiOGdTbw  
 
[debug] [2018-11-22T19:50:18.930Z] >>> HTTP REQUEST GET https://cloudfunctions.googleapis.com/v1/operations/c2F2b3VyLWRlYWxzL3VzLWNlbnRyYWwxL2V2ZW50cy9mU3NyTFNfSE5oZw  
 
[debug] [2018-11-22T19:50:18.932Z] >>> HTTP REQUEST GET https://cloudfunctions.googleapis.com/v1/operations/c2F2b3VyLWRlYWxzL3VzLWNlbnRyYWwxL2dldEN1c3RvbWVyU3RyaXBlL29mOGNPV2J3UnJj  
 
[debug] [2018-11-22T19:50:18.932Z] >>> HTTP REQUEST GET https://cloudfunctions.googleapis.com/v1/operations/c2F2b3VyLWRlYWxzL3VzLWNlbnRyYWwxL3VzZXJBY3RpdmVDaGFuZ2VkL3dOa3BRT0F6eDVV  
 
[debug] [2018-11-22T19:50:18.933Z] >>> HTTP REQUEST GET https://cloudfunctions.googleapis.com/v1/operations/c2F2b3VyLWRlYWxzL3VzLWNlbnRyYWwxL2luY3JlbWVudFN0cmlwZS8zTExwSjVIcDVrRQ  
 
[debug] [2018-11-22T19:50:18.940Z] >>> HTTP REQUEST GET https://cloudfunctions.googleapis.com/v1/operations/c2F2b3VyLWRlYWxzL3VzLWNlbnRyYWwxL3VwZGF0ZVN0cmlwZVN1YnNjcmlwdGlvbi9hVU1HYjR1dk12cw  
 
[debug] [2018-11-22T19:50:18.941Z] >>> HTTP REQUEST GET https://cloudfunctions.googleapis.com/v1/operations/c2F2b3VyLWRlYWxzL3VzLWNlbnRyYWwxL2F0dGFjaENhcmRTdHJpcGUvZElORFc3TkxSUEU  
 
[debug] [2018-11-22T19:50:18.942Z] >>> HTTP REQUEST GET https://cloudfunctions.googleapis.com/v1/operations/c2F2b3VyLWRlYWxzL3VzLWNlbnRyYWwxL2NoYW5nZVN0cmlwZVNvdXJjZS95bWR1bDJPcjNkTQ  
 
[debug] [2018-11-22T19:50:18.950Z] >>> HTTP REQUEST GET https://cloudfunctions.googleapis.com/v1/operations/c2F2b3VyLWRlYWxzL3VzLWNlbnRyYWwxL2hhbmRsZVN0cmlwZUV2ZW50L25OYlp3TTNqSm1F  
 
[debug] [2018-11-22T19:50:18.962Z] >>> HTTP REQUEST GET https://cloudfunctions.googleapis.com/v1/operations/c2F2b3VyLWRlYWxzL3VzLWNlbnRyYWwxL2dldEludm9pY2VTdHJpcGUvTFU0OW51a05iV1U  
 
[debug] [2018-11-22T19:50:18.987Z] <<< HTTP RESPONSE 200
[debug] [2018-11-22T19:50:19.022Z] <<< HTTP RESPONSE 200
[debug] [2018-11-22T19:50:19.030Z] <<< HTTP RESPONSE 200
[debug] [2018-11-22T19:50:19.049Z] <<< HTTP RESPONSE 200
[debug] [2018-11-22T19:50:19.050Z] <<< HTTP RESPONSE 200
[debug] [2018-11-22T19:50:19.051Z] <<< HTTP RESPONSE 200
[debug] [2018-11-22T19:50:19.059Z] <<< HTTP RESPONSE 200
[debug] [2018-11-22T19:50:19.060Z] <<< HTTP RESPONSE 200
[debug] [2018-11-22T19:50:19.161Z] <<< HTTP RESPONSE 200
[debug] [2018-11-22T19:50:19.187Z] <<< HTTP RESPONSE 200
[debug] [2018-11-22T19:50:19.202Z] <<< HTTP RESPONSE 200
[debug] [2018-11-22T19:50:19.204Z] <<< HTTP RESPONSE 200
[debug] [2018-11-22T19:50:19.207Z] <<< HTTP RESPONSE 200
[debug] [2018-11-22T19:50:19.209Z] <<< HTTP RESPONSE 200
[debug] [2018-11-22T19:50:19.210Z] <<< HTTP RESPONSE 200
[debug] [2018-11-22T19:50:19.214Z] <<< HTTP RESPONSE 200
[debug] [2018-11-22T19:50:19.223Z] <<< HTTP RESPONSE 200
[debug] [2018-11-22T19:50:19.224Z] <<< HTTP RESPONSE 200
[debug] [2018-11-22T19:50:19.227Z] <<< HTTP RESPONSE 200
[debug] [2018-11-22T19:50:23.989Z] >>> HTTP REQUEST GET https://cloudfunctions.googleapis.com/v1/operations/c2F2b3VyLWRlYWxzL3VzLWNlbnRyYWwxL2luY3JlbWVudFZlbmRvckNvdW50LzI0UVdldlJJR2h3  
 
[debug] [2018-11-22T19:50:24.023Z] >>> HTTP REQUEST GET https://cloudfunctions.googleapis.com/v1/operations/c2F2b3VyLWRlYWxzL3VzLWNlbnRyYWwxL2xveWFsdHlSZWRlZW1lZC83NHp0Vmpoa3Fidw  
 
[debug] [2018-11-22T19:50:24.032Z] >>> HTTP REQUEST GET https://cloudfunctions.googleapis.com/v1/operations/c2F2b3VyLWRlYWxzL3VzLWNlbnRyYWwxL3NpZ251cC81SzloTnpldDdNVQ  
 
[debug] [2018-11-22T19:50:24.050Z] >>> HTTP REQUEST GET https://cloudfunctions.googleapis.com/v1/operations/c2F2b3VyLWRlYWxzL3VzLWNlbnRyYWwxL2RlbGV0ZUFjY291bnQvWFJrdGdqMjJGOW8  
 
[debug] [2018-11-22T19:50:24.051Z] >>> HTTP REQUEST GET https://cloudfunctions.googleapis.com/v1/operations/c2F2b3VyLWRlYWxzL3VzLWNlbnRyYWwxL2luY3JlbWVudFVzZXJDb3VudC8xWHJlNDlYYnJ4OA  
 
[debug] [2018-11-22T19:50:24.051Z] >>> HTTP REQUEST GET https://cloudfunctions.googleapis.com/v1/operations/c2F2b3VyLWRlYWxzL3VzLWNlbnRyYWwxL2RlY3JlbWVudFVzZXJDb3VudC8zamdMNFQ2WXRlOA  
 
[debug] [2018-11-22T19:50:24.060Z] >>> HTTP REQUEST GET https://cloudfunctions.googleapis.com/v1/operations/c2F2b3VyLWRlYWxzL3VzLWNlbnRyYWwxL2RlY3JlbWVudFZlbmRvckFjY291bnQvVlNuem83ckd6NVE  
 
[debug] [2018-11-22T19:50:24.060Z] >>> HTTP REQUEST GET https://cloudfunctions.googleapis.com/v1/operations/c2F2b3VyLWRlYWxzL3VzLWNlbnRyYWwxL2RlYWxSZWRlZW1lZC8xVVZxM3ZnbkZyUQ  
 
[debug] [2018-11-22T19:50:24.160Z] >>> HTTP REQUEST GET https://cloudfunctions.googleapis.com/v1/operations/c2F2b3VyLWRlYWxzL3VzLWNlbnRyYWwxL3VwZGF0ZVZlbmRvci9Nd1Z6aTdLeEJ3WQ  
 
[debug] [2018-11-22T19:50:24.187Z] >>> HTTP REQUEST GET https://cloudfunctions.googleapis.com/v1/operations/c2F2b3VyLWRlYWxzL3VzLWNlbnRyYWwxL2NyZWF0ZVN0cmlwZS80SkstMGFiOGdTbw  
 
[debug] [2018-11-22T19:50:24.207Z] >>> HTTP REQUEST GET https://cloudfunctions.googleapis.com/v1/operations/c2F2b3VyLWRlYWxzL3VzLWNlbnRyYWwxL2V2ZW50cy9mU3NyTFNfSE5oZw  
 
[debug] [2018-11-22T19:50:24.207Z] >>> HTTP REQUEST GET https://cloudfunctions.googleapis.com/v1/operations/c2F2b3VyLWRlYWxzL3VzLWNlbnRyYWwxL2F0dGFjaENhcmRTdHJpcGUvZElORFc3TkxSUEU  
 
[debug] [2018-11-22T19:50:24.207Z] >>> HTTP REQUEST GET https://cloudfunctions.googleapis.com/v1/operations/c2F2b3VyLWRlYWxzL3VzLWNlbnRyYWwxL3VzZXJBY3RpdmVDaGFuZ2VkL3dOa3BRT0F6eDVV  
 
[debug] [2018-11-22T19:50:24.209Z] >>> HTTP REQUEST GET https://cloudfunctions.googleapis.com/v1/operations/c2F2b3VyLWRlYWxzL3VzLWNlbnRyYWwxL3VwZGF0ZVN0cmlwZVN1YnNjcmlwdGlvbi9hVU1HYjR1dk12cw  
 
[debug] [2018-11-22T19:50:24.210Z] >>> HTTP REQUEST GET https://cloudfunctions.googleapis.com/v1/operations/c2F2b3VyLWRlYWxzL3VzLWNlbnRyYWwxL2dldEN1c3RvbWVyU3RyaXBlL29mOGNPV2J3UnJj  
 
[debug] [2018-11-22T19:50:24.215Z] >>> HTTP REQUEST GET https://cloudfunctions.googleapis.com/v1/operations/c2F2b3VyLWRlYWxzL3VzLWNlbnRyYWwxL2luY3JlbWVudFN0cmlwZS8zTExwSjVIcDVrRQ  
 
[debug] [2018-11-22T19:50:24.225Z] >>> HTTP REQUEST GET https://cloudfunctions.googleapis.com/v1/operations/c2F2b3VyLWRlYWxzL3VzLWNlbnRyYWwxL2hhbmRsZVN0cmlwZUV2ZW50L25OYlp3TTNqSm1F  
 
[debug] [2018-11-22T19:50:24.225Z] >>> HTTP REQUEST GET https://cloudfunctions.googleapis.com/v1/operations/c2F2b3VyLWRlYWxzL3VzLWNlbnRyYWwxL2dldEludm9pY2VTdHJpcGUvTFU0OW51a05iV1U  
 
[debug] [2018-11-22T19:50:24.228Z] >>> HTTP REQUEST GET https://cloudfunctions.googleapis.com/v1/operations/c2F2b3VyLWRlYWxzL3VzLWNlbnRyYWwxL2NoYW5nZVN0cmlwZVNvdXJjZS95bWR1bDJPcjNkTQ  
 
[debug] [2018-11-22T19:50:24.260Z] <<< HTTP RESPONSE 200
[debug] [2018-11-22T19:50:24.276Z] <<< HTTP RESPONSE 200
[debug] [2018-11-22T19:50:24.277Z] <<< HTTP RESPONSE 200
[debug] [2018-11-22T19:50:24.310Z] <<< HTTP RESPONSE 200
[debug] [2018-11-22T19:50:24.311Z] <<< HTTP RESPONSE 200
[debug] [2018-11-22T19:50:24.316Z] <<< HTTP RESPONSE 200
[debug] [2018-11-22T19:50:24.317Z] <<< HTTP RESPONSE 200
[debug] [2018-11-22T19:50:24.343Z] <<< HTTP RESPONSE 200
[info] ✔  functions[dealRedeemed(us-central1)]: Successful update operation. 
[debug] [2018-11-22T19:50:24.425Z] <<< HTTP RESPONSE 200
[debug] [2018-11-22T19:50:24.426Z] <<< HTTP RESPONSE 200
[debug] [2018-11-22T19:50:24.433Z] <<< HTTP RESPONSE 200
[debug] [2018-11-22T19:50:24.454Z] <<< HTTP RESPONSE 200
[debug] [2018-11-22T19:50:24.463Z] <<< HTTP RESPONSE 200
[debug] [2018-11-22T19:50:24.471Z] <<< HTTP RESPONSE 200
[debug] [2018-11-22T19:50:24.471Z] <<< HTTP RESPONSE 200
[debug] [2018-11-22T19:50:24.481Z] <<< HTTP RESPONSE 200
[debug] [2018-11-22T19:50:24.481Z] <<< HTTP RESPONSE 200
[debug] [2018-11-22T19:50:24.498Z] <<< HTTP RESPONSE 200
[debug] [2018-11-22T19:50:24.499Z] <<< HTTP RESPONSE 200
[debug] [2018-11-22T19:50:29.263Z] >>> HTTP REQUEST GET https://cloudfunctions.googleapis.com/v1/operations/c2F2b3VyLWRlYWxzL3VzLWNlbnRyYWwxL2luY3JlbWVudFZlbmRvckNvdW50LzI0UVdldlJJR2h3  
 
[debug] [2018-11-22T19:50:29.277Z] >>> HTTP REQUEST GET https://cloudfunctions.googleapis.com/v1/operations/c2F2b3VyLWRlYWxzL3VzLWNlbnRyYWwxL3NpZ251cC81SzloTnpldDdNVQ  
 
[debug] [2018-11-22T19:50:29.279Z] >>> HTTP REQUEST GET https://cloudfunctions.googleapis.com/v1/operations/c2F2b3VyLWRlYWxzL3VzLWNlbnRyYWwxL2xveWFsdHlSZWRlZW1lZC83NHp0Vmpoa3Fidw  
 
[debug] [2018-11-22T19:50:29.313Z] >>> HTTP REQUEST GET https://cloudfunctions.googleapis.com/v1/operations/c2F2b3VyLWRlYWxzL3VzLWNlbnRyYWwxL2luY3JlbWVudFVzZXJDb3VudC8xWHJlNDlYYnJ4OA  
 
[debug] [2018-11-22T19:50:29.313Z] >>> HTTP REQUEST GET https://cloudfunctions.googleapis.com/v1/operations/c2F2b3VyLWRlYWxzL3VzLWNlbnRyYWwxL2RlbGV0ZUFjY291bnQvWFJrdGdqMjJGOW8  
 
[debug] [2018-11-22T19:50:29.316Z] >>> HTTP REQUEST GET https://cloudfunctions.googleapis.com/v1/operations/c2F2b3VyLWRlYWxzL3VzLWNlbnRyYWwxL2RlY3JlbWVudFZlbmRvckFjY291bnQvVlNuem83ckd6NVE  
 
[debug] [2018-11-22T19:50:29.318Z] >>> HTTP REQUEST GET https://cloudfunctions.googleapis.com/v1/operations/c2F2b3VyLWRlYWxzL3VzLWNlbnRyYWwxL2RlY3JlbWVudFVzZXJDb3VudC8zamdMNFQ2WXRlOA  
 
[debug] [2018-11-22T19:50:29.425Z] >>> HTTP REQUEST GET https://cloudfunctions.googleapis.com/v1/operations/c2F2b3VyLWRlYWxzL3VzLWNlbnRyYWwxL3VwZGF0ZVZlbmRvci9Nd1Z6aTdLeEJ3WQ  
 
[debug] [2018-11-22T19:50:29.425Z] >>> HTTP REQUEST GET https://cloudfunctions.googleapis.com/v1/operations/c2F2b3VyLWRlYWxzL3VzLWNlbnRyYWwxL2hhbmRsZVN0cmlwZUV2ZW50L25OYlp3TTNqSm1F  
 
[debug] [2018-11-22T19:50:29.433Z] >>> HTTP REQUEST GET https://cloudfunctions.googleapis.com/v1/operations/c2F2b3VyLWRlYWxzL3VzLWNlbnRyYWwxL2luY3JlbWVudFN0cmlwZS8zTExwSjVIcDVrRQ  
 
[debug] [2018-11-22T19:50:29.458Z] >>> HTTP REQUEST GET https://cloudfunctions.googleapis.com/v1/operations/c2F2b3VyLWRlYWxzL3VzLWNlbnRyYWwxL2NyZWF0ZVN0cmlwZS80SkstMGFiOGdTbw  
 
[debug] [2018-11-22T19:50:29.463Z] >>> HTTP REQUEST GET https://cloudfunctions.googleapis.com/v1/operations/c2F2b3VyLWRlYWxzL3VzLWNlbnRyYWwxL2V2ZW50cy9mU3NyTFNfSE5oZw  
 
[debug] [2018-11-22T19:50:29.472Z] >>> HTTP REQUEST GET https://cloudfunctions.googleapis.com/v1/operations/c2F2b3VyLWRlYWxzL3VzLWNlbnRyYWwxL2dldEN1c3RvbWVyU3RyaXBlL29mOGNPV2J3UnJj  
 
[debug] [2018-11-22T19:50:29.473Z] >>> HTTP REQUEST GET https://cloudfunctions.googleapis.com/v1/operations/c2F2b3VyLWRlYWxzL3VzLWNlbnRyYWwxL2F0dGFjaENhcmRTdHJpcGUvZElORFc3TkxSUEU  
 
[debug] [2018-11-22T19:50:29.482Z] >>> HTTP REQUEST GET https://cloudfunctions.googleapis.com/v1/operations/c2F2b3VyLWRlYWxzL3VzLWNlbnRyYWwxL3VzZXJBY3RpdmVDaGFuZ2VkL3dOa3BRT0F6eDVV  
 
[debug] [2018-11-22T19:50:29.482Z] >>> HTTP REQUEST GET https://cloudfunctions.googleapis.com/v1/operations/c2F2b3VyLWRlYWxzL3VzLWNlbnRyYWwxL3VwZGF0ZVN0cmlwZVN1YnNjcmlwdGlvbi9hVU1HYjR1dk12cw  
 
[debug] [2018-11-22T19:50:29.498Z] >>> HTTP REQUEST GET https://cloudfunctions.googleapis.com/v1/operations/c2F2b3VyLWRlYWxzL3VzLWNlbnRyYWwxL2NoYW5nZVN0cmlwZVNvdXJjZS95bWR1bDJPcjNkTQ  
 
[debug] [2018-11-22T19:50:29.499Z] >>> HTTP REQUEST GET https://cloudfunctions.googleapis.com/v1/operations/c2F2b3VyLWRlYWxzL3VzLWNlbnRyYWwxL2dldEludm9pY2VTdHJpcGUvTFU0OW51a05iV1U  
 
[debug] [2018-11-22T19:50:29.516Z] <<< HTTP RESPONSE 200
[debug] [2018-11-22T19:50:29.535Z] <<< HTTP RESPONSE 200
[debug] [2018-11-22T19:50:29.573Z] <<< HTTP RESPONSE 200
[debug] [2018-11-22T19:50:29.583Z] <<< HTTP RESPONSE 200
[debug] [2018-11-22T19:50:29.587Z] <<< HTTP RESPONSE 200
[debug] [2018-11-22T19:50:29.634Z] <<< HTTP RESPONSE 200
[debug] [2018-11-22T19:50:29.637Z] <<< HTTP RESPONSE 200
[info] ✔  functions[decrementUserCount(us-central1)]: Successful update operation. 
[debug] [2018-11-22T19:50:29.650Z] <<< HTTP RESPONSE 200
[debug] [2018-11-22T19:50:29.684Z] <<< HTTP RESPONSE 200
[debug] [2018-11-22T19:50:29.702Z] <<< HTTP RESPONSE 200
[debug] [2018-11-22T19:50:29.717Z] <<< HTTP RESPONSE 200
[debug] [2018-11-22T19:50:29.734Z] <<< HTTP RESPONSE 200
[info] ✔  functions[events(us-central1)]: Successful update operation. 
[debug] [2018-11-22T19:50:29.739Z] <<< HTTP RESPONSE 200
[debug] [2018-11-22T19:50:29.748Z] <<< HTTP RESPONSE 200
[debug] [2018-11-22T19:50:29.791Z] <<< HTTP RESPONSE 200
[debug] [2018-11-22T19:50:29.793Z] <<< HTTP RESPONSE 200
[debug] [2018-11-22T19:50:29.801Z] <<< HTTP RESPONSE 200
[debug] [2018-11-22T19:50:29.946Z] <<< HTTP RESPONSE 200
[info] ✔  functions[userActiveChanged(us-central1)]: Successful update operation. 
[debug] [2018-11-22T19:50:34.517Z] >>> HTTP REQUEST GET https://cloudfunctions.googleapis.com/v1/operations/c2F2b3VyLWRlYWxzL3VzLWNlbnRyYWwxL2luY3JlbWVudFZlbmRvckNvdW50LzI0UVdldlJJR2h3  
 
[debug] [2018-11-22T19:50:34.536Z] >>> HTTP REQUEST GET https://cloudfunctions.googleapis.com/v1/operations/c2F2b3VyLWRlYWxzL3VzLWNlbnRyYWwxL3NpZ251cC81SzloTnpldDdNVQ  
 
[debug] [2018-11-22T19:50:34.575Z] >>> HTTP REQUEST GET https://cloudfunctions.googleapis.com/v1/operations/c2F2b3VyLWRlYWxzL3VzLWNlbnRyYWwxL2xveWFsdHlSZWRlZW1lZC83NHp0Vmpoa3Fidw  
 
[debug] [2018-11-22T19:50:34.584Z] >>> HTTP REQUEST GET https://cloudfunctions.googleapis.com/v1/operations/c2F2b3VyLWRlYWxzL3VzLWNlbnRyYWwxL2RlY3JlbWVudFZlbmRvckFjY291bnQvVlNuem83ckd6NVE  
 
[debug] [2018-11-22T19:50:34.588Z] >>> HTTP REQUEST GET https://cloudfunctions.googleapis.com/v1/operations/c2F2b3VyLWRlYWxzL3VzLWNlbnRyYWwxL2luY3JlbWVudFVzZXJDb3VudC8xWHJlNDlYYnJ4OA  
 
[debug] [2018-11-22T19:50:34.635Z] >>> HTTP REQUEST GET https://cloudfunctions.googleapis.com/v1/operations/c2F2b3VyLWRlYWxzL3VzLWNlbnRyYWwxL2RlbGV0ZUFjY291bnQvWFJrdGdqMjJGOW8  
 
[debug] [2018-11-22T19:50:34.652Z] >>> HTTP REQUEST GET https://cloudfunctions.googleapis.com/v1/operations/c2F2b3VyLWRlYWxzL3VzLWNlbnRyYWwxL3VwZGF0ZVZlbmRvci9Nd1Z6aTdLeEJ3WQ  
 
[debug] [2018-11-22T19:50:34.685Z] >>> HTTP REQUEST GET https://cloudfunctions.googleapis.com/v1/operations/c2F2b3VyLWRlYWxzL3VzLWNlbnRyYWwxL2hhbmRsZVN0cmlwZUV2ZW50L25OYlp3TTNqSm1F  
 
[debug] [2018-11-22T19:50:34.703Z] >>> HTTP REQUEST GET https://cloudfunctions.googleapis.com/v1/operations/c2F2b3VyLWRlYWxzL3VzLWNlbnRyYWwxL2luY3JlbWVudFN0cmlwZS8zTExwSjVIcDVrRQ  
 
[debug] [2018-11-22T19:50:34.719Z] >>> HTTP REQUEST GET https://cloudfunctions.googleapis.com/v1/operations/c2F2b3VyLWRlYWxzL3VzLWNlbnRyYWwxL2NyZWF0ZVN0cmlwZS80SkstMGFiOGdTbw  
 
[debug] [2018-11-22T19:50:34.738Z] >>> HTTP REQUEST GET https://cloudfunctions.googleapis.com/v1/operations/c2F2b3VyLWRlYWxzL3VzLWNlbnRyYWwxL2dldEN1c3RvbWVyU3RyaXBlL29mOGNPV2J3UnJj  
 
[debug] [2018-11-22T19:50:34.748Z] >>> HTTP REQUEST GET https://cloudfunctions.googleapis.com/v1/operations/c2F2b3VyLWRlYWxzL3VzLWNlbnRyYWwxL2F0dGFjaENhcmRTdHJpcGUvZElORFc3TkxSUEU  
 
[debug] [2018-11-22T19:50:34.780Z] <<< HTTP RESPONSE 200
[debug] [2018-11-22T19:50:34.785Z] <<< HTTP RESPONSE 200
[debug] [2018-11-22T19:50:34.786Z] <<< HTTP RESPONSE 200
[debug] [2018-11-22T19:50:34.792Z] >>> HTTP REQUEST GET https://cloudfunctions.googleapis.com/v1/operations/c2F2b3VyLWRlYWxzL3VzLWNlbnRyYWwxL3VwZGF0ZVN0cmlwZVN1YnNjcmlwdGlvbi9hVU1HYjR1dk12cw  
 
[debug] [2018-11-22T19:50:34.793Z] >>> HTTP REQUEST GET https://cloudfunctions.googleapis.com/v1/operations/c2F2b3VyLWRlYWxzL3VzLWNlbnRyYWwxL2NoYW5nZVN0cmlwZVNvdXJjZS95bWR1bDJPcjNkTQ  
 
[debug] [2018-11-22T19:50:34.802Z] <<< HTTP RESPONSE 200
[info] ✔  functions[loyaltyRedeemed(us-central1)]: Successful update operation. 
[debug] [2018-11-22T19:50:34.804Z] >>> HTTP REQUEST GET https://cloudfunctions.googleapis.com/v1/operations/c2F2b3VyLWRlYWxzL3VzLWNlbnRyYWwxL2dldEludm9pY2VTdHJpcGUvTFU0OW51a05iV1U  
 
[debug] [2018-11-22T19:50:34.857Z] <<< HTTP RESPONSE 200
[info] ✔  functions[incrementUserCount(us-central1)]: Successful update operation. 
[debug] [2018-11-22T19:50:34.892Z] <<< HTTP RESPONSE 200
[debug] [2018-11-22T19:50:34.925Z] <<< HTTP RESPONSE 200
[info] ✔  functions[updateVendor(us-central1)]: Successful update operation. 
[debug] [2018-11-22T19:50:34.942Z] <<< HTTP RESPONSE 200
[debug] [2018-11-22T19:50:34.945Z] <<< HTTP RESPONSE 200
[debug] [2018-11-22T19:50:34.983Z] <<< HTTP RESPONSE 200
[debug] [2018-11-22T19:50:34.987Z] <<< HTTP RESPONSE 200
[debug] [2018-11-22T19:50:34.993Z] <<< HTTP RESPONSE 200
[debug] [2018-11-22T19:50:35.010Z] <<< HTTP RESPONSE 200
[debug] [2018-11-22T19:50:35.045Z] <<< HTTP RESPONSE 200
[debug] [2018-11-22T19:50:35.066Z] <<< HTTP RESPONSE 200
[debug] [2018-11-22T19:50:39.784Z] >>> HTTP REQUEST GET https://cloudfunctions.googleapis.com/v1/operations/c2F2b3VyLWRlYWxzL3VzLWNlbnRyYWwxL2luY3JlbWVudFZlbmRvckNvdW50LzI0UVdldlJJR2h3  
 
[debug] [2018-11-22T19:50:39.785Z] >>> HTTP REQUEST GET https://cloudfunctions.googleapis.com/v1/operations/c2F2b3VyLWRlYWxzL3VzLWNlbnRyYWwxL3NpZ251cC81SzloTnpldDdNVQ  
 
[debug] [2018-11-22T19:50:39.786Z] >>> HTTP REQUEST GET https://cloudfunctions.googleapis.com/v1/operations/c2F2b3VyLWRlYWxzL3VzLWNlbnRyYWwxL2RlY3JlbWVudFZlbmRvckFjY291bnQvVlNuem83ckd6NVE  
 
[debug] [2018-11-22T19:50:39.892Z] >>> HTTP REQUEST GET https://cloudfunctions.googleapis.com/v1/operations/c2F2b3VyLWRlYWxzL3VzLWNlbnRyYWwxL2RlbGV0ZUFjY291bnQvWFJrdGdqMjJGOW8  
 
[debug] [2018-11-22T19:50:39.945Z] >>> HTTP REQUEST GET https://cloudfunctions.googleapis.com/v1/operations/c2F2b3VyLWRlYWxzL3VzLWNlbnRyYWwxL2luY3JlbWVudFN0cmlwZS8zTExwSjVIcDVrRQ  
 
[debug] [2018-11-22T19:50:39.945Z] >>> HTTP REQUEST GET https://cloudfunctions.googleapis.com/v1/operations/c2F2b3VyLWRlYWxzL3VzLWNlbnRyYWwxL2hhbmRsZVN0cmlwZUV2ZW50L25OYlp3TTNqSm1F  
 
[debug] [2018-11-22T19:50:39.984Z] >>> HTTP REQUEST GET https://cloudfunctions.googleapis.com/v1/operations/c2F2b3VyLWRlYWxzL3VzLWNlbnRyYWwxL2NyZWF0ZVN0cmlwZS80SkstMGFiOGdTbw  
 
[debug] [2018-11-22T19:50:39.987Z] >>> HTTP REQUEST GET https://cloudfunctions.googleapis.com/v1/operations/c2F2b3VyLWRlYWxzL3VzLWNlbnRyYWwxL3VwZGF0ZVN0cmlwZVN1YnNjcmlwdGlvbi9hVU1HYjR1dk12cw  
 
[debug] [2018-11-22T19:50:39.994Z] >>> HTTP REQUEST GET https://cloudfunctions.googleapis.com/v1/operations/c2F2b3VyLWRlYWxzL3VzLWNlbnRyYWwxL2dldEN1c3RvbWVyU3RyaXBlL29mOGNPV2J3UnJj  
 
[debug] [2018-11-22T19:50:40.003Z] <<< HTTP RESPONSE 200
[info] ✔  functions[signup(us-central1)]: Successful update operation. 
[debug] [2018-11-22T19:50:40.012Z] >>> HTTP REQUEST GET https://cloudfunctions.googleapis.com/v1/operations/c2F2b3VyLWRlYWxzL3VzLWNlbnRyYWwxL2F0dGFjaENhcmRTdHJpcGUvZElORFc3TkxSUEU  
 
[debug] [2018-11-22T19:50:40.040Z] <<< HTTP RESPONSE 200
[debug] [2018-11-22T19:50:40.046Z] >>> HTTP REQUEST GET https://cloudfunctions.googleapis.com/v1/operations/c2F2b3VyLWRlYWxzL3VzLWNlbnRyYWwxL2NoYW5nZVN0cmlwZVNvdXJjZS95bWR1bDJPcjNkTQ  
 
[debug] [2018-11-22T19:50:40.055Z] <<< HTTP RESPONSE 200
[info] ✔  functions[incrementVendorCount(us-central1)]: Successful update operation. 
[debug] [2018-11-22T19:50:40.067Z] >>> HTTP REQUEST GET https://cloudfunctions.googleapis.com/v1/operations/c2F2b3VyLWRlYWxzL3VzLWNlbnRyYWwxL2dldEludm9pY2VTdHJpcGUvTFU0OW51a05iV1U  
 
[debug] [2018-11-22T19:50:40.161Z] <<< HTTP RESPONSE 200
[debug] [2018-11-22T19:50:40.182Z] <<< HTTP RESPONSE 200
[debug] [2018-11-22T19:50:40.192Z] <<< HTTP RESPONSE 200
[debug] [2018-11-22T19:50:40.218Z] <<< HTTP RESPONSE 200
[info] ✔  functions[handleStripeEvent(us-central1)]: Successful update operation. 
[debug] [2018-11-22T19:50:40.233Z] <<< HTTP RESPONSE 200
[info] ✔  functions[incrementStripe(us-central1)]: Successful update operation. 
[debug] [2018-11-22T19:50:40.263Z] <<< HTTP RESPONSE 200
[info] ✔  functions[getCustomerStripe(us-central1)]: Successful update operation. 
[debug] [2018-11-22T19:50:40.293Z] <<< HTTP RESPONSE 200
[info] ✔  functions[attachCardStripe(us-central1)]: Successful update operation. 
[debug] [2018-11-22T19:50:40.321Z] <<< HTTP RESPONSE 200
[debug] [2018-11-22T19:50:40.324Z] <<< HTTP RESPONSE 200
[debug] [2018-11-22T19:50:45.042Z] >>> HTTP REQUEST GET https://cloudfunctions.googleapis.com/v1/operations/c2F2b3VyLWRlYWxzL3VzLWNlbnRyYWwxL2RlY3JlbWVudFZlbmRvckFjY291bnQvVlNuem83ckd6NVE  
 
[debug] [2018-11-22T19:50:45.162Z] >>> HTTP REQUEST GET https://cloudfunctions.googleapis.com/v1/operations/c2F2b3VyLWRlYWxzL3VzLWNlbnRyYWwxL2RlbGV0ZUFjY291bnQvWFJrdGdqMjJGOW8  
 
[debug] [2018-11-22T19:50:45.182Z] >>> HTTP REQUEST GET https://cloudfunctions.googleapis.com/v1/operations/c2F2b3VyLWRlYWxzL3VzLWNlbnRyYWwxL2NyZWF0ZVN0cmlwZS80SkstMGFiOGdTbw  
 
[debug] [2018-11-22T19:50:45.194Z] >>> HTTP REQUEST GET https://cloudfunctions.googleapis.com/v1/operations/c2F2b3VyLWRlYWxzL3VzLWNlbnRyYWwxL3VwZGF0ZVN0cmlwZVN1YnNjcmlwdGlvbi9hVU1HYjR1dk12cw  
 
[debug] [2018-11-22T19:50:45.243Z] <<< HTTP RESPONSE 200
[debug] [2018-11-22T19:50:45.325Z] >>> HTTP REQUEST GET https://cloudfunctions.googleapis.com/v1/operations/c2F2b3VyLWRlYWxzL3VzLWNlbnRyYWwxL2dldEludm9pY2VTdHJpcGUvTFU0OW51a05iV1U  
 
[debug] [2018-11-22T19:50:45.325Z] >>> HTTP REQUEST GET https://cloudfunctions.googleapis.com/v1/operations/c2F2b3VyLWRlYWxzL3VzLWNlbnRyYWwxL2NoYW5nZVN0cmlwZVNvdXJjZS95bWR1bDJPcjNkTQ  
 
[debug] [2018-11-22T19:50:45.424Z] <<< HTTP RESPONSE 200
[info] ✔  functions[deleteAccount(us-central1)]: Successful update operation. 
[debug] [2018-11-22T19:50:45.454Z] <<< HTTP RESPONSE 200
[debug] [2018-11-22T19:50:45.461Z] <<< HTTP RESPONSE 200
[info] ✔  functions[createStripe(us-central1)]: Successful update operation. 
[debug] [2018-11-22T19:50:45.581Z] <<< HTTP RESPONSE 200
[debug] [2018-11-22T19:50:45.588Z] <<< HTTP RESPONSE 200
[info] ✔  functions[changeStripeSource(us-central1)]: Successful update operation. 
[debug] [2018-11-22T19:50:50.245Z] >>> HTTP REQUEST GET https://cloudfunctions.googleapis.com/v1/operations/c2F2b3VyLWRlYWxzL3VzLWNlbnRyYWwxL2RlY3JlbWVudFZlbmRvckFjY291bnQvVlNuem83ckd6NVE  
 
[debug] [2018-11-22T19:50:50.455Z] >>> HTTP REQUEST GET https://cloudfunctions.googleapis.com/v1/operations/c2F2b3VyLWRlYWxzL3VzLWNlbnRyYWwxL3VwZGF0ZVN0cmlwZVN1YnNjcmlwdGlvbi9hVU1HYjR1dk12cw  
 
[debug] [2018-11-22T19:50:50.495Z] <<< HTTP RESPONSE 200
[debug] [2018-11-22T19:50:50.583Z] >>> HTTP REQUEST GET https://cloudfunctions.googleapis.com/v1/operations/c2F2b3VyLWRlYWxzL3VzLWNlbnRyYWwxL2dldEludm9pY2VTdHJpcGUvTFU0OW51a05iV1U  
 
[debug] [2018-11-22T19:50:50.711Z] <<< HTTP RESPONSE 200
[debug] [2018-11-22T19:50:50.847Z] <<< HTTP RESPONSE 200
[info] ✔  functions[getInvoiceStripe(us-central1)]: Successful update operation. 
[debug] [2018-11-22T19:50:55.497Z] >>> HTTP REQUEST GET https://cloudfunctions.googleapis.com/v1/operations/c2F2b3VyLWRlYWxzL3VzLWNlbnRyYWwxL2RlY3JlbWVudFZlbmRvckFjY291bnQvVlNuem83ckd6NVE  
 
[debug] [2018-11-22T19:50:55.717Z] >>> HTTP REQUEST GET https://cloudfunctions.googleapis.com/v1/operations/c2F2b3VyLWRlYWxzL3VzLWNlbnRyYWwxL3VwZGF0ZVN0cmlwZVN1YnNjcmlwdGlvbi9hVU1HYjR1dk12cw  
 
[debug] [2018-11-22T19:50:55.748Z] <<< HTTP RESPONSE 200
[debug] [2018-11-22T19:50:55.972Z] <<< HTTP RESPONSE 200
[debug] [2018-11-22T19:51:00.750Z] >>> HTTP REQUEST GET https://cloudfunctions.googleapis.com/v1/operations/c2F2b3VyLWRlYWxzL3VzLWNlbnRyYWwxL2RlY3JlbWVudFZlbmRvckFjY291bnQvVlNuem83ckd6NVE  
 
[debug] [2018-11-22T19:51:00.974Z] >>> HTTP REQUEST GET https://cloudfunctions.googleapis.com/v1/operations/c2F2b3VyLWRlYWxzL3VzLWNlbnRyYWwxL3VwZGF0ZVN0cmlwZVN1YnNjcmlwdGlvbi9hVU1HYjR1dk12cw  
 
[debug] [2018-11-22T19:51:01.004Z] <<< HTTP RESPONSE 200
[debug] [2018-11-22T19:51:01.238Z] <<< HTTP RESPONSE 200
[debug] [2018-11-22T19:51:06.005Z] >>> HTTP REQUEST GET https://cloudfunctions.googleapis.com/v1/operations/c2F2b3VyLWRlYWxzL3VzLWNlbnRyYWwxL2RlY3JlbWVudFZlbmRvckFjY291bnQvVlNuem83ckd6NVE  
 
[debug] [2018-11-22T19:51:06.240Z] >>> HTTP REQUEST GET https://cloudfunctions.googleapis.com/v1/operations/c2F2b3VyLWRlYWxzL3VzLWNlbnRyYWwxL3VwZGF0ZVN0cmlwZVN1YnNjcmlwdGlvbi9hVU1HYjR1dk12cw  
 
[debug] [2018-11-22T19:51:06.253Z] <<< HTTP RESPONSE 200
[debug] [2018-11-22T19:51:06.501Z] <<< HTTP RESPONSE 200
[debug] [2018-11-22T19:51:11.254Z] >>> HTTP REQUEST GET https://cloudfunctions.googleapis.com/v1/operations/c2F2b3VyLWRlYWxzL3VzLWNlbnRyYWwxL2RlY3JlbWVudFZlbmRvckFjY291bnQvVlNuem83ckd6NVE  
 
[debug] [2018-11-22T19:51:11.501Z] >>> HTTP REQUEST GET https://cloudfunctions.googleapis.com/v1/operations/c2F2b3VyLWRlYWxzL3VzLWNlbnRyYWwxL3VwZGF0ZVN0cmlwZVN1YnNjcmlwdGlvbi9hVU1HYjR1dk12cw  
 
[debug] [2018-11-22T19:51:11.532Z] <<< HTTP RESPONSE 200
[debug] [2018-11-22T19:51:11.750Z] <<< HTTP RESPONSE 200
[debug] [2018-11-22T19:51:16.536Z] >>> HTTP REQUEST GET https://cloudfunctions.googleapis.com/v1/operations/c2F2b3VyLWRlYWxzL3VzLWNlbnRyYWwxL2RlY3JlbWVudFZlbmRvckFjY291bnQvVlNuem83ckd6NVE  
 
[debug] [2018-11-22T19:51:16.753Z] >>> HTTP REQUEST GET https://cloudfunctions.googleapis.com/v1/operations/c2F2b3VyLWRlYWxzL3VzLWNlbnRyYWwxL3VwZGF0ZVN0cmlwZVN1YnNjcmlwdGlvbi9hVU1HYjR1dk12cw  
 
[debug] [2018-11-22T19:51:16.817Z] <<< HTTP RESPONSE 200
[debug] [2018-11-22T19:51:16.999Z] <<< HTTP RESPONSE 200
[debug] [2018-11-22T19:51:21.818Z] >>> HTTP REQUEST GET https://cloudfunctions.googleapis.com/v1/operations/c2F2b3VyLWRlYWxzL3VzLWNlbnRyYWwxL2RlY3JlbWVudFZlbmRvckFjY291bnQvVlNuem83ckd6NVE  
 
[debug] [2018-11-22T19:51:21.999Z] >>> HTTP REQUEST GET https://cloudfunctions.googleapis.com/v1/operations/c2F2b3VyLWRlYWxzL3VzLWNlbnRyYWwxL3VwZGF0ZVN0cmlwZVN1YnNjcmlwdGlvbi9hVU1HYjR1dk12cw  
 
[debug] [2018-11-22T19:51:22.082Z] <<< HTTP RESPONSE 200
[debug] [2018-11-22T19:51:22.258Z] <<< HTTP RESPONSE 200
[debug] [2018-11-22T19:51:27.088Z] >>> HTTP REQUEST GET https://cloudfunctions.googleapis.com/v1/operations/c2F2b3VyLWRlYWxzL3VzLWNlbnRyYWwxL2RlY3JlbWVudFZlbmRvckFjY291bnQvVlNuem83ckd6NVE  
 
[debug] [2018-11-22T19:51:27.262Z] >>> HTTP REQUEST GET https://cloudfunctions.googleapis.com/v1/operations/c2F2b3VyLWRlYWxzL3VzLWNlbnRyYWwxL3VwZGF0ZVN0cmlwZVN1YnNjcmlwdGlvbi9hVU1HYjR1dk12cw  
 
[debug] [2018-11-22T19:51:27.341Z] <<< HTTP RESPONSE 200
[debug] [2018-11-22T19:51:27.520Z] <<< HTTP RESPONSE 200
[debug] [2018-11-22T19:51:32.343Z] >>> HTTP REQUEST GET https://cloudfunctions.googleapis.com/v1/operations/c2F2b3VyLWRlYWxzL3VzLWNlbnRyYWwxL2RlY3JlbWVudFZlbmRvckFjY291bnQvVlNuem83ckd6NVE  
 
[debug] [2018-11-22T19:51:32.525Z] >>> HTTP REQUEST GET https://cloudfunctions.googleapis.com/v1/operations/c2F2b3VyLWRlYWxzL3VzLWNlbnRyYWwxL3VwZGF0ZVN0cmlwZVN1YnNjcmlwdGlvbi9hVU1HYjR1dk12cw  
 
[debug] [2018-11-22T19:51:32.618Z] <<< HTTP RESPONSE 200
[debug] [2018-11-22T19:51:32.798Z] <<< HTTP RESPONSE 200
[debug] [2018-11-22T19:51:37.618Z] >>> HTTP REQUEST GET https://cloudfunctions.googleapis.com/v1/operations/c2F2b3VyLWRlYWxzL3VzLWNlbnRyYWwxL2RlY3JlbWVudFZlbmRvckFjY291bnQvVlNuem83ckd6NVE  
 
[debug] [2018-11-22T19:51:37.805Z] >>> HTTP REQUEST GET https://cloudfunctions.googleapis.com/v1/operations/c2F2b3VyLWRlYWxzL3VzLWNlbnRyYWwxL3VwZGF0ZVN0cmlwZVN1YnNjcmlwdGlvbi9hVU1HYjR1dk12cw  
 
[debug] [2018-11-22T19:51:37.898Z] <<< HTTP RESPONSE 200
[debug] [2018-11-22T19:51:38.057Z] <<< HTTP RESPONSE 200
[debug] [2018-11-22T19:51:42.903Z] >>> HTTP REQUEST GET https://cloudfunctions.googleapis.com/v1/operations/c2F2b3VyLWRlYWxzL3VzLWNlbnRyYWwxL2RlY3JlbWVudFZlbmRvckFjY291bnQvVlNuem83ckd6NVE  
 
[debug] [2018-11-22T19:51:43.059Z] >>> HTTP REQUEST GET https://cloudfunctions.googleapis.com/v1/operations/c2F2b3VyLWRlYWxzL3VzLWNlbnRyYWwxL3VwZGF0ZVN0cmlwZVN1YnNjcmlwdGlvbi9hVU1HYjR1dk12cw  
 
[debug] [2018-11-22T19:51:43.173Z] <<< HTTP RESPONSE 200
[debug] [2018-11-22T19:51:43.320Z] <<< HTTP RESPONSE 200
[debug] [2018-11-22T19:51:48.174Z] >>> HTTP REQUEST GET https://cloudfunctions.googleapis.com/v1/operations/c2F2b3VyLWRlYWxzL3VzLWNlbnRyYWwxL2RlY3JlbWVudFZlbmRvckFjY291bnQvVlNuem83ckd6NVE  
 
[debug] [2018-11-22T19:51:48.322Z] >>> HTTP REQUEST GET https://cloudfunctions.googleapis.com/v1/operations/c2F2b3VyLWRlYWxzL3VzLWNlbnRyYWwxL3VwZGF0ZVN0cmlwZVN1YnNjcmlwdGlvbi9hVU1HYjR1dk12cw  
 
[debug] [2018-11-22T19:51:48.437Z] <<< HTTP RESPONSE 200
[debug] [2018-11-22T19:51:48.573Z] <<< HTTP RESPONSE 200
[debug] [2018-11-22T19:51:53.438Z] >>> HTTP REQUEST GET https://cloudfunctions.googleapis.com/v1/operations/c2F2b3VyLWRlYWxzL3VzLWNlbnRyYWwxL2RlY3JlbWVudFZlbmRvckFjY291bnQvVlNuem83ckd6NVE  
 
[debug] [2018-11-22T19:51:53.574Z] >>> HTTP REQUEST GET https://cloudfunctions.googleapis.com/v1/operations/c2F2b3VyLWRlYWxzL3VzLWNlbnRyYWwxL3VwZGF0ZVN0cmlwZVN1YnNjcmlwdGlvbi9hVU1HYjR1dk12cw  
 
[debug] [2018-11-22T19:51:53.693Z] <<< HTTP RESPONSE 200
[debug] [2018-11-22T19:51:53.836Z] <<< HTTP RESPONSE 200
[debug] [2018-11-22T19:51:58.698Z] >>> HTTP REQUEST GET https://cloudfunctions.googleapis.com/v1/operations/c2F2b3VyLWRlYWxzL3VzLWNlbnRyYWwxL2RlY3JlbWVudFZlbmRvckFjY291bnQvVlNuem83ckd6NVE  
 
[debug] [2018-11-22T19:51:58.836Z] >>> HTTP REQUEST GET https://cloudfunctions.googleapis.com/v1/operations/c2F2b3VyLWRlYWxzL3VzLWNlbnRyYWwxL3VwZGF0ZVN0cmlwZVN1YnNjcmlwdGlvbi9hVU1HYjR1dk12cw  
 
[debug] [2018-11-22T19:51:58.941Z] <<< HTTP RESPONSE 200
[debug] [2018-11-22T19:51:59.094Z] <<< HTTP RESPONSE 200
[debug] [2018-11-22T19:52:03.942Z] >>> HTTP REQUEST GET https://cloudfunctions.googleapis.com/v1/operations/c2F2b3VyLWRlYWxzL3VzLWNlbnRyYWwxL2RlY3JlbWVudFZlbmRvckFjY291bnQvVlNuem83ckd6NVE  
 
[debug] [2018-11-22T19:52:04.098Z] >>> HTTP REQUEST GET https://cloudfunctions.googleapis.com/v1/operations/c2F2b3VyLWRlYWxzL3VzLWNlbnRyYWwxL3VwZGF0ZVN0cmlwZVN1YnNjcmlwdGlvbi9hVU1HYjR1dk12cw  
 
[debug] [2018-11-22T19:52:04.210Z] <<< HTTP RESPONSE 200
[debug] [2018-11-22T19:52:04.357Z] <<< HTTP RESPONSE 200
[debug] [2018-11-22T19:52:09.215Z] >>> HTTP REQUEST GET https://cloudfunctions.googleapis.com/v1/operations/c2F2b3VyLWRlYWxzL3VzLWNlbnRyYWwxL2RlY3JlbWVudFZlbmRvckFjY291bnQvVlNuem83ckd6NVE  
 
[debug] [2018-11-22T19:52:09.360Z] >>> HTTP REQUEST GET https://cloudfunctions.googleapis.com/v1/operations/c2F2b3VyLWRlYWxzL3VzLWNlbnRyYWwxL3VwZGF0ZVN0cmlwZVN1YnNjcmlwdGlvbi9hVU1HYjR1dk12cw  
 
[debug] [2018-11-22T19:52:09.472Z] <<< HTTP RESPONSE 200
[debug] [2018-11-22T19:52:09.609Z] <<< HTTP RESPONSE 200
[debug] [2018-11-22T19:52:14.475Z] >>> HTTP REQUEST GET https://cloudfunctions.googleapis.com/v1/operations/c2F2b3VyLWRlYWxzL3VzLWNlbnRyYWwxL2RlY3JlbWVudFZlbmRvckFjY291bnQvVlNuem83ckd6NVE  
 
[debug] [2018-11-22T19:52:14.613Z] >>> HTTP REQUEST GET https://cloudfunctions.googleapis.com/v1/operations/c2F2b3VyLWRlYWxzL3VzLWNlbnRyYWwxL3VwZGF0ZVN0cmlwZVN1YnNjcmlwdGlvbi9hVU1HYjR1dk12cw  
 
[debug] [2018-11-22T19:52:14.723Z] <<< HTTP RESPONSE 200
[debug] [2018-11-22T19:52:14.865Z] <<< HTTP RESPONSE 200
[debug] [2018-11-22T19:52:19.727Z] >>> HTTP REQUEST GET https://cloudfunctions.googleapis.com/v1/operations/c2F2b3VyLWRlYWxzL3VzLWNlbnRyYWwxL2RlY3JlbWVudFZlbmRvckFjY291bnQvVlNuem83ckd6NVE  
 
[debug] [2018-11-22T19:52:19.868Z] >>> HTTP REQUEST GET https://cloudfunctions.googleapis.com/v1/operations/c2F2b3VyLWRlYWxzL3VzLWNlbnRyYWwxL3VwZGF0ZVN0cmlwZVN1YnNjcmlwdGlvbi9hVU1HYjR1dk12cw  
 
[debug] [2018-11-22T19:52:19.987Z] <<< HTTP RESPONSE 200
[debug] [2018-11-22T19:52:20.126Z] <<< HTTP RESPONSE 200
[debug] [2018-11-22T19:52:24.989Z] >>> HTTP REQUEST GET https://cloudfunctions.googleapis.com/v1/operations/c2F2b3VyLWRlYWxzL3VzLWNlbnRyYWwxL2RlY3JlbWVudFZlbmRvckFjY291bnQvVlNuem83ckd6NVE  
 
[debug] [2018-11-22T19:52:25.127Z] >>> HTTP REQUEST GET https://cloudfunctions.googleapis.com/v1/operations/c2F2b3VyLWRlYWxzL3VzLWNlbnRyYWwxL3VwZGF0ZVN0cmlwZVN1YnNjcmlwdGlvbi9hVU1HYjR1dk12cw  
 
[debug] [2018-11-22T19:52:25.246Z] <<< HTTP RESPONSE 200
[debug] [2018-11-22T19:52:25.339Z] <<< HTTP RESPONSE 200
[debug] [2018-11-22T19:52:30.248Z] >>> HTTP REQUEST GET https://cloudfunctions.googleapis.com/v1/operations/c2F2b3VyLWRlYWxzL3VzLWNlbnRyYWwxL2RlY3JlbWVudFZlbmRvckFjY291bnQvVlNuem83ckd6NVE  
 
[debug] [2018-11-22T19:52:30.340Z] >>> HTTP REQUEST GET https://cloudfunctions.googleapis.com/v1/operations/c2F2b3VyLWRlYWxzL3VzLWNlbnRyYWwxL3VwZGF0ZVN0cmlwZVN1YnNjcmlwdGlvbi9hVU1HYjR1dk12cw  
 
[debug] [2018-11-22T19:52:30.496Z] <<< HTTP RESPONSE 200
[debug] [2018-11-22T19:52:30.592Z] <<< HTTP RESPONSE 200
[debug] [2018-11-22T19:52:35.500Z] >>> HTTP REQUEST GET https://cloudfunctions.googleapis.com/v1/operations/c2F2b3VyLWRlYWxzL3VzLWNlbnRyYWwxL2RlY3JlbWVudFZlbmRvckFjY291bnQvVlNuem83ckd6NVE  
 
[debug] [2018-11-22T19:52:35.597Z] >>> HTTP REQUEST GET https://cloudfunctions.googleapis.com/v1/operations/c2F2b3VyLWRlYWxzL3VzLWNlbnRyYWwxL3VwZGF0ZVN0cmlwZVN1YnNjcmlwdGlvbi9hVU1HYjR1dk12cw  
 
[debug] [2018-11-22T19:52:35.779Z] <<< HTTP RESPONSE 200
[debug] [2018-11-22T19:52:35.907Z] <<< HTTP RESPONSE 200
[debug] [2018-11-22T19:52:40.779Z] >>> HTTP REQUEST GET https://cloudfunctions.googleapis.com/v1/operations/c2F2b3VyLWRlYWxzL3VzLWNlbnRyYWwxL2RlY3JlbWVudFZlbmRvckFjY291bnQvVlNuem83ckd6NVE  
 
[debug] [2018-11-22T19:52:40.908Z] >>> HTTP REQUEST GET https://cloudfunctions.googleapis.com/v1/operations/c2F2b3VyLWRlYWxzL3VzLWNlbnRyYWwxL3VwZGF0ZVN0cmlwZVN1YnNjcmlwdGlvbi9hVU1HYjR1dk12cw  
 
[debug] [2018-11-22T19:52:41.030Z] <<< HTTP RESPONSE 200
[debug] [2018-11-22T19:52:41.160Z] <<< HTTP RESPONSE 200
[debug] [2018-11-22T19:52:46.035Z] >>> HTTP REQUEST GET https://cloudfunctions.googleapis.com/v1/operations/c2F2b3VyLWRlYWxzL3VzLWNlbnRyYWwxL2RlY3JlbWVudFZlbmRvckFjY291bnQvVlNuem83ckd6NVE  
 
[debug] [2018-11-22T19:52:46.162Z] >>> HTTP REQUEST GET https://cloudfunctions.googleapis.com/v1/operations/c2F2b3VyLWRlYWxzL3VzLWNlbnRyYWwxL3VwZGF0ZVN0cmlwZVN1YnNjcmlwdGlvbi9hVU1HYjR1dk12cw  
 
[debug] [2018-11-22T19:52:46.298Z] <<< HTTP RESPONSE 200
[debug] [2018-11-22T19:52:46.411Z] <<< HTTP RESPONSE 200
[debug] [2018-11-22T19:52:51.300Z] >>> HTTP REQUEST GET https://cloudfunctions.googleapis.com/v1/operations/c2F2b3VyLWRlYWxzL3VzLWNlbnRyYWwxL2RlY3JlbWVudFZlbmRvckFjY291bnQvVlNuem83ckd6NVE  
 
[debug] [2018-11-22T19:52:51.413Z] >>> HTTP REQUEST GET https://cloudfunctions.googleapis.com/v1/operations/c2F2b3VyLWRlYWxzL3VzLWNlbnRyYWwxL3VwZGF0ZVN0cmlwZVN1YnNjcmlwdGlvbi9hVU1HYjR1dk12cw  
 
[debug] [2018-11-22T19:52:51.497Z] <<< HTTP RESPONSE 200
[debug] [2018-11-22T19:52:51.667Z] <<< HTTP RESPONSE 200
[debug] [2018-11-22T19:52:56.501Z] >>> HTTP REQUEST GET https://cloudfunctions.googleapis.com/v1/operations/c2F2b3VyLWRlYWxzL3VzLWNlbnRyYWwxL2RlY3JlbWVudFZlbmRvckFjY291bnQvVlNuem83ckd6NVE  
 
[debug] [2018-11-22T19:52:56.668Z] >>> HTTP REQUEST GET https://cloudfunctions.googleapis.com/v1/operations/c2F2b3VyLWRlYWxzL3VzLWNlbnRyYWwxL3VwZGF0ZVN0cmlwZVN1YnNjcmlwdGlvbi9hVU1HYjR1dk12cw  
 
[debug] [2018-11-22T19:52:56.758Z] <<< HTTP RESPONSE 200
[debug] [2018-11-22T19:52:56.909Z] <<< HTTP RESPONSE 200
[debug] [2018-11-22T19:53:01.759Z] >>> HTTP REQUEST GET https://cloudfunctions.googleapis.com/v1/operations/c2F2b3VyLWRlYWxzL3VzLWNlbnRyYWwxL2RlY3JlbWVudFZlbmRvckFjY291bnQvVlNuem83ckd6NVE  
 
[debug] [2018-11-22T19:53:01.911Z] >>> HTTP REQUEST GET https://cloudfunctions.googleapis.com/v1/operations/c2F2b3VyLWRlYWxzL3VzLWNlbnRyYWwxL3VwZGF0ZVN0cmlwZVN1YnNjcmlwdGlvbi9hVU1HYjR1dk12cw  
 
[debug] [2018-11-22T19:53:02.041Z] <<< HTTP RESPONSE 200
[debug] [2018-11-22T19:53:02.162Z] <<< HTTP RESPONSE 200
[debug] [2018-11-22T19:53:07.045Z] >>> HTTP REQUEST GET https://cloudfunctions.googleapis.com/v1/operations/c2F2b3VyLWRlYWxzL3VzLWNlbnRyYWwxL2RlY3JlbWVudFZlbmRvckFjY291bnQvVlNuem83ckd6NVE  
 
[debug] [2018-11-22T19:53:07.162Z] >>> HTTP REQUEST GET https://cloudfunctions.googleapis.com/v1/operations/c2F2b3VyLWRlYWxzL3VzLWNlbnRyYWwxL3VwZGF0ZVN0cmlwZVN1YnNjcmlwdGlvbi9hVU1HYjR1dk12cw  
 
[debug] [2018-11-22T19:53:07.291Z] <<< HTTP RESPONSE 200
[debug] [2018-11-22T19:53:07.405Z] <<< HTTP RESPONSE 200
[debug] [2018-11-22T19:53:12.296Z] >>> HTTP REQUEST GET https://cloudfunctions.googleapis.com/v1/operations/c2F2b3VyLWRlYWxzL3VzLWNlbnRyYWwxL2RlY3JlbWVudFZlbmRvckFjY291bnQvVlNuem83ckd6NVE  
 
[debug] [2018-11-22T19:53:12.407Z] >>> HTTP REQUEST GET https://cloudfunctions.googleapis.com/v1/operations/c2F2b3VyLWRlYWxzL3VzLWNlbnRyYWwxL3VwZGF0ZVN0cmlwZVN1YnNjcmlwdGlvbi9hVU1HYjR1dk12cw  
 
[debug] [2018-11-22T19:53:12.549Z] <<< HTTP RESPONSE 200
[debug] [2018-11-22T19:53:12.654Z] <<< HTTP RESPONSE 200
[debug] [2018-11-22T19:53:17.551Z] >>> HTTP REQUEST GET https://cloudfunctions.googleapis.com/v1/operations/c2F2b3VyLWRlYWxzL3VzLWNlbnRyYWwxL2RlY3JlbWVudFZlbmRvckFjY291bnQvVlNuem83ckd6NVE  
 
[debug] [2018-11-22T19:53:17.654Z] >>> HTTP REQUEST GET https://cloudfunctions.googleapis.com/v1/operations/c2F2b3VyLWRlYWxzL3VzLWNlbnRyYWwxL3VwZGF0ZVN0cmlwZVN1YnNjcmlwdGlvbi9hVU1HYjR1dk12cw  
 
[debug] [2018-11-22T19:53:17.818Z] <<< HTTP RESPONSE 200
[debug] [2018-11-22T19:53:17.896Z] <<< HTTP RESPONSE 200
[debug] [2018-11-22T19:53:22.818Z] >>> HTTP REQUEST GET https://cloudfunctions.googleapis.com/v1/operations/c2F2b3VyLWRlYWxzL3VzLWNlbnRyYWwxL2RlY3JlbWVudFZlbmRvckFjY291bnQvVlNuem83ckd6NVE  
 
[debug] [2018-11-22T19:53:22.897Z] >>> HTTP REQUEST GET https://cloudfunctions.googleapis.com/v1/operations/c2F2b3VyLWRlYWxzL3VzLWNlbnRyYWwxL3VwZGF0ZVN0cmlwZVN1YnNjcmlwdGlvbi9hVU1HYjR1dk12cw  
 
[debug] [2018-11-22T19:53:23.093Z] <<< HTTP RESPONSE 200
[debug] [2018-11-22T19:53:23.153Z] <<< HTTP RESPONSE 200
[debug] [2018-11-22T19:53:28.094Z] >>> HTTP REQUEST GET https://cloudfunctions.googleapis.com/v1/operations/c2F2b3VyLWRlYWxzL3VzLWNlbnRyYWwxL2RlY3JlbWVudFZlbmRvckFjY291bnQvVlNuem83ckd6NVE  
 
[debug] [2018-11-22T19:53:28.156Z] >>> HTTP REQUEST GET https://cloudfunctions.googleapis.com/v1/operations/c2F2b3VyLWRlYWxzL3VzLWNlbnRyYWwxL3VwZGF0ZVN0cmlwZVN1YnNjcmlwdGlvbi9hVU1HYjR1dk12cw  
 
[debug] [2018-11-22T19:53:28.347Z] <<< HTTP RESPONSE 200
[debug] [2018-11-22T19:53:28.404Z] <<< HTTP RESPONSE 200
[debug] [2018-11-22T19:53:33.353Z] >>> HTTP REQUEST GET https://cloudfunctions.googleapis.com/v1/operations/c2F2b3VyLWRlYWxzL3VzLWNlbnRyYWwxL2RlY3JlbWVudFZlbmRvckFjY291bnQvVlNuem83ckd6NVE  
 
[debug] [2018-11-22T19:53:33.405Z] >>> HTTP REQUEST GET https://cloudfunctions.googleapis.com/v1/operations/c2F2b3VyLWRlYWxzL3VzLWNlbnRyYWwxL3VwZGF0ZVN0cmlwZVN1YnNjcmlwdGlvbi9hVU1HYjR1dk12cw  
 
[debug] [2018-11-22T19:53:33.610Z] <<< HTTP RESPONSE 200
[debug] [2018-11-22T19:53:33.667Z] <<< HTTP RESPONSE 200
[debug] [2018-11-22T19:53:38.613Z] >>> HTTP REQUEST GET https://cloudfunctions.googleapis.com/v1/operations/c2F2b3VyLWRlYWxzL3VzLWNlbnRyYWwxL2RlY3JlbWVudFZlbmRvckFjY291bnQvVlNuem83ckd6NVE  
 
[debug] [2018-11-22T19:53:38.669Z] >>> HTTP REQUEST GET https://cloudfunctions.googleapis.com/v1/operations/c2F2b3VyLWRlYWxzL3VzLWNlbnRyYWwxL3VwZGF0ZVN0cmlwZVN1YnNjcmlwdGlvbi9hVU1HYjR1dk12cw  
 
[debug] [2018-11-22T19:53:38.850Z] <<< HTTP RESPONSE 200
[debug] [2018-11-22T19:53:38.929Z] <<< HTTP RESPONSE 200
[debug] [2018-11-22T19:53:43.851Z] >>> HTTP REQUEST GET https://cloudfunctions.googleapis.com/v1/operations/c2F2b3VyLWRlYWxzL3VzLWNlbnRyYWwxL2RlY3JlbWVudFZlbmRvckFjY291bnQvVlNuem83ckd6NVE  
 
[debug] [2018-11-22T19:53:43.930Z] >>> HTTP REQUEST GET https://cloudfunctions.googleapis.com/v1/operations/c2F2b3VyLWRlYWxzL3VzLWNlbnRyYWwxL3VwZGF0ZVN0cmlwZVN1YnNjcmlwdGlvbi9hVU1HYjR1dk12cw  
 
[debug] [2018-11-22T19:53:44.105Z] <<< HTTP RESPONSE 200
[debug] [2018-11-22T19:53:44.170Z] <<< HTTP RESPONSE 200
[debug] [2018-11-22T19:53:49.108Z] >>> HTTP REQUEST GET https://cloudfunctions.googleapis.com/v1/operations/c2F2b3VyLWRlYWxzL3VzLWNlbnRyYWwxL2RlY3JlbWVudFZlbmRvckFjY291bnQvVlNuem83ckd6NVE  
 
[debug] [2018-11-22T19:53:49.174Z] >>> HTTP REQUEST GET https://cloudfunctions.googleapis.com/v1/operations/c2F2b3VyLWRlYWxzL3VzLWNlbnRyYWwxL3VwZGF0ZVN0cmlwZVN1YnNjcmlwdGlvbi9hVU1HYjR1dk12cw  
 
[debug] [2018-11-22T19:53:49.354Z] <<< HTTP RESPONSE 200
[debug] [2018-11-22T19:53:49.427Z] <<< HTTP RESPONSE 200
[debug] [2018-11-22T19:53:54.355Z] >>> HTTP REQUEST GET https://cloudfunctions.googleapis.com/v1/operations/c2F2b3VyLWRlYWxzL3VzLWNlbnRyYWwxL2RlY3JlbWVudFZlbmRvckFjY291bnQvVlNuem83ckd6NVE  
 
[debug] [2018-11-22T19:53:54.429Z] >>> HTTP REQUEST GET https://cloudfunctions.googleapis.com/v1/operations/c2F2b3VyLWRlYWxzL3VzLWNlbnRyYWwxL3VwZGF0ZVN0cmlwZVN1YnNjcmlwdGlvbi9hVU1HYjR1dk12cw  
 
[debug] [2018-11-22T19:53:54.868Z] <<< HTTP RESPONSE 200
[debug] [2018-11-22T19:53:54.869Z] <<< HTTP RESPONSE 200
[debug] [2018-11-22T19:53:59.874Z] >>> HTTP REQUEST GET https://cloudfunctions.googleapis.com/v1/operations/c2F2b3VyLWRlYWxzL3VzLWNlbnRyYWwxL2RlY3JlbWVudFZlbmRvckFjY291bnQvVlNuem83ckd6NVE  
 
[debug] [2018-11-22T19:53:59.874Z] >>> HTTP REQUEST GET https://cloudfunctions.googleapis.com/v1/operations/c2F2b3VyLWRlYWxzL3VzLWNlbnRyYWwxL3VwZGF0ZVN0cmlwZVN1YnNjcmlwdGlvbi9hVU1HYjR1dk12cw  
 
[debug] [2018-11-22T19:54:00.142Z] <<< HTTP RESPONSE 200
[debug] [2018-11-22T19:54:00.148Z] <<< HTTP RESPONSE 200
[debug] [2018-11-22T19:54:05.146Z] >>> HTTP REQUEST GET https://cloudfunctions.googleapis.com/v1/operations/c2F2b3VyLWRlYWxzL3VzLWNlbnRyYWwxL3VwZGF0ZVN0cmlwZVN1YnNjcmlwdGlvbi9hVU1HYjR1dk12cw  
 
[debug] [2018-11-22T19:54:05.149Z] >>> HTTP REQUEST GET https://cloudfunctions.googleapis.com/v1/operations/c2F2b3VyLWRlYWxzL3VzLWNlbnRyYWwxL2RlY3JlbWVudFZlbmRvckFjY291bnQvVlNuem83ckd6NVE  
 
[debug] [2018-11-22T19:54:05.389Z] <<< HTTP RESPONSE 200
[debug] [2018-11-22T19:54:05.416Z] <<< HTTP RESPONSE 200
[debug] [2018-11-22T19:54:10.391Z] >>> HTTP REQUEST GET https://cloudfunctions.googleapis.com/v1/operations/c2F2b3VyLWRlYWxzL3VzLWNlbnRyYWwxL3VwZGF0ZVN0cmlwZVN1YnNjcmlwdGlvbi9hVU1HYjR1dk12cw  
 
[debug] [2018-11-22T19:54:10.421Z] >>> HTTP REQUEST GET https://cloudfunctions.googleapis.com/v1/operations/c2F2b3VyLWRlYWxzL3VzLWNlbnRyYWwxL2RlY3JlbWVudFZlbmRvckFjY291bnQvVlNuem83ckd6NVE  
 
[debug] [2018-11-22T19:54:10.651Z] <<< HTTP RESPONSE 200
[debug] [2018-11-22T19:54:10.678Z] <<< HTTP RESPONSE 200
[debug] [2018-11-22T19:54:15.652Z] >>> HTTP REQUEST GET https://cloudfunctions.googleapis.com/v1/operations/c2F2b3VyLWRlYWxzL3VzLWNlbnRyYWwxL3VwZGF0ZVN0cmlwZVN1YnNjcmlwdGlvbi9hVU1HYjR1dk12cw  
 
[debug] [2018-11-22T19:54:15.679Z] >>> HTTP REQUEST GET https://cloudfunctions.googleapis.com/v1/operations/c2F2b3VyLWRlYWxzL3VzLWNlbnRyYWwxL2RlY3JlbWVudFZlbmRvckFjY291bnQvVlNuem83ckd6NVE  
 
[debug] [2018-11-22T19:54:15.844Z] <<< HTTP RESPONSE 200
[debug] [2018-11-22T19:54:15.936Z] <<< HTTP RESPONSE 200
[debug] [2018-11-22T19:54:20.846Z] >>> HTTP REQUEST GET https://cloudfunctions.googleapis.com/v1/operations/c2F2b3VyLWRlYWxzL3VzLWNlbnRyYWwxL3VwZGF0ZVN0cmlwZVN1YnNjcmlwdGlvbi9hVU1HYjR1dk12cw  
 
[debug] [2018-11-22T19:54:20.939Z] >>> HTTP REQUEST GET https://cloudfunctions.googleapis.com/v1/operations/c2F2b3VyLWRlYWxzL3VzLWNlbnRyYWwxL2RlY3JlbWVudFZlbmRvckFjY291bnQvVlNuem83ckd6NVE  
 
[debug] [2018-11-22T19:54:21.099Z] <<< HTTP RESPONSE 200
[debug] [2018-11-22T19:54:21.199Z] <<< HTTP RESPONSE 200
[debug] [2018-11-22T19:54:26.101Z] >>> HTTP REQUEST GET https://cloudfunctions.googleapis.com/v1/operations/c2F2b3VyLWRlYWxzL3VzLWNlbnRyYWwxL3VwZGF0ZVN0cmlwZVN1YnNjcmlwdGlvbi9hVU1HYjR1dk12cw  
 
[debug] [2018-11-22T19:54:26.200Z] >>> HTTP REQUEST GET https://cloudfunctions.googleapis.com/v1/operations/c2F2b3VyLWRlYWxzL3VzLWNlbnRyYWwxL2RlY3JlbWVudFZlbmRvckFjY291bnQvVlNuem83ckd6NVE  
 
[debug] [2018-11-22T19:54:26.350Z] <<< HTTP RESPONSE 200
[debug] [2018-11-22T19:54:26.393Z] <<< HTTP RESPONSE 200
